000 (127961.000.000) 05/20 13:54:20 Job submitted from host: <192.168.100.50:50435>
...
001 (127961.000.000) 05/20 13:54:35 Job executing on host: <192.168.100.59:51381>
...
006 (127961.000.000) 05/20 13:54:44 Image size of job updated: 2
	3  -  MemoryUsage of job (MB)
	2100  -  ResidentSetSize of job (KB)
...
006 (127961.000.000) 05/20 13:58:27 Image size of job updated: 5379168
	3  -  MemoryUsage of job (MB)
	2100  -  ResidentSetSize of job (KB)
...
005 (127961.000.000) 05/20 13:58:27 Job terminated.
	(1) Normal termination (return value 0)
		Usr 0 00:26:19, Sys 0 00:00:06  -  Run Remote Usage
		Usr 0 00:00:00, Sys 0 00:00:00  -  Run Local Usage
		Usr 0 00:26:19, Sys 0 00:00:06  -  Total Remote Usage
		Usr 0 00:00:00, Sys 0 00:00:00  -  Total Local Usage
	0  -  Run Bytes Sent By Job
	0  -  Run Bytes Received By Job
	0  -  Total Bytes Sent By Job
	0  -  Total Bytes Received By Job
	Partitionable Resources :    Usage  Request          
	   Cpus                 :                 1          
	   Disk (KB)            :        2        2          
	   Memory (MB)          :        3     1024          
...
000 (127962.000.000) 05/20 14:01:15 Job submitted from host: <192.168.100.50:50435>
...
001 (127962.000.000) 05/20 14:01:27 Job executing on host: <192.168.100.51:39141>
...
006 (127962.000.000) 05/20 14:01:35 Image size of job updated: 2
	3  -  MemoryUsage of job (MB)
	2100  -  ResidentSetSize of job (KB)
...
006 (127962.000.000) 05/20 14:04:43 Image size of job updated: 4869952
	3  -  MemoryUsage of job (MB)
	2100  -  ResidentSetSize of job (KB)
...
005 (127962.000.000) 05/20 14:04:43 Job terminated.
	(1) Normal termination (return value 0)
		Usr 0 00:19:46, Sys 0 00:00:08  -  Run Remote Usage
		Usr 0 00:00:00, Sys 0 00:00:00  -  Run Local Usage
		Usr 0 00:19:46, Sys 0 00:00:08  -  Total Remote Usage
		Usr 0 00:00:00, Sys 0 00:00:00  -  Total Local Usage
	0  -  Run Bytes Sent By Job
	0  -  Run Bytes Received By Job
	0  -  Total Bytes Sent By Job
	0  -  Total Bytes Received By Job
	Partitionable Resources :    Usage  Request          
	   Cpus                 :                 1          
	   Disk (KB)            :        2        2          
	   Memory (MB)          :        3     1024          
...
