000 (127963.000.000) 05/20 14:06:06 Job submitted from host: <192.168.100.50:50435>
...
001 (127963.000.000) 05/20 14:06:18 Job executing on host: <192.168.100.55:36799>
...
006 (127963.000.000) 05/20 14:06:26 Image size of job updated: 2
	3  -  MemoryUsage of job (MB)
	2104  -  ResidentSetSize of job (KB)
...
000 (127964.000.000) 05/20 14:07:24 Job submitted from host: <192.168.100.50:50435>
...
009 (127964.000.000) 05/20 14:07:30 Job was aborted by the user.
	via condor_rm (by user cgordon1)
...
006 (127963.000.000) 05/20 14:07:30 Image size of job updated: 4743356
	3  -  MemoryUsage of job (MB)
	2104  -  ResidentSetSize of job (KB)
...
004 (127963.000.000) 05/20 14:07:30 Job was evicted.
	(0) Job was not checkpointed.
		Usr 0 00:07:48, Sys 0 00:00:08  -  Run Remote Usage
		Usr 0 00:00:00, Sys 0 00:00:00  -  Run Local Usage
	0  -  Run Bytes Sent By Job
	0  -  Run Bytes Received By Job
	Partitionable Resources :    Usage  Request          
	   Cpus                 :                 1          
	   Disk (KB)            :        2        2          
	   Memory (MB)          :        3     1024          
...
009 (127963.000.000) 05/20 14:07:30 Job was aborted by the user.
	via condor_rm (by user cgordon1)
...
000 (127965.000.000) 05/20 14:07:31 Job submitted from host: <192.168.100.50:50435>
...
001 (127965.000.000) 05/20 14:07:37 Job executing on host: <192.168.100.59:51381>
...
006 (127965.000.000) 05/20 14:07:46 Image size of job updated: 2
	3  -  MemoryUsage of job (MB)
	2100  -  ResidentSetSize of job (KB)
...
006 (127965.000.000) 05/20 14:09:42 Image size of job updated: 4873856
	3  -  MemoryUsage of job (MB)
	2100  -  ResidentSetSize of job (KB)
...
005 (127965.000.000) 05/20 14:09:42 Job terminated.
	(1) Normal termination (return value 0)
		Usr 0 00:12:18, Sys 0 00:00:07  -  Run Remote Usage
		Usr 0 00:00:00, Sys 0 00:00:00  -  Run Local Usage
		Usr 0 00:12:18, Sys 0 00:00:07  -  Total Remote Usage
		Usr 0 00:00:00, Sys 0 00:00:00  -  Total Local Usage
	0  -  Run Bytes Sent By Job
	0  -  Run Bytes Received By Job
	0  -  Total Bytes Sent By Job
	0  -  Total Bytes Received By Job
	Partitionable Resources :    Usage  Request          
	   Cpus                 :                 1          
	   Disk (KB)            :        2        2          
	   Memory (MB)          :        3     1024          
...
