000 (124012.001.000) 05/30 15:24:51 Job submitted from host: <192.168.100.49:39849>
...
001 (124012.001.000) 05/30 15:25:01 Job executing on host: <192.168.100.59:51381>
...
006 (124012.001.000) 05/30 15:25:09 Image size of job updated: 3880408
	708  -  MemoryUsage of job (MB)
	724004  -  ResidentSetSize of job (KB)
...
006 (124012.001.000) 05/30 15:26:06 Image size of job updated: 11440768
	708  -  MemoryUsage of job (MB)
	724004  -  ResidentSetSize of job (KB)
...
005 (124012.001.000) 05/30 15:26:06 Job terminated.
	(1) Normal termination (return value 0)
		Usr 0 00:01:54, Sys 0 00:00:00  -  Run Remote Usage
		Usr 0 00:00:00, Sys 0 00:00:00  -  Run Local Usage
		Usr 0 00:01:54, Sys 0 00:00:00  -  Total Remote Usage
		Usr 0 00:00:00, Sys 0 00:00:00  -  Total Local Usage
	0  -  Run Bytes Sent By Job
	0  -  Run Bytes Received By Job
	0  -  Total Bytes Sent By Job
	0  -  Total Bytes Received By Job
	Partitionable Resources :    Usage  Request          
	   Cpus                 :                 1          
	   Disk (KB)            :        2        2          
	   Memory (MB)          :      708     8192          
...
000 (134012.000.000) 05/30 16:05:16 Job submitted from host: <192.168.100.50:50435>
...
009 (134012.000.000) 05/30 16:05:22 Job was aborted by the user.
	via condor_rm (by user cjaja)
...
000 (134013.000.000) 05/30 16:05:37 Job submitted from host: <192.168.100.50:50435>
...
001 (134013.000.000) 05/30 16:05:44 Job executing on host: <192.168.100.55:36799>
...
006 (134013.000.000) 05/30 16:05:52 Image size of job updated: 3996428
	890  -  MemoryUsage of job (MB)
	911040  -  ResidentSetSize of job (KB)
...
006 (134013.000.000) 05/30 16:10:52 Image size of job updated: 16043256
	12672  -  MemoryUsage of job (MB)
	12976008  -  ResidentSetSize of job (KB)
...
006 (134013.000.000) 05/30 16:14:01 Image size of job updated: 16154776
	12672  -  MemoryUsage of job (MB)
	12976008  -  ResidentSetSize of job (KB)
...
005 (134013.000.000) 05/30 16:14:01 Job terminated.
	(1) Normal termination (return value 0)
		Usr 0 00:31:06, Sys 0 00:00:23  -  Run Remote Usage
		Usr 0 00:00:00, Sys 0 00:00:00  -  Run Local Usage
		Usr 0 00:31:06, Sys 0 00:00:23  -  Total Remote Usage
		Usr 0 00:00:00, Sys 0 00:00:00  -  Total Local Usage
	0  -  Run Bytes Sent By Job
	0  -  Run Bytes Received By Job
	0  -  Total Bytes Sent By Job
	0  -  Total Bytes Received By Job
	Partitionable Resources :    Usage  Request          
	   Cpus                 :                 1          
	   Disk (KB)            :        2        2          
	   Memory (MB)          :    12672    15360          
...
