000 (124012.009.000) 05/30 15:24:51 Job submitted from host: <192.168.100.49:39849>
...
001 (124012.009.000) 05/30 15:25:02 Job executing on host: <192.168.100.51:39141>
...
006 (124012.009.000) 05/30 15:25:10 Image size of job updated: 4325116
	1212  -  MemoryUsage of job (MB)
	1240624  -  ResidentSetSize of job (KB)
...
006 (124012.009.000) 05/30 15:30:10 Image size of job updated: 15893112
	12524  -  MemoryUsage of job (MB)
	12824364  -  ResidentSetSize of job (KB)
...
006 (124012.009.000) 05/30 15:35:10 Image size of job updated: 16015408
	12645  -  MemoryUsage of job (MB)
	12947788  -  ResidentSetSize of job (KB)
...
006 (124012.009.000) 05/30 15:40:11 Image size of job updated: 16073596
	12702  -  MemoryUsage of job (MB)
	13006104  -  ResidentSetSize of job (KB)
...
006 (124012.009.000) 05/30 15:45:12 Image size of job updated: 16156240
	12783  -  MemoryUsage of job (MB)
	13088920  -  ResidentSetSize of job (KB)
...
006 (124012.009.000) 05/30 15:50:13 Image size of job updated: 16217696
	12843  -  MemoryUsage of job (MB)
	13150768  -  ResidentSetSize of job (KB)
...
006 (124012.009.000) 05/30 15:55:14 Image size of job updated: 16296080
	12919  -  MemoryUsage of job (MB)
	13228788  -  ResidentSetSize of job (KB)
...
006 (124012.009.000) 05/30 15:59:43 Image size of job updated: 16491892
	12919  -  MemoryUsage of job (MB)
	13228788  -  ResidentSetSize of job (KB)
...
005 (124012.009.000) 05/30 15:59:44 Job terminated.
	(1) Normal termination (return value 0)
		Usr 0 00:42:37, Sys 0 00:00:16  -  Run Remote Usage
		Usr 0 00:00:00, Sys 0 00:00:00  -  Run Local Usage
		Usr 0 00:42:37, Sys 0 00:00:16  -  Total Remote Usage
		Usr 0 00:00:00, Sys 0 00:00:00  -  Total Local Usage
	0  -  Run Bytes Sent By Job
	0  -  Run Bytes Received By Job
	0  -  Total Bytes Sent By Job
	0  -  Total Bytes Received By Job
	Partitionable Resources :    Usage  Request          
	   Cpus                 :                 1          
	   Disk (KB)            :        2        2          
	   Memory (MB)          :    12919     8192          
...
