000 (134070.000.000) 05/30 19:31:47 Job submitted from host: <192.168.100.50:50435>
...
001 (134070.000.000) 05/30 19:36:19 Job executing on host: <192.168.100.59:51381>
...
006 (134070.000.000) 05/30 19:36:28 Image size of job updated: 2
	3  -  MemoryUsage of job (MB)
	2100  -  ResidentSetSize of job (KB)
...
006 (134070.000.000) 05/30 19:41:29 Image size of job updated: 15947280
	12580  -  MemoryUsage of job (MB)
	12881680  -  ResidentSetSize of job (KB)
...
006 (134070.000.000) 05/30 19:41:48 Image size of job updated: 15955148
	12580  -  MemoryUsage of job (MB)
	12881680  -  ResidentSetSize of job (KB)
...
005 (134070.000.000) 05/30 19:41:48 Job terminated.
	(1) Normal termination (return value 0)
		Usr 0 00:32:57, Sys 0 00:00:08  -  Run Remote Usage
		Usr 0 00:00:00, Sys 0 00:00:00  -  Run Local Usage
		Usr 0 00:32:57, Sys 0 00:00:08  -  Total Remote Usage
		Usr 0 00:00:00, Sys 0 00:00:00  -  Total Local Usage
	0  -  Run Bytes Sent By Job
	0  -  Run Bytes Received By Job
	0  -  Total Bytes Sent By Job
	0  -  Total Bytes Received By Job
	Partitionable Resources :    Usage  Request          
	   Cpus                 :                 1          
	   Disk (KB)            :        2        2          
	   Memory (MB)          :    12580    16384          
...
000 (134072.000.000) 05/30 19:50:02 Job submitted from host: <192.168.100.50:50435>
...
001 (134072.000.000) 05/30 19:55:58 Job executing on host: <192.168.100.55:36799>
...
006 (134072.000.000) 05/30 19:56:06 Image size of job updated: 2
	3  -  MemoryUsage of job (MB)
	2096  -  ResidentSetSize of job (KB)
...
006 (134072.000.000) 05/30 19:59:16 Image size of job updated: 15904748
	1558  -  MemoryUsage of job (MB)
	1595024  -  ResidentSetSize of job (KB)
...
004 (134072.000.000) 05/30 19:59:16 Job was evicted.
	(0) Job was not checkpointed.
		Usr 0 00:17:18, Sys 0 00:00:16  -  Run Remote Usage
		Usr 0 00:00:00, Sys 0 00:00:00  -  Run Local Usage
	0  -  Run Bytes Sent By Job
	0  -  Run Bytes Received By Job
	Partitionable Resources :    Usage  Request          
	   Cpus                 :                 1          
	   Disk (KB)            :        2        2          
	   Memory (MB)          :     1558    16384          
...
009 (134072.000.000) 05/30 19:59:16 Job was aborted by the user.
	via condor_rm (by user amkahn)
...
000 (134074.000.000) 05/30 19:59:20 Job submitted from host: <192.168.100.50:50435>
...
000 (134077.000.000) 05/30 20:08:02 Job submitted from host: <192.168.100.50:50435>
...
001 (134077.000.000) 05/30 20:13:29 Job executing on host: <192.168.100.51:39141>
...
006 (134077.000.000) 05/30 20:13:38 Image size of job updated: 92876
	3  -  MemoryUsage of job (MB)
	2284  -  ResidentSetSize of job (KB)
...
006 (134077.000.000) 05/30 20:18:39 Image size of job updated: 15903412
	12536  -  MemoryUsage of job (MB)
	12836480  -  ResidentSetSize of job (KB)
...
006 (134077.000.000) 05/30 20:23:40 Image size of job updated: 15947872
	12581  -  MemoryUsage of job (MB)
	12882492  -  ResidentSetSize of job (KB)
...
006 (134077.000.000) 05/30 20:24:16 Image size of job updated: 15952504
	12581  -  MemoryUsage of job (MB)
	12882492  -  ResidentSetSize of job (KB)
...
005 (134077.000.000) 05/30 20:24:16 Job terminated.
	(1) Normal termination (return value 0)
		Usr 0 00:34:14, Sys 0 00:00:12  -  Run Remote Usage
		Usr 0 00:00:00, Sys 0 00:00:00  -  Run Local Usage
		Usr 0 00:34:14, Sys 0 00:00:12  -  Total Remote Usage
		Usr 0 00:00:00, Sys 0 00:00:00  -  Total Local Usage
	0  -  Run Bytes Sent By Job
	0  -  Run Bytes Received By Job
	0  -  Total Bytes Sent By Job
	0  -  Total Bytes Received By Job
	Partitionable Resources :    Usage  Request          
	   Cpus                 :                 1          
	   Disk (KB)            :        2        2          
	   Memory (MB)          :    12581    16384          
...
000 (134082.000.000) 05/30 21:07:35 Job submitted from host: <192.168.100.50:50435>
...
001 (134082.000.000) 05/30 21:07:51 Job executing on host: <192.168.100.59:51381>
...
006 (134082.000.000) 05/30 21:07:59 Image size of job updated: 2
	3  -  MemoryUsage of job (MB)
	2104  -  ResidentSetSize of job (KB)
...
006 (134082.000.000) 05/30 21:12:53 Image size of job updated: 16059156
	3  -  MemoryUsage of job (MB)
	2104  -  ResidentSetSize of job (KB)
...
005 (134082.000.000) 05/30 21:12:53 Job terminated.
	(1) Normal termination (return value 0)
		Usr 0 00:32:44, Sys 0 00:00:08  -  Run Remote Usage
		Usr 0 00:00:00, Sys 0 00:00:00  -  Run Local Usage
		Usr 0 00:32:44, Sys 0 00:00:08  -  Total Remote Usage
		Usr 0 00:00:00, Sys 0 00:00:00  -  Total Local Usage
	0  -  Run Bytes Sent By Job
	0  -  Run Bytes Received By Job
	0  -  Total Bytes Sent By Job
	0  -  Total Bytes Received By Job
	Partitionable Resources :    Usage  Request          
	   Cpus                 :                 1          
	   Disk (KB)            :        2        2          
	   Memory (MB)          :        3    16384          
...
000 (134084.000.000) 05/30 21:29:59 Job submitted from host: <192.168.100.50:50435>
...
001 (134084.000.000) 05/30 21:30:09 Job executing on host: <192.168.100.51:39141>
...
006 (134084.000.000) 05/30 21:30:18 Image size of job updated: 2
	3  -  MemoryUsage of job (MB)
	2100  -  ResidentSetSize of job (KB)
...
006 (134084.000.000) 05/30 21:35:19 Image size of job updated: 15982772
	12618  -  MemoryUsage of job (MB)
	12919844  -  ResidentSetSize of job (KB)
...
006 (134084.000.000) 05/30 21:35:41 Image size of job updated: 15985352
	12618  -  MemoryUsage of job (MB)
	12919844  -  ResidentSetSize of job (KB)
...
005 (134084.000.000) 05/30 21:35:41 Job terminated.
	(1) Normal termination (return value 0)
		Usr 0 00:34:20, Sys 0 00:00:13  -  Run Remote Usage
		Usr 0 00:00:00, Sys 0 00:00:00  -  Run Local Usage
		Usr 0 00:34:20, Sys 0 00:00:13  -  Total Remote Usage
		Usr 0 00:00:00, Sys 0 00:00:00  -  Total Local Usage
	0  -  Run Bytes Sent By Job
	0  -  Run Bytes Received By Job
	0  -  Total Bytes Sent By Job
	0  -  Total Bytes Received By Job
	Partitionable Resources :    Usage  Request          
	   Cpus                 :                 1          
	   Disk (KB)            :        2        2          
	   Memory (MB)          :    12618    16384          
...
