000 (134023.000.000) 05/30 16:36:49 Job submitted from host: <192.168.100.50:50435>
...
001 (134023.000.000) 05/30 16:40:54 Job executing on host: <192.168.100.59:51381>
...
006 (134023.000.000) 05/30 16:41:02 Image size of job updated: 3738952
	638  -  MemoryUsage of job (MB)
	652320  -  ResidentSetSize of job (KB)
...
006 (134023.000.000) 05/30 16:46:02 Image size of job updated: 16171232
	12798  -  MemoryUsage of job (MB)
	13104300  -  ResidentSetSize of job (KB)
...
006 (134023.000.000) 05/30 16:51:03 Image size of job updated: 16461144
	13082  -  MemoryUsage of job (MB)
	13395424  -  ResidentSetSize of job (KB)
...
006 (134023.000.000) 05/30 16:51:47 Image size of job updated: 16502016
	13082  -  MemoryUsage of job (MB)
	13395424  -  ResidentSetSize of job (KB)
...
005 (134023.000.000) 05/30 16:51:48 Job terminated.
	(1) Normal termination (return value 0)
		Usr 0 00:40:25, Sys 0 00:00:11  -  Run Remote Usage
		Usr 0 00:00:00, Sys 0 00:00:00  -  Run Local Usage
		Usr 0 00:40:25, Sys 0 00:00:11  -  Total Remote Usage
		Usr 0 00:00:00, Sys 0 00:00:00  -  Total Local Usage
	0  -  Run Bytes Sent By Job
	0  -  Run Bytes Received By Job
	0  -  Total Bytes Sent By Job
	0  -  Total Bytes Received By Job
	Partitionable Resources :    Usage  Request          
	   Cpus                 :                 1          
	   Disk (KB)            :        2        2          
	   Memory (MB)          :    13082    18432          
...
000 (134035.000.000) 05/30 17:07:37 Job submitted from host: <192.168.100.50:50435>
...
009 (134035.000.000) 05/30 17:07:47 Job was aborted by the user.
	via condor_rm (by user amkahn)
...
000 (134036.000.000) 05/30 17:07:54 Job submitted from host: <192.168.100.50:50435>
...
001 (134036.000.000) 05/30 17:09:35 Job executing on host: <192.168.100.59:51381>
...
006 (134036.000.000) 05/30 17:09:36 Image size of job updated: 2
	0  -  MemoryUsage of job (MB)
	0  -  ResidentSetSize of job (KB)
...
005 (134036.000.000) 05/30 17:09:36 Job terminated.
	(1) Normal termination (return value 0)
		Usr 0 00:00:00, Sys 0 00:00:00  -  Run Remote Usage
		Usr 0 00:00:00, Sys 0 00:00:00  -  Run Local Usage
		Usr 0 00:00:00, Sys 0 00:00:00  -  Total Remote Usage
		Usr 0 00:00:00, Sys 0 00:00:00  -  Total Local Usage
	0  -  Run Bytes Sent By Job
	0  -  Run Bytes Received By Job
	0  -  Total Bytes Sent By Job
	0  -  Total Bytes Received By Job
	Partitionable Resources :    Usage  Request          
	   Cpus                 :                 1          
	   Disk (KB)            :        2        2          
	   Memory (MB)          :        0    18432          
...
000 (134037.000.000) 05/30 17:10:32 Job submitted from host: <192.168.100.50:50435>
...
