000 (124015.001.000) 05/30 16:07:14 Job submitted from host: <192.168.100.49:39849>
...
001 (124015.001.000) 05/30 16:26:18 Job executing on host: <192.168.100.59:51381>
...
006 (124015.001.000) 05/30 16:26:27 Image size of job updated: 83868
	5  -  MemoryUsage of job (MB)
	4184  -  ResidentSetSize of job (KB)
...
000 (134022.001.000) 05/30 16:30:55 Job submitted from host: <192.168.100.50:50435>
...
006 (124015.001.000) 05/30 16:31:28 Image size of job updated: 16157248
	12783  -  MemoryUsage of job (MB)
	13089668  -  ResidentSetSize of job (KB)
...
009 (134022.001.000) 05/30 16:35:36 Job was aborted by the user.
	via condor_rm (by user amkahn)
...
006 (124015.001.000) 05/30 16:36:28 Image size of job updated: 16429080
	13051  -  MemoryUsage of job (MB)
	13363392  -  ResidentSetSize of job (KB)
...
006 (124015.001.000) 05/30 16:37:57 Image size of job updated: 16492976
	13051  -  MemoryUsage of job (MB)
	13363392  -  ResidentSetSize of job (KB)
...
005 (124015.001.000) 05/30 16:37:57 Job terminated.
	(1) Normal termination (return value 0)
		Usr 0 00:40:36, Sys 0 00:00:11  -  Run Remote Usage
		Usr 0 00:00:00, Sys 0 00:00:00  -  Run Local Usage
		Usr 0 00:40:36, Sys 0 00:00:11  -  Total Remote Usage
		Usr 0 00:00:00, Sys 0 00:00:00  -  Total Local Usage
	0  -  Run Bytes Sent By Job
	0  -  Run Bytes Received By Job
	0  -  Total Bytes Sent By Job
	0  -  Total Bytes Received By Job
	Partitionable Resources :    Usage  Request          
	   Cpus                 :                 1          
	   Disk (KB)            :        2        2          
	   Memory (MB)          :    13051    18432          
...
