000 (134023.002.000) 05/30 16:36:49 Job submitted from host: <192.168.100.50:50435>
...
001 (134023.002.000) 05/30 16:43:46 Job executing on host: <192.168.100.51:39141>
...
006 (134023.002.000) 05/30 16:43:54 Image size of job updated: 4081932
	973  -  MemoryUsage of job (MB)
	995392  -  ResidentSetSize of job (KB)
...
006 (134023.002.000) 05/30 16:48:54 Image size of job updated: 15919204
	12551  -  MemoryUsage of job (MB)
	12851328  -  ResidentSetSize of job (KB)
...
006 (134023.002.000) 05/30 16:53:54 Image size of job updated: 16065600
	12694  -  MemoryUsage of job (MB)
	12998104  -  ResidentSetSize of job (KB)
...
006 (134023.002.000) 05/30 16:58:54 Image size of job updated: 16203620
	12829  -  MemoryUsage of job (MB)
	13136488  -  ResidentSetSize of job (KB)
...
006 (134023.002.000) 05/30 17:03:55 Image size of job updated: 16254464
	12879  -  MemoryUsage of job (MB)
	13187536  -  ResidentSetSize of job (KB)
...
