000 (124015.003.000) 05/30 16:07:14 Job submitted from host: <192.168.100.49:39849>
...
001 (124015.003.000) 05/30 16:08:35 Job executing on host: <192.168.100.51:39141>
...
006 (124015.003.000) 05/30 16:08:44 Image size of job updated: 151536
	6  -  MemoryUsage of job (MB)
	6080  -  ResidentSetSize of job (KB)
...
006 (124015.003.000) 05/30 16:13:45 Image size of job updated: 15903236
	12534  -  MemoryUsage of job (MB)
	12833820  -  ResidentSetSize of job (KB)
...
010 (124015.003.000) 05/30 16:16:32 Job was suspended.
	Number of processes actually suspended: 10
...
006 (124015.003.000) 05/30 16:16:33 Image size of job updated: 15957228
	12588  -  MemoryUsage of job (MB)
	12889444  -  ResidentSetSize of job (KB)
...
011 (124015.003.000) 05/30 16:16:47 Job was unsuspended.
...
006 (124015.003.000) 05/30 16:18:45 Image size of job updated: 16013476
	12643  -  MemoryUsage of job (MB)
	12945896  -  ResidentSetSize of job (KB)
...
006 (124015.003.000) 05/30 16:23:46 Image size of job updated: 16106236
	12734  -  MemoryUsage of job (MB)
	13039112  -  ResidentSetSize of job (KB)
...
006 (124015.003.000) 05/30 16:28:47 Image size of job updated: 16200656
	12826  -  MemoryUsage of job (MB)
	13133740  -  ResidentSetSize of job (KB)
...
000 (134022.003.000) 05/30 16:30:55 Job submitted from host: <192.168.100.50:50435>
...
006 (124015.003.000) 05/30 16:33:47 Image size of job updated: 16281028
	12905  -  MemoryUsage of job (MB)
	13214060  -  ResidentSetSize of job (KB)
...
009 (134022.003.000) 05/30 16:35:36 Job was aborted by the user.
	via condor_rm (by user amkahn)
...
006 (124015.003.000) 05/30 16:38:47 Image size of job updated: 16395216
	13016  -  MemoryUsage of job (MB)
	13328328  -  ResidentSetSize of job (KB)
...
006 (124015.003.000) 05/30 16:40:35 Image size of job updated: 16416768
	13016  -  MemoryUsage of job (MB)
	13328328  -  ResidentSetSize of job (KB)
...
005 (124015.003.000) 05/30 16:40:35 Job terminated.
	(1) Normal termination (return value 0)
		Usr 0 00:39:27, Sys 0 00:00:17  -  Run Remote Usage
		Usr 0 00:00:00, Sys 0 00:00:00  -  Run Local Usage
		Usr 0 00:39:27, Sys 0 00:00:17  -  Total Remote Usage
		Usr 0 00:00:00, Sys 0 00:00:00  -  Total Local Usage
	0  -  Run Bytes Sent By Job
	0  -  Run Bytes Received By Job
	0  -  Total Bytes Sent By Job
	0  -  Total Bytes Received By Job
	Partitionable Resources :    Usage  Request          
	   Cpus                 :                 1          
	   Disk (KB)            :        2        2          
	   Memory (MB)          :    13016    18432          
...
