000 (124015.004.000) 05/30 16:07:14 Job submitted from host: <192.168.100.49:39849>
...
001 (124015.004.000) 05/30 16:08:36 Job executing on host: <192.168.100.51:39141>
...
006 (124015.004.000) 05/30 16:08:44 Image size of job updated: 139596
	6  -  MemoryUsage of job (MB)
	5376  -  ResidentSetSize of job (KB)
...
006 (124015.004.000) 05/30 16:13:44 Image size of job updated: 15897616
	12529  -  MemoryUsage of job (MB)
	12828872  -  ResidentSetSize of job (KB)
...
010 (124015.004.000) 05/30 16:16:27 Job was suspended.
	Number of processes actually suspended: 10
...
006 (124015.004.000) 05/30 16:16:27 Image size of job updated: 15943820
	12575  -  MemoryUsage of job (MB)
	12875952  -  ResidentSetSize of job (KB)
...
011 (124015.004.000) 05/30 16:16:42 Job was unsuspended.
...
006 (124015.004.000) 05/30 16:18:44 Image size of job updated: 16005048
	12635  -  MemoryUsage of job (MB)
	12937488  -  ResidentSetSize of job (KB)
...
006 (124015.004.000) 05/30 16:23:44 Image size of job updated: 16085796
	12714  -  MemoryUsage of job (MB)
	13018516  -  ResidentSetSize of job (KB)
...
006 (124015.004.000) 05/30 16:28:44 Image size of job updated: 16194012
	12820  -  MemoryUsage of job (MB)
	13126768  -  ResidentSetSize of job (KB)
...
000 (134022.004.000) 05/30 16:30:55 Job submitted from host: <192.168.100.50:50435>
...
006 (124015.004.000) 05/30 16:33:45 Image size of job updated: 16279972
	12904  -  MemoryUsage of job (MB)
	13212912  -  ResidentSetSize of job (KB)
...
009 (134022.004.000) 05/30 16:35:36 Job was aborted by the user.
	via condor_rm (by user amkahn)
...
006 (124015.004.000) 05/30 16:38:46 Image size of job updated: 16381080
	13003  -  MemoryUsage of job (MB)
	13314132  -  ResidentSetSize of job (KB)
...
006 (124015.004.000) 05/30 16:41:00 Image size of job updated: 16421316
	13003  -  MemoryUsage of job (MB)
	13314132  -  ResidentSetSize of job (KB)
...
005 (124015.004.000) 05/30 16:41:00 Job terminated.
	(1) Normal termination (return value 0)
		Usr 0 00:39:36, Sys 0 00:00:17  -  Run Remote Usage
		Usr 0 00:00:00, Sys 0 00:00:00  -  Run Local Usage
		Usr 0 00:39:36, Sys 0 00:00:17  -  Total Remote Usage
		Usr 0 00:00:00, Sys 0 00:00:00  -  Total Local Usage
	0  -  Run Bytes Sent By Job
	0  -  Run Bytes Received By Job
	0  -  Total Bytes Sent By Job
	0  -  Total Bytes Received By Job
	Partitionable Resources :    Usage  Request          
	   Cpus                 :                 1          
	   Disk (KB)            :        2        2          
	   Memory (MB)          :    13003    18432          
...
