000 (134023.004.000) 05/30 16:36:49 Job submitted from host: <192.168.100.50:50435>
...
001 (134023.004.000) 05/30 16:43:46 Job executing on host: <192.168.100.51:39141>
...
006 (134023.004.000) 05/30 16:43:54 Image size of job updated: 4439832
	1324  -  MemoryUsage of job (MB)
	1355676  -  ResidentSetSize of job (KB)
...
006 (134023.004.000) 05/30 16:48:54 Image size of job updated: 15927528
	12559  -  MemoryUsage of job (MB)
	12859440  -  ResidentSetSize of job (KB)
...
006 (134023.004.000) 05/30 16:53:54 Image size of job updated: 16067432
	12696  -  MemoryUsage of job (MB)
	12999712  -  ResidentSetSize of job (KB)
...
006 (134023.004.000) 05/30 16:58:54 Image size of job updated: 16193344
	12817  -  MemoryUsage of job (MB)
	13123788  -  ResidentSetSize of job (KB)
...
006 (134023.004.000) 05/30 17:03:55 Image size of job updated: 16253048
	12877  -  MemoryUsage of job (MB)
	13185932  -  ResidentSetSize of job (KB)
...
000 (134035.004.000) 05/30 17:07:37 Job submitted from host: <192.168.100.50:50435>
...
009 (134035.004.000) 05/30 17:07:47 Job was aborted by the user.
	via condor_rm (by user amkahn)
...
006 (134023.004.000) 05/30 17:07:47 Image size of job updated: 16320992
	12877  -  MemoryUsage of job (MB)
	13185932  -  ResidentSetSize of job (KB)
...
004 (134023.004.000) 05/30 17:07:48 Job was evicted.
	(0) Job was not checkpointed.
		Usr 0 00:32:05, Sys 0 00:00:11  -  Run Remote Usage
		Usr 0 00:00:00, Sys 0 00:00:00  -  Run Local Usage
	0  -  Run Bytes Sent By Job
	0  -  Run Bytes Received By Job
	Partitionable Resources :    Usage  Request          
	   Cpus                 :                 1          
	   Disk (KB)            :        2        2          
	   Memory (MB)          :    12877    18432          
...
009 (134023.004.000) 05/30 17:07:48 Job was aborted by the user.
	via condor_rm (by user amkahn)
...
000 (134036.004.000) 05/30 17:07:54 Job submitted from host: <192.168.100.50:50435>
...
001 (134036.004.000) 05/30 17:09:40 Job executing on host: <192.168.100.59:51381>
...
006 (134036.004.000) 05/30 17:09:40 Image size of job updated: 2
	0  -  MemoryUsage of job (MB)
	0  -  ResidentSetSize of job (KB)
...
005 (134036.004.000) 05/30 17:09:40 Job terminated.
	(1) Normal termination (return value 0)
		Usr 0 00:00:00, Sys 0 00:00:00  -  Run Remote Usage
		Usr 0 00:00:00, Sys 0 00:00:00  -  Run Local Usage
		Usr 0 00:00:00, Sys 0 00:00:00  -  Total Remote Usage
		Usr 0 00:00:00, Sys 0 00:00:00  -  Total Local Usage
	0  -  Run Bytes Sent By Job
	0  -  Run Bytes Received By Job
	0  -  Total Bytes Sent By Job
	0  -  Total Bytes Received By Job
	Partitionable Resources :    Usage  Request          
	   Cpus                 :                 1          
	   Disk (KB)            :        2        2          
	   Memory (MB)          :        0    18432          
...
000 (134037.004.000) 05/30 17:10:32 Job submitted from host: <192.168.100.50:50435>
...
001 (134037.004.000) 05/30 17:26:52 Job executing on host: <192.168.100.59:51381>
...
006 (134037.004.000) 05/30 17:27:01 Image size of job updated: 2
	3  -  MemoryUsage of job (MB)
	2108  -  ResidentSetSize of job (KB)
...
006 (134037.004.000) 05/30 17:32:01 Image size of job updated: 16221352
	12846  -  MemoryUsage of job (MB)
	13154268  -  ResidentSetSize of job (KB)
...
006 (134037.004.000) 05/30 17:37:01 Image size of job updated: 16479284
	13100  -  MemoryUsage of job (MB)
	13413872  -  ResidentSetSize of job (KB)
...
006 (134037.004.000) 05/30 17:37:19 Image size of job updated: 16491604
	13100  -  MemoryUsage of job (MB)
	13413872  -  ResidentSetSize of job (KB)
...
005 (134037.004.000) 05/30 17:37:19 Job terminated.
	(1) Normal termination (return value 0)
		Usr 0 00:40:45, Sys 0 00:00:13  -  Run Remote Usage
		Usr 0 00:00:00, Sys 0 00:00:00  -  Run Local Usage
		Usr 0 00:40:45, Sys 0 00:00:13  -  Total Remote Usage
		Usr 0 00:00:00, Sys 0 00:00:00  -  Total Local Usage
	0  -  Run Bytes Sent By Job
	0  -  Run Bytes Received By Job
	0  -  Total Bytes Sent By Job
	0  -  Total Bytes Received By Job
	Partitionable Resources :    Usage  Request          
	   Cpus                 :                 1          
	   Disk (KB)            :        2        2          
	   Memory (MB)          :    13100    18432          
...
