000 (124015.005.000) 05/30 16:07:14 Job submitted from host: <192.168.100.49:39849>
...
001 (124015.005.000) 05/30 16:08:36 Job executing on host: <192.168.100.51:39141>
...
006 (124015.005.000) 05/30 16:08:44 Image size of job updated: 83596
	4  -  MemoryUsage of job (MB)
	4088  -  ResidentSetSize of job (KB)
...
006 (124015.005.000) 05/30 16:13:44 Image size of job updated: 15896528
	12528  -  MemoryUsage of job (MB)
	12828292  -  ResidentSetSize of job (KB)
...
010 (124015.005.000) 05/30 16:16:27 Job was suspended.
	Number of processes actually suspended: 10
...
006 (124015.005.000) 05/30 16:16:27 Image size of job updated: 15928572
	12560  -  MemoryUsage of job (MB)
	12860660  -  ResidentSetSize of job (KB)
...
011 (124015.005.000) 05/30 16:16:42 Job was unsuspended.
...
006 (124015.005.000) 05/30 16:18:44 Image size of job updated: 15951768
	12582  -  MemoryUsage of job (MB)
	12883024  -  ResidentSetSize of job (KB)
...
006 (124015.005.000) 05/30 16:23:44 Image size of job updated: 16032156
	12660  -  MemoryUsage of job (MB)
	12963380  -  ResidentSetSize of job (KB)
...
006 (124015.005.000) 05/30 16:28:44 Image size of job updated: 16091916
	12720  -  MemoryUsage of job (MB)
	13024316  -  ResidentSetSize of job (KB)
...
000 (134022.005.000) 05/30 16:30:55 Job submitted from host: <192.168.100.50:50435>
...
006 (124015.005.000) 05/30 16:33:45 Image size of job updated: 16150396
	12777  -  MemoryUsage of job (MB)
	13083300  -  ResidentSetSize of job (KB)
...
009 (134022.005.000) 05/30 16:35:36 Job was aborted by the user.
	via condor_rm (by user amkahn)
...
006 (124015.005.000) 05/30 16:38:46 Image size of job updated: 16222088
	12847  -  MemoryUsage of job (MB)
	13155232  -  ResidentSetSize of job (KB)
...
006 (124015.005.000) 05/30 16:43:47 Image size of job updated: 16298384
	12922  -  MemoryUsage of job (MB)
	13231504  -  ResidentSetSize of job (KB)
...
006 (124015.005.000) 05/30 16:48:48 Image size of job updated: 16371992
	12994  -  MemoryUsage of job (MB)
	13305052  -  ResidentSetSize of job (KB)
...
006 (124015.005.000) 05/30 16:53:49 Image size of job updated: 16428696
	13051  -  MemoryUsage of job (MB)
	13363288  -  ResidentSetSize of job (KB)
...
006 (124015.005.000) 05/30 16:54:26 Image size of job updated: 16437092
	13051  -  MemoryUsage of job (MB)
	13363288  -  ResidentSetSize of job (KB)
...
005 (124015.005.000) 05/30 16:54:26 Job terminated.
	(1) Normal termination (return value 0)
		Usr 0 00:59:32, Sys 0 00:00:18  -  Run Remote Usage
		Usr 0 00:00:00, Sys 0 00:00:00  -  Run Local Usage
		Usr 0 00:59:32, Sys 0 00:00:18  -  Total Remote Usage
		Usr 0 00:00:00, Sys 0 00:00:00  -  Total Local Usage
	0  -  Run Bytes Sent By Job
	0  -  Run Bytes Received By Job
	0  -  Total Bytes Sent By Job
	0  -  Total Bytes Received By Job
	Partitionable Resources :    Usage  Request          
	   Cpus                 :                 1          
	   Disk (KB)            :        2        2          
	   Memory (MB)          :    13051    18432          
...
