000 (124015.006.000) 05/30 16:07:14 Job submitted from host: <192.168.100.49:39849>
...
001 (124015.006.000) 05/30 16:08:36 Job executing on host: <192.168.100.51:39141>
...
006 (124015.006.000) 05/30 16:08:44 Image size of job updated: 2
	3  -  MemoryUsage of job (MB)
	2100  -  ResidentSetSize of job (KB)
...
006 (124015.006.000) 05/30 16:13:44 Image size of job updated: 15893556
	12525  -  MemoryUsage of job (MB)
	12825508  -  ResidentSetSize of job (KB)
...
010 (124015.006.000) 05/30 16:16:22 Job was suspended.
	Number of processes actually suspended: 10
...
006 (124015.006.000) 05/30 16:16:22 Image size of job updated: 15914484
	12546  -  MemoryUsage of job (MB)
	12846504  -  ResidentSetSize of job (KB)
...
011 (124015.006.000) 05/30 16:16:42 Job was unsuspended.
...
006 (124015.006.000) 05/30 16:18:44 Image size of job updated: 15945564
	12576  -  MemoryUsage of job (MB)
	12877720  -  ResidentSetSize of job (KB)
...
006 (124015.006.000) 05/30 16:23:44 Image size of job updated: 16038292
	12667  -  MemoryUsage of job (MB)
	12970804  -  ResidentSetSize of job (KB)
...
006 (124015.006.000) 05/30 16:28:44 Image size of job updated: 16088876
	12717  -  MemoryUsage of job (MB)
	13021692  -  ResidentSetSize of job (KB)
...
000 (134022.006.000) 05/30 16:30:55 Job submitted from host: <192.168.100.50:50435>
...
006 (124015.006.000) 05/30 16:33:44 Image size of job updated: 16154592
	12781  -  MemoryUsage of job (MB)
	13087440  -  ResidentSetSize of job (KB)
...
009 (134022.006.000) 05/30 16:35:36 Job was aborted by the user.
	via condor_rm (by user amkahn)
...
006 (124015.006.000) 05/30 16:38:45 Image size of job updated: 16218744
	12844  -  MemoryUsage of job (MB)
	13151708  -  ResidentSetSize of job (KB)
...
006 (124015.006.000) 05/30 16:43:46 Image size of job updated: 16302328
	12925  -  MemoryUsage of job (MB)
	13234252  -  ResidentSetSize of job (KB)
...
006 (124015.006.000) 05/30 16:48:47 Image size of job updated: 16362476
	12984  -  MemoryUsage of job (MB)
	13295604  -  ResidentSetSize of job (KB)
...
006 (124015.006.000) 05/30 16:53:48 Image size of job updated: 16427960
	13050  -  MemoryUsage of job (MB)
	13362436  -  ResidentSetSize of job (KB)
...
006 (124015.006.000) 05/30 16:54:09 Image size of job updated: 16434224
	13050  -  MemoryUsage of job (MB)
	13362436  -  ResidentSetSize of job (KB)
...
005 (124015.006.000) 05/30 16:54:09 Job terminated.
	(1) Normal termination (return value 0)
		Usr 0 00:59:10, Sys 0 00:00:17  -  Run Remote Usage
		Usr 0 00:00:00, Sys 0 00:00:00  -  Run Local Usage
		Usr 0 00:59:10, Sys 0 00:00:17  -  Total Remote Usage
		Usr 0 00:00:00, Sys 0 00:00:00  -  Total Local Usage
	0  -  Run Bytes Sent By Job
	0  -  Run Bytes Received By Job
	0  -  Total Bytes Sent By Job
	0  -  Total Bytes Received By Job
	Partitionable Resources :    Usage  Request          
	   Cpus                 :                 1          
	   Disk (KB)            :        2        2          
	   Memory (MB)          :    13050    18432          
...
