000 (124015.007.000) 05/30 16:07:14 Job submitted from host: <192.168.100.49:39849>
...
000 (134022.007.000) 05/30 16:30:55 Job submitted from host: <192.168.100.50:50435>
...
009 (134022.007.000) 05/30 16:35:36 Job was aborted by the user.
	via condor_rm (by user amkahn)
...
001 (124015.007.000) 05/30 16:37:58 Job executing on host: <192.168.100.59:51381>
...
006 (124015.007.000) 05/30 16:38:06 Image size of job updated: 4225096
	1044  -  MemoryUsage of job (MB)
	1068376  -  ResidentSetSize of job (KB)
...
006 (124015.007.000) 05/30 16:43:06 Image size of job updated: 16192264
	12754  -  MemoryUsage of job (MB)
	13059424  -  ResidentSetSize of job (KB)
...
006 (124015.007.000) 05/30 16:48:06 Image size of job updated: 16388348
	12945  -  MemoryUsage of job (MB)
	13255644  -  ResidentSetSize of job (KB)
...
006 (124015.007.000) 05/30 16:50:55 Image size of job updated: 16477928
	12945  -  MemoryUsage of job (MB)
	13255644  -  ResidentSetSize of job (KB)
...
005 (124015.007.000) 05/30 16:50:55 Job terminated.
	(1) Normal termination (return value 0)
		Usr 0 00:55:54, Sys 0 00:00:09  -  Run Remote Usage
		Usr 0 00:00:00, Sys 0 00:00:00  -  Run Local Usage
		Usr 0 00:55:54, Sys 0 00:00:09  -  Total Remote Usage
		Usr 0 00:00:00, Sys 0 00:00:00  -  Total Local Usage
	0  -  Run Bytes Sent By Job
	0  -  Run Bytes Received By Job
	0  -  Total Bytes Sent By Job
	0  -  Total Bytes Received By Job
	Partitionable Resources :    Usage  Request          
	   Cpus                 :                 1          
	   Disk (KB)            :        2        2          
	   Memory (MB)          :    12945    18432          
...
