000 (134023.007.000) 05/30 16:36:49 Job submitted from host: <192.168.100.50:50435>
...
001 (134023.007.000) 05/30 16:51:48 Job executing on host: <192.168.100.59:51381>
...
006 (134023.007.000) 05/30 16:51:57 Image size of job updated: 2
	3  -  MemoryUsage of job (MB)
	2104  -  ResidentSetSize of job (KB)
...
006 (134023.007.000) 05/30 16:56:58 Image size of job updated: 16128988
	12756  -  MemoryUsage of job (MB)
	13061700  -  ResidentSetSize of job (KB)
...
006 (134023.007.000) 05/30 17:01:59 Image size of job updated: 16312600
	12936  -  MemoryUsage of job (MB)
	13245656  -  ResidentSetSize of job (KB)
...
006 (134023.007.000) 05/30 17:05:02 Image size of job updated: 16424604
	12936  -  MemoryUsage of job (MB)
	13245656  -  ResidentSetSize of job (KB)
...
005 (134023.007.000) 05/30 17:05:02 Job terminated.
	(1) Normal termination (return value 0)
		Usr 0 00:56:49, Sys 0 00:00:12  -  Run Remote Usage
		Usr 0 00:00:00, Sys 0 00:00:00  -  Run Local Usage
		Usr 0 00:56:49, Sys 0 00:00:12  -  Total Remote Usage
		Usr 0 00:00:00, Sys 0 00:00:00  -  Total Local Usage
	0  -  Run Bytes Sent By Job
	0  -  Run Bytes Received By Job
	0  -  Total Bytes Sent By Job
	0  -  Total Bytes Received By Job
	Partitionable Resources :    Usage  Request          
	   Cpus                 :                 1          
	   Disk (KB)            :        2        2          
	   Memory (MB)          :    12936    18432          
...
