000 (124015.008.000) 05/30 16:07:14 Job submitted from host: <192.168.100.49:39849>
...
001 (124015.008.000) 05/30 16:26:18 Job executing on host: <192.168.100.59:51381>
...
006 (124015.008.000) 05/30 16:26:27 Image size of job updated: 2
	3  -  MemoryUsage of job (MB)
	2096  -  ResidentSetSize of job (KB)
...
000 (134022.008.000) 05/30 16:30:55 Job submitted from host: <192.168.100.50:50435>
...
006 (124015.008.000) 05/30 16:31:27 Image size of job updated: 16072264
	12701  -  MemoryUsage of job (MB)
	13004868  -  ResidentSetSize of job (KB)
...
009 (134022.008.000) 05/30 16:35:36 Job was aborted by the user.
	via condor_rm (by user amkahn)
...
006 (124015.008.000) 05/30 16:36:27 Image size of job updated: 16270088
	12894  -  MemoryUsage of job (MB)
	13202892  -  ResidentSetSize of job (KB)
...
006 (124015.008.000) 05/30 16:39:40 Image size of job updated: 16419080
	12894  -  MemoryUsage of job (MB)
	13202892  -  ResidentSetSize of job (KB)
...
005 (124015.008.000) 05/30 16:39:40 Job terminated.
	(1) Normal termination (return value 0)
		Usr 0 00:56:16, Sys 0 00:00:10  -  Run Remote Usage
		Usr 0 00:00:00, Sys 0 00:00:00  -  Run Local Usage
		Usr 0 00:56:16, Sys 0 00:00:10  -  Total Remote Usage
		Usr 0 00:00:00, Sys 0 00:00:00  -  Total Local Usage
	0  -  Run Bytes Sent By Job
	0  -  Run Bytes Received By Job
	0  -  Total Bytes Sent By Job
	0  -  Total Bytes Received By Job
	Partitionable Resources :    Usage  Request          
	   Cpus                 :                 1          
	   Disk (KB)            :        2        2          
	   Memory (MB)          :    12894    18432          
...
