000 (124001.002.000) 05/30 14:07:59 Job submitted from host: <192.168.100.49:39849>
...
001 (124001.002.000) 05/30 14:11:32 Job executing on host: <192.168.100.69:43998>
...
006 (124001.002.000) 05/30 14:11:42 Image size of job updated: 156896
	7  -  MemoryUsage of job (MB)
	6328  -  ResidentSetSize of job (KB)
...
006 (124001.002.000) 05/30 14:16:40 Image size of job updated: 3715924
	551  -  MemoryUsage of job (MB)
	563336  -  ResidentSetSize of job (KB)
...
004 (124001.002.000) 05/30 14:31:28 Job was evicted.
	(0) Job was not checkpointed.
		Usr 0 00:00:01, Sys 0 00:00:01  -  Run Remote Usage
		Usr 0 00:00:00, Sys 0 00:00:00  -  Run Local Usage
	0  -  Run Bytes Sent By Job
	0  -  Run Bytes Received By Job
	Partitionable Resources :    Usage  Request          
	   Cpus                 :                 1          
	   Disk (KB)            :        2        2          
	   Memory (MB)          :      551     1024          
...
009 (124001.002.000) 05/30 14:31:28 Job was aborted by the user.
	via condor_rm (by user cjaja)
...
000 (124007.002.000) 05/30 14:31:41 Job submitted from host: <192.168.100.49:39849>
...
001 (124007.002.000) 05/30 14:32:14 Job executing on host: <192.168.100.55:36799>
...
006 (124007.002.000) 05/30 14:32:23 Image size of job updated: 165640
	7  -  MemoryUsage of job (MB)
	6524  -  ResidentSetSize of job (KB)
...
006 (124007.002.000) 05/30 14:33:19 Image size of job updated: 10859984
	7  -  MemoryUsage of job (MB)
	6524  -  ResidentSetSize of job (KB)
...
005 (124007.002.000) 05/30 14:33:19 Job terminated.
	(1) Normal termination (return value 0)
		Usr 0 00:02:22, Sys 0 00:00:07  -  Run Remote Usage
		Usr 0 00:00:00, Sys 0 00:00:00  -  Run Local Usage
		Usr 0 00:02:22, Sys 0 00:00:07  -  Total Remote Usage
		Usr 0 00:00:00, Sys 0 00:00:00  -  Total Local Usage
	0  -  Run Bytes Sent By Job
	0  -  Run Bytes Received By Job
	0  -  Total Bytes Sent By Job
	0  -  Total Bytes Received By Job
	Partitionable Resources :    Usage  Request          
	   Cpus                 :                 1          
	   Disk (KB)            :        2        2          
	   Memory (MB)          :        7     8192          
...
000 (124009.000.000) 05/30 15:04:53 Job submitted from host: <192.168.100.49:39849>
...
001 (124009.000.000) 05/30 15:05:02 Job executing on host: <192.168.100.51:39141>
...
006 (124009.000.000) 05/30 15:05:10 Image size of job updated: 92872
	3  -  MemoryUsage of job (MB)
	2160  -  ResidentSetSize of job (KB)
...
006 (124009.000.000) 05/30 15:10:10 Image size of job updated: 16009232
	12639  -  MemoryUsage of job (MB)
	12942060  -  ResidentSetSize of job (KB)
...
006 (124009.000.000) 05/30 15:14:16 Image size of job updated: 16140604
	12639  -  MemoryUsage of job (MB)
	12942060  -  ResidentSetSize of job (KB)
...
005 (124009.000.000) 05/30 15:14:16 Job terminated.
	(1) Normal termination (return value 0)
		Usr 0 00:31:23, Sys 0 00:00:16  -  Run Remote Usage
		Usr 0 00:00:00, Sys 0 00:00:00  -  Run Local Usage
		Usr 0 00:31:23, Sys 0 00:00:16  -  Total Remote Usage
		Usr 0 00:00:00, Sys 0 00:00:00  -  Total Local Usage
	0  -  Run Bytes Sent By Job
	0  -  Run Bytes Received By Job
	0  -  Total Bytes Sent By Job
	0  -  Total Bytes Received By Job
	Partitionable Resources :    Usage  Request          
	   Cpus                 :                 1          
	   Disk (KB)            :        2        2          
	   Memory (MB)          :    12639     8192          
...
