000 (127927.000.000) 05/19 17:15:25 Job submitted from host: <192.168.100.50:50435>
...
009 (127927.000.000) 05/19 17:17:03 Job was aborted by the user.
	via condor_rm (by user cgordon1)
...
000 (127928.000.000) 05/19 17:17:05 Job submitted from host: <192.168.100.50:50435>
...
001 (127928.000.000) 05/19 17:20:20 Job executing on host: <192.168.100.55:36799>
...
006 (127928.000.000) 05/19 17:20:28 Image size of job updated: 3792944
	686  -  MemoryUsage of job (MB)
	701872  -  ResidentSetSize of job (KB)
...
006 (127928.000.000) 05/19 17:22:32 Image size of job updated: 4777652
	686  -  MemoryUsage of job (MB)
	701872  -  ResidentSetSize of job (KB)
...
005 (127928.000.000) 05/19 17:22:32 Job terminated.
	(1) Normal termination (return value 0)
		Usr 0 00:11:47, Sys 0 00:00:11  -  Run Remote Usage
		Usr 0 00:00:00, Sys 0 00:00:00  -  Run Local Usage
		Usr 0 00:11:47, Sys 0 00:00:11  -  Total Remote Usage
		Usr 0 00:00:00, Sys 0 00:00:00  -  Total Local Usage
	0  -  Run Bytes Sent By Job
	0  -  Run Bytes Received By Job
	0  -  Total Bytes Sent By Job
	0  -  Total Bytes Received By Job
	Partitionable Resources :    Usage  Request          
	   Cpus                 :                 1          
	   Disk (KB)            :        2        2          
	   Memory (MB)          :      686     1024          
...
