000 (134023.009.000) 05/30 16:36:49 Job submitted from host: <192.168.100.50:50435>
...
001 (134023.009.000) 05/30 17:05:03 Job executing on host: <192.168.100.59:51381>
...
006 (134023.009.000) 05/30 17:05:11 Image size of job updated: 2
	3  -  MemoryUsage of job (MB)
	2104  -  ResidentSetSize of job (KB)
...
000 (134035.009.000) 05/30 17:07:37 Job submitted from host: <192.168.100.50:50435>
...
009 (134035.009.000) 05/30 17:07:47 Job was aborted by the user.
	via condor_rm (by user amkahn)
...
006 (134023.009.000) 05/30 17:07:47 Image size of job updated: 15953336
	7821  -  MemoryUsage of job (MB)
	8008112  -  ResidentSetSize of job (KB)
...
004 (134023.009.000) 05/30 17:07:47 Job was evicted.
	(0) Job was not checkpointed.
		Usr 0 00:09:51, Sys 0 00:00:01  -  Run Remote Usage
		Usr 0 00:00:00, Sys 0 00:00:00  -  Run Local Usage
	0  -  Run Bytes Sent By Job
	0  -  Run Bytes Received By Job
	Partitionable Resources :    Usage  Request          
	   Cpus                 :                 1          
	   Disk (KB)            :        2        2          
	   Memory (MB)          :     7821    18432          
...
009 (134023.009.000) 05/30 17:07:48 Job was aborted by the user.
	via condor_rm (by user amkahn)
...
000 (134036.009.000) 05/30 17:07:54 Job submitted from host: <192.168.100.50:50435>
...
001 (134036.009.000) 05/30 17:09:45 Job executing on host: <192.168.100.59:51381>
...
006 (134036.009.000) 05/30 17:09:45 Image size of job updated: 2
	0  -  MemoryUsage of job (MB)
	0  -  ResidentSetSize of job (KB)
...
005 (134036.009.000) 05/30 17:09:45 Job terminated.
	(1) Normal termination (return value 0)
		Usr 0 00:00:00, Sys 0 00:00:00  -  Run Remote Usage
		Usr 0 00:00:00, Sys 0 00:00:00  -  Run Local Usage
		Usr 0 00:00:00, Sys 0 00:00:00  -  Total Remote Usage
		Usr 0 00:00:00, Sys 0 00:00:00  -  Total Local Usage
	0  -  Run Bytes Sent By Job
	0  -  Run Bytes Received By Job
	0  -  Total Bytes Sent By Job
	0  -  Total Bytes Received By Job
	Partitionable Resources :    Usage  Request          
	   Cpus                 :                 1          
	   Disk (KB)            :        2        2          
	   Memory (MB)          :        0    18432          
...
000 (134037.009.000) 05/30 17:10:32 Job submitted from host: <192.168.100.50:50435>
...
