000 (127998.000.000) 05/21 12:10:17 Job submitted from host: <192.168.100.50:50435>
...
001 (127998.000.000) 05/21 12:10:32 Job executing on host: <192.168.100.59:51381>
...
006 (127998.000.000) 05/21 12:10:41 Image size of job updated: 4499776
	1342  -  MemoryUsage of job (MB)
	1373260  -  ResidentSetSize of job (KB)
...
006 (127998.000.000) 05/21 12:14:37 Image size of job updated: 5923256
	1342  -  MemoryUsage of job (MB)
	1373260  -  ResidentSetSize of job (KB)
...
005 (127998.000.000) 05/21 12:14:37 Job terminated.
	(1) Normal termination (return value 0)
		Usr 0 00:26:08, Sys 0 00:00:08  -  Run Remote Usage
		Usr 0 00:00:00, Sys 0 00:00:00  -  Run Local Usage
		Usr 0 00:26:08, Sys 0 00:00:08  -  Total Remote Usage
		Usr 0 00:00:00, Sys 0 00:00:00  -  Total Local Usage
	0  -  Run Bytes Sent By Job
	0  -  Run Bytes Received By Job
	0  -  Total Bytes Sent By Job
	0  -  Total Bytes Received By Job
	Partitionable Resources :    Usage  Request          
	   Cpus                 :                 1          
	   Disk (KB)            :        2        2          
	   Memory (MB)          :     1342     1024          
...
