000 (128001.000.000) 05/21 12:41:44 Job submitted from host: <192.168.100.50:50435>
...
001 (128001.000.000) 05/21 12:42:15 Job executing on host: <192.168.100.59:51381>
...
006 (128001.000.000) 05/21 12:42:23 Image size of job updated: 2
	3  -  MemoryUsage of job (MB)
	2104  -  ResidentSetSize of job (KB)
...
006 (128001.000.000) 05/21 12:45:28 Image size of job updated: 5613380
	3  -  MemoryUsage of job (MB)
	2104  -  ResidentSetSize of job (KB)
...
005 (128001.000.000) 05/21 12:45:28 Job terminated.
	(1) Normal termination (return value 0)
		Usr 0 00:18:14, Sys 0 00:00:08  -  Run Remote Usage
		Usr 0 00:00:00, Sys 0 00:00:00  -  Run Local Usage
		Usr 0 00:18:14, Sys 0 00:00:08  -  Total Remote Usage
		Usr 0 00:00:00, Sys 0 00:00:00  -  Total Local Usage
	0  -  Run Bytes Sent By Job
	0  -  Run Bytes Received By Job
	0  -  Total Bytes Sent By Job
	0  -  Total Bytes Received By Job
	Partitionable Resources :    Usage  Request          
	   Cpus                 :                 1          
	   Disk (KB)            :        2        2          
	   Memory (MB)          :        3     1024          
...
