000 (128386.000.000) 05/23 16:55:02 Job submitted from host: <192.168.100.50:50435>
...
009 (128386.000.000) 05/23 16:58:02 Job was aborted by the user.
	via condor_rm (by user amkahn)
...
000 (128387.000.000) 05/23 16:58:36 Job submitted from host: <192.168.100.50:50435>
...
001 (128387.000.000) 05/23 17:07:04 Job executing on host: <192.168.100.51:39141>
...
006 (128387.000.000) 05/23 17:07:13 Image size of job updated: 4049536
	942  -  MemoryUsage of job (MB)
	964380  -  ResidentSetSize of job (KB)
...
006 (128387.000.000) 05/23 17:11:10 Image size of job updated: 5599852
	942  -  MemoryUsage of job (MB)
	964380  -  ResidentSetSize of job (KB)
...
005 (128387.000.000) 05/23 17:11:10 Job terminated.
	(1) Normal termination (return value 0)
		Usr 0 00:19:50, Sys 0 00:00:15  -  Run Remote Usage
		Usr 0 00:00:00, Sys 0 00:00:00  -  Run Local Usage
		Usr 0 00:19:50, Sys 0 00:00:15  -  Total Remote Usage
		Usr 0 00:00:00, Sys 0 00:00:00  -  Total Local Usage
	0  -  Run Bytes Sent By Job
	0  -  Run Bytes Received By Job
	0  -  Total Bytes Sent By Job
	0  -  Total Bytes Received By Job
	Partitionable Resources :    Usage  Request          
	   Cpus                 :                 1          
	   Disk (KB)            :        2        2          
	   Memory (MB)          :      942     1024          
...
