000 (128388.000.000) 05/23 17:00:22 Job submitted from host: <192.168.100.50:50435>
...
001 (128388.000.000) 05/23 17:08:04 Job executing on host: <192.168.100.55:36799>
...
006 (128388.000.000) 05/23 17:08:13 Image size of job updated: 4426824
	1327  -  MemoryUsage of job (MB)
	1358016  -  ResidentSetSize of job (KB)
...
006 (128388.000.000) 05/23 17:12:22 Image size of job updated: 5603456
	1327  -  MemoryUsage of job (MB)
	1358016  -  ResidentSetSize of job (KB)
...
005 (128388.000.000) 05/23 17:12:22 Job terminated.
	(1) Normal termination (return value 0)
		Usr 0 00:21:45, Sys 0 00:00:40  -  Run Remote Usage
		Usr 0 00:00:00, Sys 0 00:00:00  -  Run Local Usage
		Usr 0 00:21:45, Sys 0 00:00:40  -  Total Remote Usage
		Usr 0 00:00:00, Sys 0 00:00:00  -  Total Local Usage
	0  -  Run Bytes Sent By Job
	0  -  Run Bytes Received By Job
	0  -  Total Bytes Sent By Job
	0  -  Total Bytes Received By Job
	Partitionable Resources :    Usage  Request          
	   Cpus                 :                 1          
	   Disk (KB)            :        2        2          
	   Memory (MB)          :     1327     1024          
...
000 (128389.000.000) 05/23 17:14:43 Job submitted from host: <192.168.100.50:50435>
...
001 (128389.000.000) 05/23 17:14:46 Job executing on host: <192.168.100.51:39141>
...
006 (128389.000.000) 05/23 17:14:54 Image size of job updated: 4606260
	1439  -  MemoryUsage of job (MB)
	1472708  -  ResidentSetSize of job (KB)
...
006 (128389.000.000) 05/23 17:18:24 Image size of job updated: 5679928
	1439  -  MemoryUsage of job (MB)
	1472708  -  ResidentSetSize of job (KB)
...
005 (128389.000.000) 05/23 17:18:24 Job terminated.
	(1) Normal termination (return value 0)
		Usr 0 00:19:01, Sys 0 00:00:14  -  Run Remote Usage
		Usr 0 00:00:00, Sys 0 00:00:00  -  Run Local Usage
		Usr 0 00:19:01, Sys 0 00:00:14  -  Total Remote Usage
		Usr 0 00:00:00, Sys 0 00:00:00  -  Total Local Usage
	0  -  Run Bytes Sent By Job
	0  -  Run Bytes Received By Job
	0  -  Total Bytes Sent By Job
	0  -  Total Bytes Received By Job
	Partitionable Resources :    Usage  Request          
	   Cpus                 :                 1          
	   Disk (KB)            :        2        2          
	   Memory (MB)          :     1439     1024          
...
