000 (134051.004.000) 05/30 17:57:17 Job submitted from host: <192.168.100.50:50435>
...
001 (134051.004.000) 05/30 17:59:53 Job executing on host: <192.168.100.55:36799>
...
006 (134051.004.000) 05/30 18:00:01 Image size of job updated: 2
	3  -  MemoryUsage of job (MB)
	2100  -  ResidentSetSize of job (KB)
...
006 (134051.004.000) 05/30 18:05:01 Image size of job updated: 16126396
	12755  -  MemoryUsage of job (MB)
	13060608  -  ResidentSetSize of job (KB)
...
006 (134051.004.000) 05/30 18:05:31 Image size of job updated: 16143204
	12755  -  MemoryUsage of job (MB)
	13060608  -  ResidentSetSize of job (KB)
...
005 (134051.004.000) 05/30 18:05:31 Job terminated.
	(1) Normal termination (return value 0)
		Usr 0 00:31:40, Sys 0 00:00:25  -  Run Remote Usage
		Usr 0 00:00:00, Sys 0 00:00:00  -  Run Local Usage
		Usr 0 00:31:40, Sys 0 00:00:25  -  Total Remote Usage
		Usr 0 00:00:00, Sys 0 00:00:00  -  Total Local Usage
	0  -  Run Bytes Sent By Job
	0  -  Run Bytes Received By Job
	0  -  Total Bytes Sent By Job
	0  -  Total Bytes Received By Job
	Partitionable Resources :    Usage  Request          
	   Cpus                 :                 1          
	   Disk (KB)            :        2        2          
	   Memory (MB)          :    12755    15360          
...
