000 (134051.006.000) 05/30 17:57:17 Job submitted from host: <192.168.100.50:50435>
...
001 (134051.006.000) 05/30 18:03:53 Job executing on host: <192.168.100.51:39141>
...
006 (134051.006.000) 05/30 18:04:01 Image size of job updated: 4007236
	896  -  MemoryUsage of job (MB)
	916944  -  ResidentSetSize of job (KB)
...
006 (134051.006.000) 05/30 18:09:01 Image size of job updated: 15887828
	12520  -  MemoryUsage of job (MB)
	12819968  -  ResidentSetSize of job (KB)
...
006 (134051.006.000) 05/30 18:14:01 Image size of job updated: 15979628
	12610  -  MemoryUsage of job (MB)
	12912296  -  ResidentSetSize of job (KB)
...
006 (134051.006.000) 05/30 18:19:01 Image size of job updated: 16065284
	12694  -  MemoryUsage of job (MB)
	12998228  -  ResidentSetSize of job (KB)
...
006 (134051.006.000) 05/30 18:24:01 Image size of job updated: 16126856
	12756  -  MemoryUsage of job (MB)
	13061308  -  ResidentSetSize of job (KB)
...
006 (134051.006.000) 05/30 18:27:02 Image size of job updated: 16152980
	12756  -  MemoryUsage of job (MB)
	13061308  -  ResidentSetSize of job (KB)
...
005 (134051.006.000) 05/30 18:27:02 Job terminated.
	(1) Normal termination (return value 0)
		Usr 0 00:32:04, Sys 0 00:00:14  -  Run Remote Usage
		Usr 0 00:00:00, Sys 0 00:00:00  -  Run Local Usage
		Usr 0 00:32:04, Sys 0 00:00:14  -  Total Remote Usage
		Usr 0 00:00:00, Sys 0 00:00:00  -  Total Local Usage
	0  -  Run Bytes Sent By Job
	0  -  Run Bytes Received By Job
	0  -  Total Bytes Sent By Job
	0  -  Total Bytes Received By Job
	Partitionable Resources :    Usage  Request          
	   Cpus                 :                 1          
	   Disk (KB)            :        2        2          
	   Memory (MB)          :    12756    15360          
...
