000 (134051.007.000) 05/30 17:57:17 Job submitted from host: <192.168.100.50:50435>
...
001 (134051.007.000) 05/30 18:03:53 Job executing on host: <192.168.100.51:39141>
...
006 (134051.007.000) 05/30 18:04:01 Image size of job updated: 3968140
	796  -  MemoryUsage of job (MB)
	814832  -  ResidentSetSize of job (KB)
...
006 (134051.007.000) 05/30 18:09:01 Image size of job updated: 15935584
	12502  -  MemoryUsage of job (MB)
	12801628  -  ResidentSetSize of job (KB)
...
006 (134051.007.000) 05/30 18:14:01 Image size of job updated: 16008940
	12574  -  MemoryUsage of job (MB)
	12874868  -  ResidentSetSize of job (KB)
...
006 (134051.007.000) 05/30 18:19:01 Image size of job updated: 16089692
	12654  -  MemoryUsage of job (MB)
	12956792  -  ResidentSetSize of job (KB)
...
006 (134051.007.000) 05/30 18:24:01 Image size of job updated: 16137280
	12701  -  MemoryUsage of job (MB)
	13004856  -  ResidentSetSize of job (KB)
...
006 (134051.007.000) 05/30 18:29:01 Image size of job updated: 16215104
	12778  -  MemoryUsage of job (MB)
	13083960  -  ResidentSetSize of job (KB)
...
005 (134051.007.000) 05/30 18:29:05 Job terminated.
	(1) Normal termination (return value 0)
		Usr 0 00:40:52, Sys 0 00:00:15  -  Run Remote Usage
		Usr 0 00:00:00, Sys 0 00:00:00  -  Run Local Usage
		Usr 0 00:40:52, Sys 0 00:00:15  -  Total Remote Usage
		Usr 0 00:00:00, Sys 0 00:00:00  -  Total Local Usage
	0  -  Run Bytes Sent By Job
	0  -  Run Bytes Received By Job
	0  -  Total Bytes Sent By Job
	0  -  Total Bytes Received By Job
	Partitionable Resources :    Usage  Request          
	   Cpus                 :                 1          
	   Disk (KB)            :        2        2          
	   Memory (MB)          :    12778    15360          
...
