000 (134051.008.000) 05/30 17:57:17 Job submitted from host: <192.168.100.50:50435>
...
001 (134051.008.000) 05/30 18:03:53 Job executing on host: <192.168.100.51:39141>
...
006 (134051.008.000) 05/30 18:04:01 Image size of job updated: 3815560
	712  -  MemoryUsage of job (MB)
	728948  -  ResidentSetSize of job (KB)
...
006 (134051.008.000) 05/30 18:09:01 Image size of job updated: 15832256
	12466  -  MemoryUsage of job (MB)
	12764428  -  ResidentSetSize of job (KB)
...
006 (134051.008.000) 05/30 18:14:01 Image size of job updated: 15873844
	12506  -  MemoryUsage of job (MB)
	12805660  -  ResidentSetSize of job (KB)
...
006 (134051.008.000) 05/30 18:19:01 Image size of job updated: 15917280
	12550  -  MemoryUsage of job (MB)
	12850460  -  ResidentSetSize of job (KB)
...
006 (134051.008.000) 05/30 18:24:01 Image size of job updated: 15948520
	12580  -  MemoryUsage of job (MB)
	12881772  -  ResidentSetSize of job (KB)
...
006 (134051.008.000) 05/30 18:27:56 Image size of job updated: 15961400
	12580  -  MemoryUsage of job (MB)
	12881772  -  ResidentSetSize of job (KB)
...
005 (134051.008.000) 05/30 18:27:56 Job terminated.
	(1) Normal termination (return value 0)
		Usr 0 00:34:19, Sys 0 00:00:10  -  Run Remote Usage
		Usr 0 00:00:00, Sys 0 00:00:00  -  Run Local Usage
		Usr 0 00:34:19, Sys 0 00:00:10  -  Total Remote Usage
		Usr 0 00:00:00, Sys 0 00:00:00  -  Total Local Usage
	0  -  Run Bytes Sent By Job
	0  -  Run Bytes Received By Job
	0  -  Total Bytes Sent By Job
	0  -  Total Bytes Received By Job
	Partitionable Resources :    Usage  Request          
	   Cpus                 :                 1          
	   Disk (KB)            :        2        2          
	   Memory (MB)          :    12580    15360          
...
