000 (124001.004.000) 05/30 14:07:59 Job submitted from host: <192.168.100.49:39849>
...
001 (124001.004.000) 05/30 14:11:32 Job executing on host: <192.168.100.69:43998>
...
006 (124001.004.000) 05/30 14:11:42 Image size of job updated: 84256
	5  -  MemoryUsage of job (MB)
	4548  -  ResidentSetSize of job (KB)
...
006 (124001.004.000) 05/30 14:11:55 Image size of job updated: 214996
	5  -  MemoryUsage of job (MB)
	4548  -  ResidentSetSize of job (KB)
...
005 (124001.004.000) 05/30 14:11:55 Job terminated.
	(1) Normal termination (return value 0)
		Usr 0 00:00:00, Sys 0 00:00:00  -  Run Remote Usage
		Usr 0 00:00:00, Sys 0 00:00:00  -  Run Local Usage
		Usr 0 00:00:00, Sys 0 00:00:00  -  Total Remote Usage
		Usr 0 00:00:00, Sys 0 00:00:00  -  Total Local Usage
	0  -  Run Bytes Sent By Job
	0  -  Run Bytes Received By Job
	0  -  Total Bytes Sent By Job
	0  -  Total Bytes Received By Job
	Partitionable Resources :    Usage  Request          
	   Cpus                 :                 1          
	   Disk (KB)            :        2        2          
	   Memory (MB)          :        5     1024          
...
000 (124007.004.000) 05/30 14:31:41 Job submitted from host: <192.168.100.49:39849>
...
001 (124007.004.000) 05/30 14:34:13 Job executing on host: <192.168.100.51:39141>
...
006 (124007.004.000) 05/30 14:34:21 Image size of job updated: 3696344
	596  -  MemoryUsage of job (MB)
	609600  -  ResidentSetSize of job (KB)
...
006 (124007.004.000) 05/30 14:39:21 Image size of job updated: 15889160
	12523  -  MemoryUsage of job (MB)
	12822664  -  ResidentSetSize of job (KB)
...
006 (124007.004.000) 05/30 14:44:21 Image size of job updated: 15999792
	12631  -  MemoryUsage of job (MB)
	12933916  -  ResidentSetSize of job (KB)
...
006 (124007.004.000) 05/30 14:49:21 Image size of job updated: 16109540
	12739  -  MemoryUsage of job (MB)
	13044192  -  ResidentSetSize of job (KB)
...
006 (124007.004.000) 05/30 14:49:47 Image size of job updated: 16118600
	12739  -  MemoryUsage of job (MB)
	13044192  -  ResidentSetSize of job (KB)
...
005 (124007.004.000) 05/30 14:49:47 Job terminated.
	(1) Normal termination (return value 0)
		Usr 0 00:31:28, Sys 0 00:00:13  -  Run Remote Usage
		Usr 0 00:00:00, Sys 0 00:00:00  -  Run Local Usage
		Usr 0 00:31:28, Sys 0 00:00:13  -  Total Remote Usage
		Usr 0 00:00:00, Sys 0 00:00:00  -  Total Local Usage
	0  -  Run Bytes Sent By Job
	0  -  Run Bytes Received By Job
	0  -  Total Bytes Sent By Job
	0  -  Total Bytes Received By Job
	Partitionable Resources :    Usage  Request          
	   Cpus                 :                 1          
	   Disk (KB)            :        2        2          
	   Memory (MB)          :    12739     8192          
...
