000 (127935.000.000) 05/19 17:49:40 Job submitted from host: <192.168.100.50:50435>
...
001 (127935.000.000) 05/19 17:49:59 Job executing on host: <192.168.100.63:59831>
...
006 (127935.000.000) 05/19 17:50:08 Image size of job updated: 2
	3  -  MemoryUsage of job (MB)
	2100  -  ResidentSetSize of job (KB)
...
006 (127935.000.000) 05/19 17:55:09 Image size of job updated: 1738924
	594  -  MemoryUsage of job (MB)
	608172  -  ResidentSetSize of job (KB)
...
006 (127935.000.000) 05/19 18:00:10 Image size of job updated: 1835600
	689  -  MemoryUsage of job (MB)
	704868  -  ResidentSetSize of job (KB)
...
006 (127935.000.000) 05/19 18:05:11 Image size of job updated: 1895040
	744  -  MemoryUsage of job (MB)
	760900  -  ResidentSetSize of job (KB)
...
006 (127935.000.000) 05/19 18:07:58 Image size of job updated: 1975572
	744  -  MemoryUsage of job (MB)
	760900  -  ResidentSetSize of job (KB)
...
005 (127935.000.000) 05/19 18:07:58 Job terminated.
	(1) Normal termination (return value 0)
		Usr 0 00:24:47, Sys 0 00:00:35  -  Run Remote Usage
		Usr 0 00:00:00, Sys 0 00:00:00  -  Run Local Usage
		Usr 0 00:24:47, Sys 0 00:00:35  -  Total Remote Usage
		Usr 0 00:00:00, Sys 0 00:00:00  -  Total Local Usage
	0  -  Run Bytes Sent By Job
	0  -  Run Bytes Received By Job
	0  -  Total Bytes Sent By Job
	0  -  Total Bytes Received By Job
	Partitionable Resources :    Usage  Request          
	   Cpus                 :                 1          
	   Disk (KB)            :        2        2          
	   Memory (MB)          :      744     1024          
...
