000 (134060.000.000) 05/30 18:48:10 Job submitted from host: <192.168.100.50:50435>
...
001 (134060.000.000) 05/30 18:50:11 Job executing on host: <192.168.100.51:39141>
...
006 (134060.000.000) 05/30 18:50:20 Image size of job updated: 447584
	55  -  MemoryUsage of job (MB)
	56032  -  ResidentSetSize of job (KB)
...
006 (134060.000.000) 05/30 18:55:21 Image size of job updated: 15819288
	12453  -  MemoryUsage of job (MB)
	12751312  -  ResidentSetSize of job (KB)
...
006 (134060.000.000) 05/30 19:00:22 Image size of job updated: 15864680
	12496  -  MemoryUsage of job (MB)
	12795624  -  ResidentSetSize of job (KB)
...
006 (134060.000.000) 05/30 19:05:23 Image size of job updated: 15910916
	12543  -  MemoryUsage of job (MB)
	12843960  -  ResidentSetSize of job (KB)
...
006 (134060.000.000) 05/30 19:10:23 Image size of job updated: 15947296
	12578  -  MemoryUsage of job (MB)
	12879700  -  ResidentSetSize of job (KB)
...
006 (134060.000.000) 05/30 19:11:44 Image size of job updated: 15956108
	12578  -  MemoryUsage of job (MB)
	12879700  -  ResidentSetSize of job (KB)
...
005 (134060.000.000) 05/30 19:11:44 Job terminated.
	(1) Normal termination (return value 0)
		Usr 0 00:32:55, Sys 0 00:00:11  -  Run Remote Usage
		Usr 0 00:00:00, Sys 0 00:00:00  -  Run Local Usage
		Usr 0 00:32:55, Sys 0 00:00:11  -  Total Remote Usage
		Usr 0 00:00:00, Sys 0 00:00:00  -  Total Local Usage
	0  -  Run Bytes Sent By Job
	0  -  Run Bytes Received By Job
	0  -  Total Bytes Sent By Job
	0  -  Total Bytes Received By Job
	Partitionable Resources :    Usage  Request          
	   Cpus                 :                 1          
	   Disk (KB)            :        2        2          
	   Memory (MB)          :    12578    15360          
...
