000 (134060.002.000) 05/30 18:48:10 Job submitted from host: <192.168.100.50:50435>
...
001 (134060.002.000) 05/30 18:48:41 Job executing on host: <192.168.100.51:39141>
...
006 (134060.002.000) 05/30 18:48:50 Image size of job updated: 3998724
	826  -  MemoryUsage of job (MB)
	845072  -  ResidentSetSize of job (KB)
...
006 (134060.002.000) 05/30 18:53:51 Image size of job updated: 15914704
	12482  -  MemoryUsage of job (MB)
	12781172  -  ResidentSetSize of job (KB)
...
006 (134060.002.000) 05/30 18:58:52 Image size of job updated: 15950056
	12517  -  MemoryUsage of job (MB)
	12817284  -  ResidentSetSize of job (KB)
...
006 (134060.002.000) 05/30 19:03:52 Image size of job updated: 15989624
	12556  -  MemoryUsage of job (MB)
	12857212  -  ResidentSetSize of job (KB)
...
006 (134060.002.000) 05/30 19:08:52 Image size of job updated: 16007820
	12572  -  MemoryUsage of job (MB)
	12873024  -  ResidentSetSize of job (KB)
...
006 (134060.002.000) 05/30 19:11:31 Image size of job updated: 16022436
	12572  -  MemoryUsage of job (MB)
	12873024  -  ResidentSetSize of job (KB)
...
005 (134060.002.000) 05/30 19:11:31 Job terminated.
	(1) Normal termination (return value 0)
		Usr 0 00:34:24, Sys 0 00:00:11  -  Run Remote Usage
		Usr 0 00:00:00, Sys 0 00:00:00  -  Run Local Usage
		Usr 0 00:34:24, Sys 0 00:00:11  -  Total Remote Usage
		Usr 0 00:00:00, Sys 0 00:00:00  -  Total Local Usage
	0  -  Run Bytes Sent By Job
	0  -  Run Bytes Received By Job
	0  -  Total Bytes Sent By Job
	0  -  Total Bytes Received By Job
	Partitionable Resources :    Usage  Request          
	   Cpus                 :                 1          
	   Disk (KB)            :        2        2          
	   Memory (MB)          :    12572    15360          
...
