000 (134060.003.000) 05/30 18:48:10 Job submitted from host: <192.168.100.50:50435>
...
001 (134060.003.000) 05/30 18:48:41 Job executing on host: <192.168.100.51:39141>
...
006 (134060.003.000) 05/30 18:48:50 Image size of job updated: 4060728
	897  -  MemoryUsage of job (MB)
	918456  -  ResidentSetSize of job (KB)
...
006 (134060.003.000) 05/30 18:53:51 Image size of job updated: 15903336
	12483  -  MemoryUsage of job (MB)
	12782168  -  ResidentSetSize of job (KB)
...
006 (134060.003.000) 05/30 18:58:52 Image size of job updated: 15936328
	12516  -  MemoryUsage of job (MB)
	12815724  -  ResidentSetSize of job (KB)
...
006 (134060.003.000) 05/30 19:03:52 Image size of job updated: 15976896
	12555  -  MemoryUsage of job (MB)
	12855624  -  ResidentSetSize of job (KB)
...
006 (134060.003.000) 05/30 19:08:52 Image size of job updated: 16008916
	12579  -  MemoryUsage of job (MB)
	12880612  -  ResidentSetSize of job (KB)
...
006 (134060.003.000) 05/30 19:11:27 Image size of job updated: 16027704
	12579  -  MemoryUsage of job (MB)
	12880612  -  ResidentSetSize of job (KB)
...
005 (134060.003.000) 05/30 19:11:27 Job terminated.
	(1) Normal termination (return value 0)
		Usr 0 00:34:01, Sys 0 00:00:11  -  Run Remote Usage
		Usr 0 00:00:00, Sys 0 00:00:00  -  Run Local Usage
		Usr 0 00:34:01, Sys 0 00:00:11  -  Total Remote Usage
		Usr 0 00:00:00, Sys 0 00:00:00  -  Total Local Usage
	0  -  Run Bytes Sent By Job
	0  -  Run Bytes Received By Job
	0  -  Total Bytes Sent By Job
	0  -  Total Bytes Received By Job
	Partitionable Resources :    Usage  Request          
	   Cpus                 :                 1          
	   Disk (KB)            :        2        2          
	   Memory (MB)          :    12579    15360          
...
