000 (134060.004.000) 05/30 18:48:10 Job submitted from host: <192.168.100.50:50435>
...
001 (134060.004.000) 05/30 18:48:41 Job executing on host: <192.168.100.51:39141>
...
006 (134060.004.000) 05/30 18:48:50 Image size of job updated: 3711192
	606  -  MemoryUsage of job (MB)
	620124  -  ResidentSetSize of job (KB)
...
006 (134060.004.000) 05/30 18:53:51 Image size of job updated: 15860976
	12495  -  MemoryUsage of job (MB)
	12794256  -  ResidentSetSize of job (KB)
...
006 (134060.004.000) 05/30 18:58:52 Image size of job updated: 15909184
	12543  -  MemoryUsage of job (MB)
	12843164  -  ResidentSetSize of job (KB)
...
006 (134060.004.000) 05/30 19:03:52 Image size of job updated: 15955244
	12588  -  MemoryUsage of job (MB)
	12889260  -  ResidentSetSize of job (KB)
...
006 (134060.004.000) 05/30 19:08:52 Image size of job updated: 15980412
	12606  -  MemoryUsage of job (MB)
	12908128  -  ResidentSetSize of job (KB)
...
006 (134060.004.000) 05/30 19:11:37 Image size of job updated: 15994876
	12606  -  MemoryUsage of job (MB)
	12908128  -  ResidentSetSize of job (KB)
...
005 (134060.004.000) 05/30 19:11:37 Job terminated.
	(1) Normal termination (return value 0)
		Usr 0 00:34:58, Sys 0 00:00:14  -  Run Remote Usage
		Usr 0 00:00:00, Sys 0 00:00:00  -  Run Local Usage
		Usr 0 00:34:58, Sys 0 00:00:14  -  Total Remote Usage
		Usr 0 00:00:00, Sys 0 00:00:00  -  Total Local Usage
	0  -  Run Bytes Sent By Job
	0  -  Run Bytes Received By Job
	0  -  Total Bytes Sent By Job
	0  -  Total Bytes Received By Job
	Partitionable Resources :    Usage  Request          
	   Cpus                 :                 1          
	   Disk (KB)            :        2        2          
	   Memory (MB)          :    12606    15360          
...
