000 (124001.007.000) 05/30 14:07:59 Job submitted from host: <192.168.100.49:39849>
...
001 (124001.007.000) 05/30 14:11:59 Job executing on host: <192.168.100.69:43998>
...
006 (124001.007.000) 05/30 14:12:00 Image size of job updated: 397304
	0  -  MemoryUsage of job (MB)
	0  -  ResidentSetSize of job (KB)
...
005 (124001.007.000) 05/30 14:12:00 Job terminated.
	(1) Normal termination (return value 0)
		Usr 0 00:00:00, Sys 0 00:00:00  -  Run Remote Usage
		Usr 0 00:00:00, Sys 0 00:00:00  -  Run Local Usage
		Usr 0 00:00:00, Sys 0 00:00:00  -  Total Remote Usage
		Usr 0 00:00:00, Sys 0 00:00:00  -  Total Local Usage
	0  -  Run Bytes Sent By Job
	0  -  Run Bytes Received By Job
	0  -  Total Bytes Sent By Job
	0  -  Total Bytes Received By Job
	Partitionable Resources :    Usage  Request          
	   Cpus                 :                 1          
	   Disk (KB)            :        2        2          
	   Memory (MB)          :        0     1024          
...
000 (124007.007.000) 05/30 14:31:41 Job submitted from host: <192.168.100.49:39849>
...
001 (124007.007.000) 05/30 14:32:14 Job executing on host: <192.168.100.59:51381>
...
006 (124007.007.000) 05/30 14:32:24 Image size of job updated: 2
	3  -  MemoryUsage of job (MB)
	2096  -  ResidentSetSize of job (KB)
...
006 (124007.007.000) 05/30 14:37:24 Image size of job updated: 16069072
	12699  -  MemoryUsage of job (MB)
	13003324  -  ResidentSetSize of job (KB)
...
006 (124007.007.000) 05/30 14:41:19 Image size of job updated: 16184028
	12699  -  MemoryUsage of job (MB)
	13003324  -  ResidentSetSize of job (KB)
...
005 (124007.007.000) 05/30 14:41:19 Job terminated.
	(1) Normal termination (return value 0)
		Usr 0 00:30:00, Sys 0 00:00:10  -  Run Remote Usage
		Usr 0 00:00:00, Sys 0 00:00:00  -  Run Local Usage
		Usr 0 00:30:00, Sys 0 00:00:10  -  Total Remote Usage
		Usr 0 00:00:00, Sys 0 00:00:00  -  Total Local Usage
	0  -  Run Bytes Sent By Job
	0  -  Run Bytes Received By Job
	0  -  Total Bytes Sent By Job
	0  -  Total Bytes Received By Job
	Partitionable Resources :    Usage  Request          
	   Cpus                 :                 1          
	   Disk (KB)            :        2        2          
	   Memory (MB)          :    12699     8192          
...
