000 (126975.000.000) 04/25 15:29:04 Job submitted from host: <192.168.100.50:50435>
...
001 (126975.000.000) 04/25 15:29:06 Job executing on host: <192.168.100.51:39141>
...
006 (126975.000.000) 04/25 15:29:15 Image size of job updated: 475796
	71  -  MemoryUsage of job (MB)
	72292  -  ResidentSetSize of job (KB)
...
006 (126975.000.000) 04/25 15:34:16 Image size of job updated: 504980
	71  -  MemoryUsage of job (MB)
	72292  -  ResidentSetSize of job (KB)
...
006 (126975.000.000) 04/25 15:44:18 Image size of job updated: 504980
	97  -  MemoryUsage of job (MB)
	99056  -  ResidentSetSize of job (KB)
...
006 (126975.000.000) 04/25 15:54:20 Image size of job updated: 508684
	97  -  MemoryUsage of job (MB)
	99056  -  ResidentSetSize of job (KB)
...
006 (126975.000.000) 04/25 15:59:21 Image size of job updated: 509784
	97  -  MemoryUsage of job (MB)
	99056  -  ResidentSetSize of job (KB)
...
005 (126975.000.000) 04/25 16:19:13 Job terminated.
	(1) Normal termination (return value 0)
		Usr 0 00:19:09, Sys 0 00:00:07  -  Run Remote Usage
		Usr 0 00:00:00, Sys 0 00:00:00  -  Run Local Usage
		Usr 0 00:19:09, Sys 0 00:00:07  -  Total Remote Usage
		Usr 0 00:00:00, Sys 0 00:00:00  -  Total Local Usage
	0  -  Run Bytes Sent By Job
	0  -  Run Bytes Received By Job
	0  -  Total Bytes Sent By Job
	0  -  Total Bytes Received By Job
	Partitionable Resources :    Usage  Request          
	   Cpus                 :                 1          
	   Disk (KB)            :        1        1          
	   Memory (MB)          :       97     1024          
...
000 (126978.000.000) 04/25 17:14:35 Job submitted from host: <192.168.100.50:50435>
...
001 (126978.000.000) 04/25 17:14:55 Job executing on host: <192.168.100.59:51381>
...
006 (126978.000.000) 04/25 17:15:03 Image size of job updated: 1
	3  -  MemoryUsage of job (MB)
	2100  -  ResidentSetSize of job (KB)
...
006 (126978.000.000) 04/25 17:15:09 Image size of job updated: 487216
	3  -  MemoryUsage of job (MB)
	2100  -  ResidentSetSize of job (KB)
...
004 (126978.000.000) 04/25 17:15:09 Job was evicted.
	(0) Job was not checkpointed.
		Usr 0 00:00:02, Sys 0 00:00:00  -  Run Remote Usage
		Usr 0 00:00:00, Sys 0 00:00:00  -  Run Local Usage
	0  -  Run Bytes Sent By Job
	0  -  Run Bytes Received By Job
	Partitionable Resources :    Usage  Request          
	   Cpus                 :                 1          
	   Disk (KB)            :        1        1          
	   Memory (MB)          :        3     1024          
...
009 (126978.000.000) 04/25 17:15:10 Job was aborted by the user.
	via condor_rm (by user amkahn)
...
000 (126979.000.000) 04/25 17:25:33 Job submitted from host: <192.168.100.50:50435>
...
001 (126979.000.000) 04/25 17:25:49 Job executing on host: <192.168.100.59:51381>
...
006 (126979.000.000) 04/25 17:25:58 Image size of job updated: 436068
	49  -  MemoryUsage of job (MB)
	49760  -  ResidentSetSize of job (KB)
...
006 (126979.000.000) 04/25 17:30:59 Image size of job updated: 508112
	102  -  MemoryUsage of job (MB)
	103992  -  ResidentSetSize of job (KB)
...
006 (126979.000.000) 04/25 17:36:00 Image size of job updated: 512036
	103  -  MemoryUsage of job (MB)
	105144  -  ResidentSetSize of job (KB)
...
006 (126979.000.000) 04/25 17:41:01 Image size of job updated: 513256
	103  -  MemoryUsage of job (MB)
	105144  -  ResidentSetSize of job (KB)
...
006 (126979.000.000) 04/25 17:49:07 Image size of job updated: 514896
	103  -  MemoryUsage of job (MB)
	105144  -  ResidentSetSize of job (KB)
...
005 (126979.000.000) 04/25 17:49:07 Job terminated.
	(1) Normal termination (return value 0)
		Usr 0 00:08:22, Sys 0 00:00:01  -  Run Remote Usage
		Usr 0 00:00:00, Sys 0 00:00:00  -  Run Local Usage
		Usr 0 00:08:22, Sys 0 00:00:01  -  Total Remote Usage
		Usr 0 00:00:00, Sys 0 00:00:00  -  Total Local Usage
	0  -  Run Bytes Sent By Job
	0  -  Run Bytes Received By Job
	0  -  Total Bytes Sent By Job
	0  -  Total Bytes Received By Job
	Partitionable Resources :    Usage  Request          
	   Cpus                 :                 1          
	   Disk (KB)            :        1        1          
	   Memory (MB)          :      103     1024          
...
000 (126980.000.000) 04/25 18:12:56 Job submitted from host: <192.168.100.50:50435>
...
001 (126980.000.000) 04/25 18:13:09 Job executing on host: <192.168.100.51:39141>
...
006 (126980.000.000) 04/25 18:13:17 Image size of job updated: 1
	3  -  MemoryUsage of job (MB)
	2104  -  ResidentSetSize of job (KB)
...
000 (126981.000.000) 04/25 18:16:50 Job submitted from host: <192.168.100.50:50435>
...
001 (126981.000.000) 04/25 18:16:59 Job executing on host: <192.168.100.59:51381>
...
006 (126981.000.000) 04/25 18:17:01 Image size of job updated: 389168
	0  -  MemoryUsage of job (MB)
	0  -  ResidentSetSize of job (KB)
...
004 (126981.000.000) 04/25 18:17:01 Job was evicted.
	(0) Job was not checkpointed.
		Usr 0 00:00:00, Sys 0 00:00:00  -  Run Remote Usage
		Usr 0 00:00:00, Sys 0 00:00:00  -  Run Local Usage
	0  -  Run Bytes Sent By Job
	0  -  Run Bytes Received By Job
	Partitionable Resources :    Usage  Request          
	   Cpus                 :                 1          
	   Disk (KB)            :        1        1          
	   Memory (MB)          :        0     1024          
...
009 (126981.000.000) 04/25 18:17:01 Job was aborted by the user.
	via condor_rm (by user amkahn)
...
006 (126980.000.000) 04/25 18:17:01 Image size of job updated: 505020
	3  -  MemoryUsage of job (MB)
	2104  -  ResidentSetSize of job (KB)
...
004 (126980.000.000) 04/25 18:17:01 Job was evicted.
	(0) Job was not checkpointed.
		Usr 0 00:01:16, Sys 0 00:00:00  -  Run Remote Usage
		Usr 0 00:00:00, Sys 0 00:00:00  -  Run Local Usage
	0  -  Run Bytes Sent By Job
	0  -  Run Bytes Received By Job
	Partitionable Resources :    Usage  Request          
	   Cpus                 :                 1          
	   Disk (KB)            :        1        1          
	   Memory (MB)          :        3     1024          
...
009 (126980.000.000) 04/25 18:17:01 Job was aborted by the user.
	via condor_rm (by user amkahn)
...
000 (126982.000.000) 04/25 18:17:04 Job submitted from host: <192.168.100.50:50435>
...
001 (126982.000.000) 04/25 18:17:20 Job executing on host: <192.168.100.59:51381>
...
006 (126982.000.000) 04/25 18:17:28 Image size of job updated: 1
	3  -  MemoryUsage of job (MB)
	2096  -  ResidentSetSize of job (KB)
...
006 (126982.000.000) 04/25 18:22:28 Image size of job updated: 506628
	89  -  MemoryUsage of job (MB)
	90956  -  ResidentSetSize of job (KB)
...
006 (126982.000.000) 04/25 18:32:28 Image size of job updated: 512656
	89  -  MemoryUsage of job (MB)
	90956  -  ResidentSetSize of job (KB)
...
006 (126982.000.000) 04/25 18:37:28 Image size of job updated: 513776
	107  -  MemoryUsage of job (MB)
	109024  -  ResidentSetSize of job (KB)
...
006 (126982.000.000) 04/25 18:42:29 Image size of job updated: 515696
	107  -  MemoryUsage of job (MB)
	109024  -  ResidentSetSize of job (KB)
...
005 (126982.000.000) 04/25 18:59:04 Job terminated.
	(1) Normal termination (return value 0)
		Usr 0 00:15:09, Sys 0 00:00:03  -  Run Remote Usage
		Usr 0 00:00:00, Sys 0 00:00:00  -  Run Local Usage
		Usr 0 00:15:09, Sys 0 00:00:03  -  Total Remote Usage
		Usr 0 00:00:00, Sys 0 00:00:00  -  Total Local Usage
	0  -  Run Bytes Sent By Job
	0  -  Run Bytes Received By Job
	0  -  Total Bytes Sent By Job
	0  -  Total Bytes Received By Job
	Partitionable Resources :    Usage  Request          
	   Cpus                 :                 1          
	   Disk (KB)            :        1        1          
	   Memory (MB)          :      107     1024          
...
