000 (127817.000.000) 05/16 14:19:03 Job submitted from host: <192.168.100.50:50435>
...
001 (127817.000.000) 05/16 14:19:11 Job executing on host: <192.168.100.51:39141>
...
006 (127817.000.000) 05/16 14:19:20 Image size of job updated: 4131320
	950  -  MemoryUsage of job (MB)
	971804  -  ResidentSetSize of job (KB)
...
006 (127817.000.000) 05/16 14:22:56 Image size of job updated: 5543272
	950  -  MemoryUsage of job (MB)
	971804  -  ResidentSetSize of job (KB)
...
005 (127817.000.000) 05/16 14:22:56 Job terminated.
	(1) Normal termination (return value 0)
		Usr 0 00:20:21, Sys 0 00:00:15  -  Run Remote Usage
		Usr 0 00:00:00, Sys 0 00:00:00  -  Run Local Usage
		Usr 0 00:20:21, Sys 0 00:00:15  -  Total Remote Usage
		Usr 0 00:00:00, Sys 0 00:00:00  -  Total Local Usage
	0  -  Run Bytes Sent By Job
	0  -  Run Bytes Received By Job
	0  -  Total Bytes Sent By Job
	0  -  Total Bytes Received By Job
	Partitionable Resources :    Usage  Request          
	   Cpus                 :                 1          
	   Disk (KB)            :        2        2          
	   Memory (MB)          :      950     1024          
...
000 (127819.000.000) 05/16 14:25:42 Job submitted from host: <192.168.100.50:50435>
...
001 (127819.000.000) 05/16 14:25:57 Job executing on host: <192.168.100.59:51381>
...
006 (127819.000.000) 05/16 14:26:06 Image size of job updated: 2
	3  -  MemoryUsage of job (MB)
	2104  -  ResidentSetSize of job (KB)
...
006 (127819.000.000) 05/16 14:29:14 Image size of job updated: 5481216
	3  -  MemoryUsage of job (MB)
	2104  -  ResidentSetSize of job (KB)
...
005 (127819.000.000) 05/16 14:29:14 Job terminated.
	(1) Normal termination (return value 0)
		Usr 0 00:18:37, Sys 0 00:00:08  -  Run Remote Usage
		Usr 0 00:00:00, Sys 0 00:00:00  -  Run Local Usage
		Usr 0 00:18:37, Sys 0 00:00:08  -  Total Remote Usage
		Usr 0 00:00:00, Sys 0 00:00:00  -  Total Local Usage
	0  -  Run Bytes Sent By Job
	0  -  Run Bytes Received By Job
	0  -  Total Bytes Sent By Job
	0  -  Total Bytes Received By Job
	Partitionable Resources :    Usage  Request          
	   Cpus                 :                 1          
	   Disk (KB)            :        2        2          
	   Memory (MB)          :        3     1024          
...
