000 (127979.000.000) 05/20 18:53:19 Job submitted from host: <192.168.100.50:50435>
...
001 (127979.000.000) 05/20 18:53:24 Job executing on host: <192.168.100.51:39141>
...
006 (127979.000.000) 05/20 18:53:33 Image size of job updated: 4383980
	1266  -  MemoryUsage of job (MB)
	1296156  -  ResidentSetSize of job (KB)
...
006 (127979.000.000) 05/20 18:57:12 Image size of job updated: 5617748
	1266  -  MemoryUsage of job (MB)
	1296156  -  ResidentSetSize of job (KB)
...
005 (127979.000.000) 05/20 18:57:12 Job terminated.
	(1) Normal termination (return value 0)
		Usr 0 00:21:55, Sys 0 00:00:15  -  Run Remote Usage
		Usr 0 00:00:00, Sys 0 00:00:00  -  Run Local Usage
		Usr 0 00:21:55, Sys 0 00:00:15  -  Total Remote Usage
		Usr 0 00:00:00, Sys 0 00:00:00  -  Total Local Usage
	0  -  Run Bytes Sent By Job
	0  -  Run Bytes Received By Job
	0  -  Total Bytes Sent By Job
	0  -  Total Bytes Received By Job
	Partitionable Resources :    Usage  Request          
	   Cpus                 :                 1          
	   Disk (KB)            :        2        2          
	   Memory (MB)          :     1266     1024          
...
000 (127980.000.000) 05/20 19:14:07 Job submitted from host: <192.168.100.50:50435>
...
001 (127980.000.000) 05/20 19:14:18 Job executing on host: <192.168.100.51:39141>
...
006 (127980.000.000) 05/20 19:14:27 Image size of job updated: 2
	3  -  MemoryUsage of job (MB)
	2108  -  ResidentSetSize of job (KB)
...
006 (127980.000.000) 05/20 19:18:08 Image size of job updated: 5616980
	3  -  MemoryUsage of job (MB)
	2108  -  ResidentSetSize of job (KB)
...
005 (127980.000.000) 05/20 19:18:08 Job terminated.
	(1) Normal termination (return value 0)
		Usr 0 00:21:55, Sys 0 00:00:15  -  Run Remote Usage
		Usr 0 00:00:00, Sys 0 00:00:00  -  Run Local Usage
		Usr 0 00:21:55, Sys 0 00:00:15  -  Total Remote Usage
		Usr 0 00:00:00, Sys 0 00:00:00  -  Total Local Usage
	0  -  Run Bytes Sent By Job
	0  -  Run Bytes Received By Job
	0  -  Total Bytes Sent By Job
	0  -  Total Bytes Received By Job
	Partitionable Resources :    Usage  Request          
	   Cpus                 :                 1          
	   Disk (KB)            :        2        2          
	   Memory (MB)          :        3     1024          
...
000 (127981.000.000) 05/20 19:19:33 Job submitted from host: <192.168.100.50:50435>
...
001 (127981.000.000) 05/20 19:19:40 Job executing on host: <192.168.100.59:51381>
...
006 (127981.000.000) 05/20 19:19:48 Image size of job updated: 2
	3  -  MemoryUsage of job (MB)
	2108  -  ResidentSetSize of job (KB)
...
006 (127981.000.000) 05/20 19:23:01 Image size of job updated: 5681224
	3  -  MemoryUsage of job (MB)
	2108  -  ResidentSetSize of job (KB)
...
005 (127981.000.000) 05/20 19:23:01 Job terminated.
	(1) Normal termination (return value 0)
		Usr 0 00:19:46, Sys 0 00:00:08  -  Run Remote Usage
		Usr 0 00:00:00, Sys 0 00:00:00  -  Run Local Usage
		Usr 0 00:19:46, Sys 0 00:00:08  -  Total Remote Usage
		Usr 0 00:00:00, Sys 0 00:00:00  -  Total Local Usage
	0  -  Run Bytes Sent By Job
	0  -  Run Bytes Received By Job
	0  -  Total Bytes Sent By Job
	0  -  Total Bytes Received By Job
	Partitionable Resources :    Usage  Request          
	   Cpus                 :                 1          
	   Disk (KB)            :        2        2          
	   Memory (MB)          :        3     1024          
...
