000 (127441.002.000) 05/10 15:06:08 Job submitted from host: <192.168.100.50:50435>
...
001 (127441.002.000) 05/10 15:06:39 Job executing on host: <192.168.100.55:36799>
...
006 (127441.002.000) 05/10 15:06:41 Image size of job updated: 2
	0  -  MemoryUsage of job (MB)
	0  -  ResidentSetSize of job (KB)
...
005 (127441.002.000) 05/10 15:06:41 Job terminated.
	(1) Normal termination (return value 0)
		Usr 0 00:00:00, Sys 0 00:00:00  -  Run Remote Usage
		Usr 0 00:00:00, Sys 0 00:00:00  -  Run Local Usage
		Usr 0 00:00:00, Sys 0 00:00:00  -  Total Remote Usage
		Usr 0 00:00:00, Sys 0 00:00:00  -  Total Local Usage
	0  -  Run Bytes Sent By Job
	0  -  Run Bytes Received By Job
	0  -  Total Bytes Sent By Job
	0  -  Total Bytes Received By Job
	Partitionable Resources :    Usage  Request          
	   Cpus                 :                 1          
	   Disk (KB)            :        2        2          
	   Memory (MB)          :        0     1024          
...
000 (127442.002.000) 05/10 15:07:42 Job submitted from host: <192.168.100.50:50435>
...
001 (127442.002.000) 05/10 15:07:58 Job executing on host: <192.168.100.69:43998>
...
006 (127442.002.000) 05/10 15:08:00 Image size of job updated: 2
	0  -  MemoryUsage of job (MB)
	0  -  ResidentSetSize of job (KB)
...
005 (127442.002.000) 05/10 15:08:00 Job terminated.
	(1) Normal termination (return value 0)
		Usr 0 00:00:00, Sys 0 00:00:00  -  Run Remote Usage
		Usr 0 00:00:00, Sys 0 00:00:00  -  Run Local Usage
		Usr 0 00:00:00, Sys 0 00:00:00  -  Total Remote Usage
		Usr 0 00:00:00, Sys 0 00:00:00  -  Total Local Usage
	0  -  Run Bytes Sent By Job
	0  -  Run Bytes Received By Job
	0  -  Total Bytes Sent By Job
	0  -  Total Bytes Received By Job
	Partitionable Resources :    Usage  Request          
	   Cpus                 :                 1          
	   Disk (KB)            :        2        2          
	   Memory (MB)          :        0     1024          
...
000 (127443.002.000) 05/10 15:08:50 Job submitted from host: <192.168.100.50:50435>
...
001 (127443.002.000) 05/10 15:08:51 Job executing on host: <192.168.100.69:43998>
...
006 (127443.002.000) 05/10 15:08:59 Image size of job updated: 2
	3  -  MemoryUsage of job (MB)
	2104  -  ResidentSetSize of job (KB)
...
010 (127443.002.000) 05/10 15:11:10 Job was suspended.
	Number of processes actually suspended: 10
...
006 (127443.002.000) 05/10 15:11:10 Image size of job updated: 4337860
	1238  -  MemoryUsage of job (MB)
	1267400  -  ResidentSetSize of job (KB)
...
011 (127443.002.000) 05/10 15:12:55 Job was unsuspended.
...
006 (127443.002.000) 05/10 15:13:59 Image size of job updated: 4550296
	1443  -  MemoryUsage of job (MB)
	1476804  -  ResidentSetSize of job (KB)
...
006 (127443.002.000) 05/10 15:14:59 Image size of job updated: 4711092
	1443  -  MemoryUsage of job (MB)
	1476804  -  ResidentSetSize of job (KB)
...
005 (127443.002.000) 05/10 15:14:59 Job terminated.
	(1) Normal termination (return value 0)
		Usr 0 00:17:00, Sys 0 00:00:22  -  Run Remote Usage
		Usr 0 00:00:00, Sys 0 00:00:00  -  Run Local Usage
		Usr 0 00:17:00, Sys 0 00:00:22  -  Total Remote Usage
		Usr 0 00:00:00, Sys 0 00:00:00  -  Total Local Usage
	0  -  Run Bytes Sent By Job
	0  -  Run Bytes Received By Job
	0  -  Total Bytes Sent By Job
	0  -  Total Bytes Received By Job
	Partitionable Resources :    Usage  Request          
	   Cpus                 :                 1          
	   Disk (KB)            :        2        2          
	   Memory (MB)          :     1443     1024          
...
000 (127458.002.000) 05/10 17:37:06 Job submitted from host: <192.168.100.50:50435>
...
001 (127458.002.000) 05/10 17:37:07 Job executing on host: <192.168.100.69:43998>
...
006 (127458.002.000) 05/10 17:37:16 Image size of job updated: 2
	3  -  MemoryUsage of job (MB)
	2112  -  ResidentSetSize of job (KB)
...
010 (127458.002.000) 05/10 17:39:32 Job was suspended.
	Number of processes actually suspended: 10
...
006 (127458.002.000) 05/10 17:39:32 Image size of job updated: 4359368
	1260  -  MemoryUsage of job (MB)
	1289456  -  ResidentSetSize of job (KB)
...
011 (127458.002.000) 05/10 17:41:17 Job was unsuspended.
...
006 (127458.002.000) 05/10 17:42:17 Image size of job updated: 4598676
	1493  -  MemoryUsage of job (MB)
	1528312  -  ResidentSetSize of job (KB)
...
006 (127458.002.000) 05/10 17:43:06 Image size of job updated: 4744836
	1493  -  MemoryUsage of job (MB)
	1528312  -  ResidentSetSize of job (KB)
...
005 (127458.002.000) 05/10 17:43:06 Job terminated.
	(1) Normal termination (return value 0)
		Usr 0 00:17:40, Sys 0 00:00:23  -  Run Remote Usage
		Usr 0 00:00:00, Sys 0 00:00:00  -  Run Local Usage
		Usr 0 00:17:40, Sys 0 00:00:23  -  Total Remote Usage
		Usr 0 00:00:00, Sys 0 00:00:00  -  Total Local Usage
	0  -  Run Bytes Sent By Job
	0  -  Run Bytes Received By Job
	0  -  Total Bytes Sent By Job
	0  -  Total Bytes Received By Job
	Partitionable Resources :    Usage  Request          
	   Cpus                 :                 1          
	   Disk (KB)            :        2        2          
	   Memory (MB)          :     1493     1024          
...
