No web search results for query: What+did+football+play+Moon+professional+in+position+Warren
No web search results for query: What+bar+for+show+Boston+television+Cheers+the+was+inspiration
No web search results for query: play+did+Moon+college+in+Where+Warren
No web search results for query: Cheers+What+show+television+broadcast+program+year+the+was+first
No web search results for query: what+In+Moon+born+year+was+Warren
No web search results for query: a+Bowler+many+Pro+Moon+How+times+was+Warren
No web search results for query: Cup+series+of+races+Winston+How+part+are+many+the
No web search results for query: is+Who+agent+Moon+s+Warren
No web search results for query: What+does+LPGA+stand+for
No web search results for query: a+What+tobacco+Cup+of+is+Winston+sponsor+series+the+company
No web search results for query: LPGA+is+headquartered+Where+the
No web search results for query: of+How+tour+part+LPGA+are+many+the+events
No web search results for query: week+On+what+run+for+Cup+of+Winston+races+are+the+day
No web search results for query: 50th+When+anniversary+does+LPGA+the+its+celebrate
No web search results for query: league+What+for+Cup+considered+series+is+Winston+the+minor
No web search results for query: people+of+How+LPGA+were+founders+many
No web search results for query: Mozart+Wolfgang+Where+born+Amadeus+was
No web search results for query: Mozart+Wolfgang+When+born+Amadeus+was
No web search results for query: What+Mozart+did+die+year+Amadeus+Wolfgang
No web search results for query: Institute+is+located+American+Enterprise+the+Where
No web search results for query: Mozart+Wolfgang+Who+s+Amadeus+rival+was
No web search results for query: Mozart+did+many+How+Amadeus+have+Wolfgang+children
No web search results for query: What+full+title+Institute+of+is+American+Enterprise+organization+the
No web search results for query: was+Hitchcock+When+Alfred+born
No web search results for query: was+Hitchcock+Where+Alfred+born
No web search results for query: Institute+When+it+founded+American+Enterprise+was
No web search results for query: What+Hitchcock+movie+s+Alfred+was+first
No web search results for query: Hitchcock+did+Oscar+How+awards+Alfred+many+win
No web search results for query: did+die+Hitchcock+When+Alfred
No web search results for query: vice+Institute+of+is+Who+American+Enterprise+president+senior+the
No web search results for query: did+die+Hitchcock+Where+Alfred
No web search results for query: What+Reeve+Christopher+paralyzed+year+was
No web search results for query: Reeve+movies+did+many+make+How+Christopher+Superman+he
No web search results for query: What+code+zip+Institute+of+is+American+Enterprise+the
No web search results for query: what+made+Reeve+these+years+movies+Christopher+were+During+Superman
No web search results for query: 82nd+division+based+Division+is+US+Airborne+in+the+Where
No web search results for query: Reeve+movies+actress+most+Christopher+Which+in+the+with+costarred+Superman
No web search results for query: 82nd+division+Division+formed+When+Airborne+the+was
No web search results for query: theatrical+What+his+Reeve+did+career+Christopher+year+commence
No web search results for query: 82nd+division+Division+personnel+Airborne+How+many+the+comprise
No web search results for query: Chavez+of+is+Hugo+which+country+president
No web search results for query: Chavez+old+elected+Hugo+when+How+was+first
No web search results for query: 82nd+division+What+Division+is+Airborne+s+motto+the
No web search results for query: Chavez+from+did+Hugo+graduate+Where
No web search results for query: What+Chavez+from+did+Hugo+school+graduate+this+year
No web search results for query: 82nd+division+What+song+is+official+Airborne+Division+s+the
No web search results for query: What+Chavez+did+of+Hugo+receive+2000+vote+percentage+the+Presidential
No web search results for query: King+there+jury+of+were+nonwhite+convicted+William+How+murder+members+many+the+John
No web search results for query: Chavez+Hugo+1998+Who+s+his+race+in+was+Presidential+opponent
No web search results for query: founded+Who+NASCAR
No web search results for query: founded+was+When+NASCAR
No web search results for query: foreman+murder+jury+for+King+of+Who+convicted+William+the+John+was
No web search results for query: control+from+founder+of+Who+took+NASCAR+the
No web search results for query: King+murder+trial+Where+convicted+William+held+of+the+John+was
No web search results for query: from+rights+TV+money+NASCAR+annually+How+much+does+generate
No web search results for query: William+murder+King+of+When+convicted+John+was
No web search results for query: holds+career+of+Who+NASCAR+record+victories+in+the
No web search results for query: King+murder+of+Who+convicted+William+victim+the+John+was
No web search results for query: What+career+of+is+NASCAR+record+victories+in+the+total
No web search results for query: in+government+1999+deposed+Who+by+overthrow+the+Pakistani+was+leader+overthrown
No web search results for query: What+United+of+number+nations+member+2000+UN+in+the+Nations+was
No web search results for query: 1999+power+government+did+When+to+in+the+Pakistani+come+overthrown
No web search results for query: United+Council+many+Nations+How+UN+are+members+in+the+Security+nonpermanent
No web search results for query: What+group+government+1999+in+accomplished+overthrow+the+Pakistani+overthrown
No web search results for query: a+on+United+serve+long+Nations+member+How+does+nonpermanent+Council+UN+the+Security
No web search results for query: after+in+government+1999+Who+nominal+overthrow+the+Pakistani+was+leader+overthrown
No web search results for query: rotate+often+presidency+of+Nations+United+How+does+Council+UN+the+Security
No web search results for query: what+For+government+1999+deposed+guilty+crime+in+found+the+Pakistani+was+leader+overthrown
No web search results for query: United+August+for+1999+of+Who+Nations+UN+Council+President+the+was+Security
No web search results for query: engage+did+marry+When+s+to+Britain+Edward+marries+Prince
No web search results for query: did+marry+Who+s+Britain+Edward+the+marries+Prince
No web search results for query: affairs+United+for+is+Who+political+SecretaryGeneral+Nations+UN+the
No web search results for query: did+marries+honeymoon+s+Britain+Edward+they+Where+Prince
No web search results for query: 1992+University+Who+became+in+President+Tufts
No web search results for query: did+University+Over+preside+other+which+Tufts+university+he
No web search results for query: throne+for+Where+of+time+marries+s+Prince+wedding+Britain+Edward+at+in+line+was+the
No web search results for query: What+1992+was+University+when+became+in+president+he+endowment+Tufts
No web search results for query: What+University+current+endowment+is+Tufts
No web search results for query: What+marries+Britain+s+Edward+the+was+Prince+occupation
No web search results for query: University+many+make+up+How+schools+the+university+Tufts
No web search results for query: on+television+people+many+s+How+Britain+Edward+wedding+the+marries+Prince+viewed
No web search results for query: located+is+Where+University+Tufts
No web search results for query: founded+What+WalMart+was+year
No web search results for query: founded+WalMart+Who
No web search results for query: what+massacred+1997+country+is+in+Luxor+at+In+tourists
No web search results for query: many+employees+there+US+How+WalMart+are+in+the
No web search results for query: worldwide+stores+many+How+WalMart+does+operate
No web search results for query: On+what+massacred+1997+did+Luxor+massacre+tourists+at+in+date+the+happen
