000 (127397.002.000) 05/09 11:34:29 Job submitted from host: <192.168.100.50:50435>
...
001 (127397.002.000) 05/09 11:34:48 Job executing on host: <192.168.100.53:44276>
...
006 (127397.002.000) 05/09 11:34:57 Image size of job updated: 210344
	10  -  MemoryUsage of job (MB)
	9896  -  ResidentSetSize of job (KB)
...
006 (127397.002.000) 05/09 11:35:07 Image size of job updated: 1250576
	10  -  MemoryUsage of job (MB)
	9896  -  ResidentSetSize of job (KB)
...
005 (127397.002.000) 05/09 11:35:07 Job terminated.
	(1) Normal termination (return value 0)
		Usr 0 00:00:08, Sys 0 00:00:00  -  Run Remote Usage
		Usr 0 00:00:00, Sys 0 00:00:00  -  Run Local Usage
		Usr 0 00:00:08, Sys 0 00:00:00  -  Total Remote Usage
		Usr 0 00:00:00, Sys 0 00:00:00  -  Total Local Usage
	0  -  Run Bytes Sent By Job
	0  -  Run Bytes Received By Job
	0  -  Total Bytes Sent By Job
	0  -  Total Bytes Received By Job
	Partitionable Resources :    Usage  Request          
	   Cpus                 :                 1          
	   Disk (KB)            :        1        1          
	   Memory (MB)          :       10     1024          
...
000 (127398.002.000) 05/09 11:37:08 Job submitted from host: <192.168.100.50:50435>
...
001 (127398.002.000) 05/09 11:37:40 Job executing on host: <192.168.100.62:41037>
...
006 (127398.002.000) 05/09 11:37:48 Image size of job updated: 1
	3  -  MemoryUsage of job (MB)
	2100  -  ResidentSetSize of job (KB)
...
006 (127398.002.000) 05/09 11:42:48 Image size of job updated: 1496788
	419  -  MemoryUsage of job (MB)
	428344  -  ResidentSetSize of job (KB)
...
006 (127398.002.000) 05/09 11:47:48 Image size of job updated: 1725600
	640  -  MemoryUsage of job (MB)
	654948  -  ResidentSetSize of job (KB)
...
006 (127398.002.000) 05/09 11:52:48 Image size of job updated: 1898856
	810  -  MemoryUsage of job (MB)
	829232  -  ResidentSetSize of job (KB)
...
006 (127398.002.000) 05/09 11:57:48 Image size of job updated: 2136508
	1041  -  MemoryUsage of job (MB)
	1065424  -  ResidentSetSize of job (KB)
...
006 (127398.002.000) 05/09 11:59:22 Image size of job updated: 2170360
	1041  -  MemoryUsage of job (MB)
	1065424  -  ResidentSetSize of job (KB)
...
005 (127398.002.000) 05/09 11:59:22 Job terminated.
	(1) Normal termination (return value 0)
		Usr 0 00:34:06, Sys 0 00:00:44  -  Run Remote Usage
		Usr 0 00:00:00, Sys 0 00:00:00  -  Run Local Usage
		Usr 0 00:34:06, Sys 0 00:00:44  -  Total Remote Usage
		Usr 0 00:00:00, Sys 0 00:00:00  -  Total Local Usage
	0  -  Run Bytes Sent By Job
	0  -  Run Bytes Received By Job
	0  -  Total Bytes Sent By Job
	0  -  Total Bytes Received By Job
	Partitionable Resources :    Usage  Request          
	   Cpus                 :                 1          
	   Disk (KB)            :        1        1          
	   Memory (MB)          :     1041     1024          
...
