000 (127397.000.000) 05/09 11:34:29 Job submitted from host: <192.168.100.50:50435>
...
001 (127397.000.000) 05/09 11:34:48 Job executing on host: <192.168.100.51:39141>
...
006 (127397.000.000) 05/09 11:34:56 Image size of job updated: 163376
	7  -  MemoryUsage of job (MB)
	6444  -  ResidentSetSize of job (KB)
...
006 (127397.000.000) 05/09 11:35:02 Image size of job updated: 3662460
	7  -  MemoryUsage of job (MB)
	6444  -  ResidentSetSize of job (KB)
...
005 (127397.000.000) 05/09 11:35:02 Job terminated.
	(1) Normal termination (return value 0)
		Usr 0 00:00:14, Sys 0 00:00:00  -  Run Remote Usage
		Usr 0 00:00:00, Sys 0 00:00:00  -  Run Local Usage
		Usr 0 00:00:14, Sys 0 00:00:00  -  Total Remote Usage
		Usr 0 00:00:00, Sys 0 00:00:00  -  Total Local Usage
	0  -  Run Bytes Sent By Job
	0  -  Run Bytes Received By Job
	0  -  Total Bytes Sent By Job
	0  -  Total Bytes Received By Job
	Partitionable Resources :    Usage  Request          
	   Cpus                 :                 1          
	   Disk (KB)            :        1        1          
	   Memory (MB)          :        7     1024          
...
000 (127398.000.000) 05/09 11:37:08 Job submitted from host: <192.168.100.50:50435>
...
001 (127398.000.000) 05/09 11:37:39 Job executing on host: <192.168.100.51:39141>
...
006 (127398.000.000) 05/09 11:37:48 Image size of job updated: 3728400
	575  -  MemoryUsage of job (MB)
	588172  -  ResidentSetSize of job (KB)
...
006 (127398.000.000) 05/09 11:42:08 Image size of job updated: 4744204
	575  -  MemoryUsage of job (MB)
	588172  -  ResidentSetSize of job (KB)
...
005 (127398.000.000) 05/09 11:42:08 Job terminated.
	(1) Normal termination (return value 0)
		Usr 0 00:21:37, Sys 0 00:00:15  -  Run Remote Usage
		Usr 0 00:00:00, Sys 0 00:00:00  -  Run Local Usage
		Usr 0 00:21:37, Sys 0 00:00:15  -  Total Remote Usage
		Usr 0 00:00:00, Sys 0 00:00:00  -  Total Local Usage
	0  -  Run Bytes Sent By Job
	0  -  Run Bytes Received By Job
	0  -  Total Bytes Sent By Job
	0  -  Total Bytes Received By Job
	Partitionable Resources :    Usage  Request          
	   Cpus                 :                 1          
	   Disk (KB)            :        1        1          
	   Memory (MB)          :      575     1024          
...
