000 (127441.000.000) 05/10 15:06:08 Job submitted from host: <192.168.100.50:50435>
...
001 (127441.000.000) 05/10 15:06:39 Job executing on host: <192.168.100.51:39141>
...
006 (127441.000.000) 05/10 15:06:42 Image size of job updated: 2
	0  -  MemoryUsage of job (MB)
	0  -  ResidentSetSize of job (KB)
...
005 (127441.000.000) 05/10 15:06:42 Job terminated.
	(1) Normal termination (return value 0)
		Usr 0 00:00:00, Sys 0 00:00:00  -  Run Remote Usage
		Usr 0 00:00:00, Sys 0 00:00:00  -  Run Local Usage
		Usr 0 00:00:00, Sys 0 00:00:00  -  Total Remote Usage
		Usr 0 00:00:00, Sys 0 00:00:00  -  Total Local Usage
	0  -  Run Bytes Sent By Job
	0  -  Run Bytes Received By Job
	0  -  Total Bytes Sent By Job
	0  -  Total Bytes Received By Job
	Partitionable Resources :    Usage  Request          
	   Cpus                 :                 1          
	   Disk (KB)            :        2        2          
	   Memory (MB)          :        0     1024          
...
000 (127442.000.000) 05/10 15:07:42 Job submitted from host: <192.168.100.50:50435>
...
001 (127442.000.000) 05/10 15:07:58 Job executing on host: <192.168.100.59:51381>
...
006 (127442.000.000) 05/10 15:08:00 Image size of job updated: 2
	0  -  MemoryUsage of job (MB)
	0  -  ResidentSetSize of job (KB)
...
005 (127442.000.000) 05/10 15:08:00 Job terminated.
	(1) Normal termination (return value 0)
		Usr 0 00:00:00, Sys 0 00:00:00  -  Run Remote Usage
		Usr 0 00:00:00, Sys 0 00:00:00  -  Run Local Usage
		Usr 0 00:00:00, Sys 0 00:00:00  -  Total Remote Usage
		Usr 0 00:00:00, Sys 0 00:00:00  -  Total Local Usage
	0  -  Run Bytes Sent By Job
	0  -  Run Bytes Received By Job
	0  -  Total Bytes Sent By Job
	0  -  Total Bytes Received By Job
	Partitionable Resources :    Usage  Request          
	   Cpus                 :                 1          
	   Disk (KB)            :        2        2          
	   Memory (MB)          :        0     1024          
...
000 (127443.000.000) 05/10 15:08:50 Job submitted from host: <192.168.100.50:50435>
...
001 (127443.000.000) 05/10 15:08:51 Job executing on host: <192.168.100.59:51381>
...
006 (127443.000.000) 05/10 15:08:59 Image size of job updated: 3714632
	621  -  MemoryUsage of job (MB)
	635524  -  ResidentSetSize of job (KB)
...
010 (127443.000.000) 05/10 15:11:21 Job was suspended.
	Number of processes actually suspended: 10
...
006 (127443.000.000) 05/10 15:11:22 Image size of job updated: 4347672
	1249  -  MemoryUsage of job (MB)
	1278400  -  ResidentSetSize of job (KB)
...
011 (127443.000.000) 05/10 15:13:21 Job was unsuspended.
...
006 (127443.000.000) 05/10 15:13:59 Image size of job updated: 4460132
	1359  -  MemoryUsage of job (MB)
	1390660  -  ResidentSetSize of job (KB)
...
006 (127443.000.000) 05/10 15:15:33 Image size of job updated: 4716308
	1359  -  MemoryUsage of job (MB)
	1390660  -  ResidentSetSize of job (KB)
...
005 (127443.000.000) 05/10 15:15:33 Job terminated.
	(1) Normal termination (return value 0)
		Usr 0 00:19:49, Sys 0 00:00:08  -  Run Remote Usage
		Usr 0 00:00:00, Sys 0 00:00:00  -  Run Local Usage
		Usr 0 00:19:49, Sys 0 00:00:08  -  Total Remote Usage
		Usr 0 00:00:00, Sys 0 00:00:00  -  Total Local Usage
	0  -  Run Bytes Sent By Job
	0  -  Run Bytes Received By Job
	0  -  Total Bytes Sent By Job
	0  -  Total Bytes Received By Job
	Partitionable Resources :    Usage  Request          
	   Cpus                 :                 1          
	   Disk (KB)            :        2        2          
	   Memory (MB)          :     1359     1024          
...
