000 (127397.001.000) 05/09 11:34:29 Job submitted from host: <192.168.100.50:50435>
...
001 (127397.001.000) 05/09 11:34:48 Job executing on host: <192.168.100.57:47771>
...
006 (127397.001.000) 05/09 11:34:57 Image size of job updated: 1
	3  -  MemoryUsage of job (MB)
	2104  -  ResidentSetSize of job (KB)
...
006 (127397.001.000) 05/09 11:35:07 Image size of job updated: 1269916
	3  -  MemoryUsage of job (MB)
	2104  -  ResidentSetSize of job (KB)
...
005 (127397.001.000) 05/09 11:35:07 Job terminated.
	(1) Normal termination (return value 0)
		Usr 0 00:00:08, Sys 0 00:00:00  -  Run Remote Usage
		Usr 0 00:00:00, Sys 0 00:00:00  -  Run Local Usage
		Usr 0 00:00:08, Sys 0 00:00:00  -  Total Remote Usage
		Usr 0 00:00:00, Sys 0 00:00:00  -  Total Local Usage
	0  -  Run Bytes Sent By Job
	0  -  Run Bytes Received By Job
	0  -  Total Bytes Sent By Job
	0  -  Total Bytes Received By Job
	Partitionable Resources :    Usage  Request          
	   Cpus                 :                 1          
	   Disk (KB)            :        1        1          
	   Memory (MB)          :        3     1024          
...
000 (127398.001.000) 05/09 11:37:08 Job submitted from host: <192.168.100.50:50435>
...
001 (127398.001.000) 05/09 11:37:39 Job executing on host: <192.168.100.57:47771>
...
006 (127398.001.000) 05/09 11:37:48 Image size of job updated: 1
	3  -  MemoryUsage of job (MB)
	2096  -  ResidentSetSize of job (KB)
...
006 (127398.001.000) 05/09 11:42:49 Image size of job updated: 1567236
	424  -  MemoryUsage of job (MB)
	433488  -  ResidentSetSize of job (KB)
...
006 (127398.001.000) 05/09 11:47:50 Image size of job updated: 1774308
	626  -  MemoryUsage of job (MB)
	640472  -  ResidentSetSize of job (KB)
...
006 (127398.001.000) 05/09 11:52:50 Image size of job updated: 1940496
	788  -  MemoryUsage of job (MB)
	806364  -  ResidentSetSize of job (KB)
...
