000 (127337.000.000) 05/08 18:53:23 Job submitted from host: <192.168.100.50:50435>
...
000 (127337.001.000) 05/08 18:53:23 Job submitted from host: <192.168.100.50:50435>
...
000 (127337.002.000) 05/08 18:53:23 Job submitted from host: <192.168.100.50:50435>
...
001 (127337.000.000) 05/08 18:53:41 Job executing on host: <192.168.100.55:36799>
...
001 (127337.001.000) 05/08 18:53:41 Job executing on host: <192.168.100.69:43998>
...
006 (127337.000.000) 05/08 18:53:49 Image size of job updated: 1
	3  -  MemoryUsage of job (MB)
	2100  -  ResidentSetSize of job (KB)
...
006 (127337.001.000) 05/08 18:53:49 Image size of job updated: 1
	3  -  MemoryUsage of job (MB)
	2100  -  ResidentSetSize of job (KB)
...
001 (127337.002.000) 05/08 18:54:41 Job executing on host: <192.168.100.55:36799>
...
006 (127337.002.000) 05/08 18:54:49 Image size of job updated: 1
	3  -  MemoryUsage of job (MB)
	2108  -  ResidentSetSize of job (KB)
...
006 (127337.001.000) 05/08 18:58:41 Image size of job updated: 4758600
	3  -  MemoryUsage of job (MB)
	2100  -  ResidentSetSize of job (KB)
...
005 (127337.001.000) 05/08 18:58:41 Job terminated.
	(1) Normal termination (return value 0)
		Usr 0 00:19:44, Sys 0 00:00:23  -  Run Remote Usage
		Usr 0 00:00:00, Sys 0 00:00:00  -  Run Local Usage
		Usr 0 00:19:44, Sys 0 00:00:23  -  Total Remote Usage
		Usr 0 00:00:00, Sys 0 00:00:00  -  Total Local Usage
	0  -  Run Bytes Sent By Job
	0  -  Run Bytes Received By Job
	0  -  Total Bytes Sent By Job
	0  -  Total Bytes Received By Job
	Partitionable Resources :    Usage  Request          
	   Cpus                 :                 1          
	   Disk (KB)            :        1        1          
	   Memory (MB)          :        3     1024          
...
006 (127337.000.000) 05/08 18:58:49 Image size of job updated: 4603792
	1483  -  MemoryUsage of job (MB)
	1517772  -  ResidentSetSize of job (KB)
...
006 (127337.000.000) 05/08 18:59:47 Image size of job updated: 4675860
	1483  -  MemoryUsage of job (MB)
	1517772  -  ResidentSetSize of job (KB)
...
005 (127337.000.000) 05/08 18:59:47 Job terminated.
	(1) Normal termination (return value 0)
		Usr 0 00:21:42, Sys 0 00:00:24  -  Run Remote Usage
		Usr 0 00:00:00, Sys 0 00:00:00  -  Run Local Usage
		Usr 0 00:21:42, Sys 0 00:00:24  -  Total Remote Usage
		Usr 0 00:00:00, Sys 0 00:00:00  -  Total Local Usage
	0  -  Run Bytes Sent By Job
	0  -  Run Bytes Received By Job
	0  -  Total Bytes Sent By Job
	0  -  Total Bytes Received By Job
	Partitionable Resources :    Usage  Request          
	   Cpus                 :                 1          
	   Disk (KB)            :        1        1          
	   Memory (MB)          :     1483     1024          
...
006 (127337.002.000) 05/08 18:59:49 Image size of job updated: 4650956
	1531  -  MemoryUsage of job (MB)
	1566880  -  ResidentSetSize of job (KB)
...
006 (127337.002.000) 05/08 19:00:16 Image size of job updated: 4672780
	1531  -  MemoryUsage of job (MB)
	1566880  -  ResidentSetSize of job (KB)
...
005 (127337.002.000) 05/08 19:00:16 Job terminated.
	(1) Normal termination (return value 0)
		Usr 0 00:19:26, Sys 0 00:00:22  -  Run Remote Usage
		Usr 0 00:00:00, Sys 0 00:00:00  -  Run Local Usage
		Usr 0 00:19:26, Sys 0 00:00:22  -  Total Remote Usage
		Usr 0 00:00:00, Sys 0 00:00:00  -  Total Local Usage
	0  -  Run Bytes Sent By Job
	0  -  Run Bytes Received By Job
	0  -  Total Bytes Sent By Job
	0  -  Total Bytes Received By Job
	Partitionable Resources :    Usage  Request          
	   Cpus                 :                 1          
	   Disk (KB)            :        1        1          
	   Memory (MB)          :     1531     1024          
...
