000 (127597.000.000) 05/14 14:55:59 Job submitted from host: <192.168.100.50:50435>
...
001 (127597.000.000) 05/14 14:56:30 Job executing on host: <192.168.100.59:51381>
...
006 (127597.000.000) 05/14 14:56:38 Image size of job updated: 2
	3  -  MemoryUsage of job (MB)
	2104  -  ResidentSetSize of job (KB)
...
006 (127597.000.000) 05/14 14:59:58 Image size of job updated: 5458368
	3  -  MemoryUsage of job (MB)
	2104  -  ResidentSetSize of job (KB)
...
005 (127597.000.000) 05/14 14:59:58 Job terminated.
	(1) Normal termination (return value 0)
		Usr 0 00:18:24, Sys 0 00:00:09  -  Run Remote Usage
		Usr 0 00:00:00, Sys 0 00:00:00  -  Run Local Usage
		Usr 0 00:18:24, Sys 0 00:00:09  -  Total Remote Usage
		Usr 0 00:00:00, Sys 0 00:00:00  -  Total Local Usage
	0  -  Run Bytes Sent By Job
	0  -  Run Bytes Received By Job
	0  -  Total Bytes Sent By Job
	0  -  Total Bytes Received By Job
	Partitionable Resources :    Usage  Request          
	   Cpus                 :                 1          
	   Disk (KB)            :        2        2          
	   Memory (MB)          :        3     1024          
...
