000 (127441.003.000) 05/10 15:06:08 Job submitted from host: <192.168.100.50:50435>
...
001 (127441.003.000) 05/10 15:06:39 Job executing on host: <192.168.100.57:47771>
...
006 (127441.003.000) 05/10 15:06:42 Image size of job updated: 2
	0  -  MemoryUsage of job (MB)
	0  -  ResidentSetSize of job (KB)
...
005 (127441.003.000) 05/10 15:06:42 Job terminated.
	(1) Normal termination (return value 0)
		Usr 0 00:00:00, Sys 0 00:00:00  -  Run Remote Usage
		Usr 0 00:00:00, Sys 0 00:00:00  -  Run Local Usage
		Usr 0 00:00:00, Sys 0 00:00:00  -  Total Remote Usage
		Usr 0 00:00:00, Sys 0 00:00:00  -  Total Local Usage
	0  -  Run Bytes Sent By Job
	0  -  Run Bytes Received By Job
	0  -  Total Bytes Sent By Job
	0  -  Total Bytes Received By Job
	Partitionable Resources :    Usage  Request          
	   Cpus                 :                 1          
	   Disk (KB)            :        2        2          
	   Memory (MB)          :        0     1024          
...
000 (127442.003.000) 05/10 15:07:42 Job submitted from host: <192.168.100.50:50435>
...
001 (127442.003.000) 05/10 15:07:58 Job executing on host: <192.168.100.57:47771>
...
006 (127442.003.000) 05/10 15:08:01 Image size of job updated: 2
	0  -  MemoryUsage of job (MB)
	0  -  ResidentSetSize of job (KB)
...
005 (127442.003.000) 05/10 15:08:01 Job terminated.
	(1) Normal termination (return value 0)
		Usr 0 00:00:00, Sys 0 00:00:00  -  Run Remote Usage
		Usr 0 00:00:00, Sys 0 00:00:00  -  Run Local Usage
		Usr 0 00:00:00, Sys 0 00:00:00  -  Total Remote Usage
		Usr 0 00:00:00, Sys 0 00:00:00  -  Total Local Usage
	0  -  Run Bytes Sent By Job
	0  -  Run Bytes Received By Job
	0  -  Total Bytes Sent By Job
	0  -  Total Bytes Received By Job
	Partitionable Resources :    Usage  Request          
	   Cpus                 :                 1          
	   Disk (KB)            :        2        2          
	   Memory (MB)          :        0     1024          
...
000 (127443.003.000) 05/10 15:08:50 Job submitted from host: <192.168.100.50:50435>
...
001 (127443.003.000) 05/10 15:08:51 Job executing on host: <192.168.100.57:47771>
...
006 (127443.003.000) 05/10 15:08:59 Image size of job updated: 2
	3  -  MemoryUsage of job (MB)
	2104  -  ResidentSetSize of job (KB)
...
006 (127443.003.000) 05/10 15:13:59 Image size of job updated: 1460424
	322  -  MemoryUsage of job (MB)
	328752  -  ResidentSetSize of job (KB)
...
006 (127443.003.000) 05/10 15:18:59 Image size of job updated: 1542124
	401  -  MemoryUsage of job (MB)
	410448  -  ResidentSetSize of job (KB)
...
006 (127443.003.000) 05/10 15:23:59 Image size of job updated: 1596952
	455  -  MemoryUsage of job (MB)
	465276  -  ResidentSetSize of job (KB)
...
006 (127443.003.000) 05/10 15:29:00 Image size of job updated: 1640112
	500  -  MemoryUsage of job (MB)
	511660  -  ResidentSetSize of job (KB)
...
006 (127443.003.000) 05/10 15:34:01 Image size of job updated: 1713632
	574  -  MemoryUsage of job (MB)
	586924  -  ResidentSetSize of job (KB)
...
006 (127443.003.000) 05/10 15:39:02 Image size of job updated: 1775860
	632  -  MemoryUsage of job (MB)
	646516  -  ResidentSetSize of job (KB)
...
006 (127443.003.000) 05/10 15:44:03 Image size of job updated: 1802028
	660  -  MemoryUsage of job (MB)
	675232  -  ResidentSetSize of job (KB)
...
006 (127443.003.000) 05/10 15:49:04 Image size of job updated: 1859972
	712  -  MemoryUsage of job (MB)
	728704  -  ResidentSetSize of job (KB)
...
006 (127443.003.000) 05/10 15:54:05 Image size of job updated: 1897764
	746  -  MemoryUsage of job (MB)
	763496  -  ResidentSetSize of job (KB)
...
006 (127443.003.000) 05/10 15:59:06 Image size of job updated: 1941344
	799  -  MemoryUsage of job (MB)
	817268  -  ResidentSetSize of job (KB)
...
006 (127443.003.000) 05/10 16:04:07 Image size of job updated: 1986896
	843  -  MemoryUsage of job (MB)
	862556  -  ResidentSetSize of job (KB)
...
006 (127443.003.000) 05/10 16:09:07 Image size of job updated: 2039308
	896  -  MemoryUsage of job (MB)
	916504  -  ResidentSetSize of job (KB)
...
006 (127443.003.000) 05/10 16:14:07 Image size of job updated: 2110824
	959  -  MemoryUsage of job (MB)
	981872  -  ResidentSetSize of job (KB)
...
006 (127443.003.000) 05/10 16:19:07 Image size of job updated: 2180144
	1034  -  MemoryUsage of job (MB)
	1058184  -  ResidentSetSize of job (KB)
...
006 (127443.003.000) 05/10 16:24:07 Image size of job updated: 2215256
	1070  -  MemoryUsage of job (MB)
	1095292  -  ResidentSetSize of job (KB)
...
006 (127443.003.000) 05/10 16:29:07 Image size of job updated: 2245080
	1099  -  MemoryUsage of job (MB)
	1125044  -  ResidentSetSize of job (KB)
...
006 (127443.003.000) 05/10 16:32:22 Image size of job updated: 2263840
	1099  -  MemoryUsage of job (MB)
	1125044  -  ResidentSetSize of job (KB)
...
005 (127443.003.000) 05/10 16:32:22 Job terminated.
	(1) Normal termination (return value 0)
		Usr 0 02:28:22, Sys 0 00:01:04  -  Run Remote Usage
		Usr 0 00:00:00, Sys 0 00:00:00  -  Run Local Usage
		Usr 0 02:28:22, Sys 0 00:01:04  -  Total Remote Usage
		Usr 0 00:00:00, Sys 0 00:00:00  -  Total Local Usage
	0  -  Run Bytes Sent By Job
	0  -  Run Bytes Received By Job
	0  -  Total Bytes Sent By Job
	0  -  Total Bytes Received By Job
	Partitionable Resources :    Usage  Request          
	   Cpus                 :                 1          
	   Disk (KB)            :        2        2          
	   Memory (MB)          :     1099     1024          
...
