000 (127441.001.000) 05/10 15:06:08 Job submitted from host: <192.168.100.50:50435>
...
001 (127441.001.000) 05/10 15:06:39 Job executing on host: <192.168.100.59:51381>
...
006 (127441.001.000) 05/10 15:06:41 Image size of job updated: 431764
	0  -  MemoryUsage of job (MB)
	0  -  ResidentSetSize of job (KB)
...
005 (127441.001.000) 05/10 15:06:41 Job terminated.
	(1) Normal termination (return value 0)
		Usr 0 00:00:00, Sys 0 00:00:00  -  Run Remote Usage
		Usr 0 00:00:00, Sys 0 00:00:00  -  Run Local Usage
		Usr 0 00:00:00, Sys 0 00:00:00  -  Total Remote Usage
		Usr 0 00:00:00, Sys 0 00:00:00  -  Total Local Usage
	0  -  Run Bytes Sent By Job
	0  -  Run Bytes Received By Job
	0  -  Total Bytes Sent By Job
	0  -  Total Bytes Received By Job
	Partitionable Resources :    Usage  Request          
	   Cpus                 :                 1          
	   Disk (KB)            :        2        2          
	   Memory (MB)          :        0     1024          
...
000 (127442.001.000) 05/10 15:07:42 Job submitted from host: <192.168.100.50:50435>
...
001 (127442.001.000) 05/10 15:07:58 Job executing on host: <192.168.100.55:36799>
...
006 (127442.001.000) 05/10 15:08:00 Image size of job updated: 2
	0  -  MemoryUsage of job (MB)
	0  -  ResidentSetSize of job (KB)
...
005 (127442.001.000) 05/10 15:08:00 Job terminated.
	(1) Normal termination (return value 0)
		Usr 0 00:00:00, Sys 0 00:00:00  -  Run Remote Usage
		Usr 0 00:00:00, Sys 0 00:00:00  -  Run Local Usage
		Usr 0 00:00:00, Sys 0 00:00:00  -  Total Remote Usage
		Usr 0 00:00:00, Sys 0 00:00:00  -  Total Local Usage
	0  -  Run Bytes Sent By Job
	0  -  Run Bytes Received By Job
	0  -  Total Bytes Sent By Job
	0  -  Total Bytes Received By Job
	Partitionable Resources :    Usage  Request          
	   Cpus                 :                 1          
	   Disk (KB)            :        2        2          
	   Memory (MB)          :        0     1024          
...
000 (127443.001.000) 05/10 15:08:50 Job submitted from host: <192.168.100.50:50435>
...
001 (127443.001.000) 05/10 15:08:51 Job executing on host: <192.168.100.55:36799>
...
006 (127443.001.000) 05/10 15:08:59 Image size of job updated: 2
	3  -  MemoryUsage of job (MB)
	2112  -  ResidentSetSize of job (KB)
...
010 (127443.001.000) 05/10 15:11:16 Job was suspended.
	Number of processes actually suspended: 10
...
006 (127443.001.000) 05/10 15:11:16 Image size of job updated: 4436120
	1282  -  MemoryUsage of job (MB)
	1312256  -  ResidentSetSize of job (KB)
...
011 (127443.001.000) 05/10 15:13:06 Job was unsuspended.
...
006 (127443.001.000) 05/10 15:13:59 Image size of job updated: 4586688
	1429  -  MemoryUsage of job (MB)
	1462904  -  ResidentSetSize of job (KB)
...
006 (127443.001.000) 05/10 15:15:36 Image size of job updated: 4857512
	1429  -  MemoryUsage of job (MB)
	1462904  -  ResidentSetSize of job (KB)
...
005 (127443.001.000) 05/10 15:15:36 Job terminated.
	(1) Normal termination (return value 0)
		Usr 0 00:21:14, Sys 0 00:00:22  -  Run Remote Usage
		Usr 0 00:00:00, Sys 0 00:00:00  -  Run Local Usage
		Usr 0 00:21:14, Sys 0 00:00:22  -  Total Remote Usage
		Usr 0 00:00:00, Sys 0 00:00:00  -  Total Local Usage
	0  -  Run Bytes Sent By Job
	0  -  Run Bytes Received By Job
	0  -  Total Bytes Sent By Job
	0  -  Total Bytes Received By Job
	Partitionable Resources :    Usage  Request          
	   Cpus                 :                 1          
	   Disk (KB)            :        2        2          
	   Memory (MB)          :     1429     1024          
...
