000 (128403.000.000) 05/23 18:12:59 Job submitted from host: <192.168.100.50:50435>
...
001 (128403.000.000) 05/23 18:13:18 Job executing on host: <192.168.100.59:51381>
...
006 (128403.000.000) 05/23 18:13:28 Image size of job updated: 2
	3  -  MemoryUsage of job (MB)
	2104  -  ResidentSetSize of job (KB)
...
006 (128403.000.000) 05/23 18:16:16 Image size of job updated: 5597280
	3  -  MemoryUsage of job (MB)
	2104  -  ResidentSetSize of job (KB)
...
005 (128403.000.000) 05/23 18:16:16 Job terminated.
	(1) Normal termination (return value 0)
		Usr 0 00:18:26, Sys 0 00:00:10  -  Run Remote Usage
		Usr 0 00:00:00, Sys 0 00:00:00  -  Run Local Usage
		Usr 0 00:18:26, Sys 0 00:00:10  -  Total Remote Usage
		Usr 0 00:00:00, Sys 0 00:00:00  -  Total Local Usage
	0  -  Run Bytes Sent By Job
	0  -  Run Bytes Received By Job
	0  -  Total Bytes Sent By Job
	0  -  Total Bytes Received By Job
	Partitionable Resources :    Usage  Request          
	   Cpus                 :                 1          
	   Disk (KB)            :        2        2          
	   Memory (MB)          :        3     1024          
...
000 (128481.000.000) 05/23 18:29:52 Job submitted from host: <192.168.100.50:50435>
...
001 (128481.000.000) 05/23 18:40:35 Job executing on host: <192.168.100.69:43998>
...
006 (128481.000.000) 05/23 18:40:44 Image size of job updated: 4442528
	1340  -  MemoryUsage of job (MB)
	1371376  -  ResidentSetSize of job (KB)
...
006 (128481.000.000) 05/23 18:43:35 Image size of job updated: 5602488
	1340  -  MemoryUsage of job (MB)
	1371376  -  ResidentSetSize of job (KB)
...
005 (128481.000.000) 05/23 18:43:35 Job terminated.
	(1) Normal termination (return value 0)
		Usr 0 00:18:23, Sys 0 00:00:28  -  Run Remote Usage
		Usr 0 00:00:00, Sys 0 00:00:00  -  Run Local Usage
		Usr 0 00:18:23, Sys 0 00:00:28  -  Total Remote Usage
		Usr 0 00:00:00, Sys 0 00:00:00  -  Total Local Usage
	0  -  Run Bytes Sent By Job
	0  -  Run Bytes Received By Job
	0  -  Total Bytes Sent By Job
	0  -  Total Bytes Received By Job
	Partitionable Resources :    Usage  Request          
	   Cpus                 :                 1          
	   Disk (KB)            :        2        2          
	   Memory (MB)          :     1340     1024          
...
