000 (128405.000.000) 05/23 18:12:59 Job submitted from host: <192.168.100.50:50435>
...
001 (128405.000.000) 05/23 18:14:18 Job executing on host: <192.168.100.51:39141>
...
006 (128405.000.000) 05/23 18:14:27 Image size of job updated: 2
	3  -  MemoryUsage of job (MB)
	2104  -  ResidentSetSize of job (KB)
...
006 (128405.000.000) 05/23 18:17:42 Image size of job updated: 5599476
	3  -  MemoryUsage of job (MB)
	2104  -  ResidentSetSize of job (KB)
...
005 (128405.000.000) 05/23 18:17:42 Job terminated.
	(1) Normal termination (return value 0)
		Usr 0 00:18:14, Sys 0 00:00:12  -  Run Remote Usage
		Usr 0 00:00:00, Sys 0 00:00:00  -  Run Local Usage
		Usr 0 00:18:14, Sys 0 00:00:12  -  Total Remote Usage
		Usr 0 00:00:00, Sys 0 00:00:00  -  Total Local Usage
	0  -  Run Bytes Sent By Job
	0  -  Run Bytes Received By Job
	0  -  Total Bytes Sent By Job
	0  -  Total Bytes Received By Job
	Partitionable Resources :    Usage  Request          
	   Cpus                 :                 1          
	   Disk (KB)            :        2        2          
	   Memory (MB)          :        3     1024          
...
