000 (128404.000.000) 05/23 18:12:59 Job submitted from host: <192.168.100.50:50435>
...
001 (128404.000.000) 05/23 18:13:18 Job executing on host: <192.168.100.55:36799>
...
006 (128404.000.000) 05/23 18:13:27 Image size of job updated: 3802272
	699  -  MemoryUsage of job (MB)
	715372  -  ResidentSetSize of job (KB)
...
006 (128404.000.000) 05/23 18:16:20 Image size of job updated: 5586648
	699  -  MemoryUsage of job (MB)
	715372  -  ResidentSetSize of job (KB)
...
005 (128404.000.000) 05/23 18:16:20 Job terminated.
	(1) Normal termination (return value 0)
		Usr 0 00:19:42, Sys 0 00:00:23  -  Run Remote Usage
		Usr 0 00:00:00, Sys 0 00:00:00  -  Run Local Usage
		Usr 0 00:19:42, Sys 0 00:00:23  -  Total Remote Usage
		Usr 0 00:00:00, Sys 0 00:00:00  -  Total Local Usage
	0  -  Run Bytes Sent By Job
	0  -  Run Bytes Received By Job
	0  -  Total Bytes Sent By Job
	0  -  Total Bytes Received By Job
	Partitionable Resources :    Usage  Request          
	   Cpus                 :                 1          
	   Disk (KB)            :        2        2          
	   Memory (MB)          :      699     1024          
...
