000 (127719.000.000) 05/15 21:20:10 Job submitted from host: <192.168.100.50:50435>
...
001 (127719.000.000) 05/15 21:20:28 Job executing on host: <192.168.100.51:39141>
...
006 (127719.000.000) 05/15 21:20:37 Image size of job updated: 134384
	20  -  MemoryUsage of job (MB)
	20224  -  ResidentSetSize of job (KB)
...
006 (127719.000.000) 05/15 21:25:37 Image size of job updated: 162020
	46  -  MemoryUsage of job (MB)
	46868  -  ResidentSetSize of job (KB)
...
006 (127719.000.000) 05/15 21:30:37 Image size of job updated: 162020
	47  -  MemoryUsage of job (MB)
	47692  -  ResidentSetSize of job (KB)
...
006 (127719.000.000) 05/15 21:35:37 Image size of job updated: 162956
	48  -  MemoryUsage of job (MB)
	48972  -  ResidentSetSize of job (KB)
...
006 (127719.000.000) 05/15 21:40:37 Image size of job updated: 163312
	49  -  MemoryUsage of job (MB)
	49428  -  ResidentSetSize of job (KB)
...
006 (127719.000.000) 05/15 21:45:38 Image size of job updated: 164004
	49  -  MemoryUsage of job (MB)
	50004  -  ResidentSetSize of job (KB)
...
006 (127719.000.000) 05/15 21:50:39 Image size of job updated: 164864
	50  -  MemoryUsage of job (MB)
	50900  -  ResidentSetSize of job (KB)
...
006 (127719.000.000) 05/15 21:55:39 Image size of job updated: 164864
	50  -  MemoryUsage of job (MB)
	50928  -  ResidentSetSize of job (KB)
...
006 (127719.000.000) 05/15 22:00:39 Image size of job updated: 165864
	51  -  MemoryUsage of job (MB)
	51848  -  ResidentSetSize of job (KB)
...
006 (127719.000.000) 05/15 22:05:39 Image size of job updated: 166360
	52  -  MemoryUsage of job (MB)
	52456  -  ResidentSetSize of job (KB)
...
006 (127719.000.000) 05/15 22:10:39 Image size of job updated: 167064
	52  -  MemoryUsage of job (MB)
	53176  -  ResidentSetSize of job (KB)
...
006 (127719.000.000) 05/15 22:15:15 Image size of job updated: 167408
	52  -  MemoryUsage of job (MB)
	53176  -  ResidentSetSize of job (KB)
...
005 (127719.000.000) 05/15 22:15:15 Job terminated.
	(1) Normal termination (return value 0)
		Usr 0 00:02:36, Sys 0 00:00:00  -  Run Remote Usage
		Usr 0 00:00:00, Sys 0 00:00:00  -  Run Local Usage
		Usr 0 00:02:36, Sys 0 00:00:00  -  Total Remote Usage
		Usr 0 00:00:00, Sys 0 00:00:00  -  Total Local Usage
	0  -  Run Bytes Sent By Job
	0  -  Run Bytes Received By Job
	0  -  Total Bytes Sent By Job
	0  -  Total Bytes Received By Job
	Partitionable Resources :    Usage  Request          
	   Cpus                 :                 1          
	   Disk (KB)            :        3        3          
	   Memory (MB)          :       52     2048          
...
