000 (127456.000.000) 05/10 16:50:06 Job submitted from host: <192.168.100.50:50435>
...
001 (127456.000.000) 05/10 16:50:06 Job executing on host: <192.168.100.59:51381>
...
006 (127456.000.000) 05/10 16:50:15 Image size of job updated: 135944
	22  -  MemoryUsage of job (MB)
	22048  -  ResidentSetSize of job (KB)
...
006 (127456.000.000) 05/10 16:55:16 Image size of job updated: 152192
	38  -  MemoryUsage of job (MB)
	38240  -  ResidentSetSize of job (KB)
...
005 (127456.000.000) 05/10 16:58:05 Job terminated.
	(1) Normal termination (return value 0)
		Usr 0 00:00:18, Sys 0 00:00:00  -  Run Remote Usage
		Usr 0 00:00:00, Sys 0 00:00:00  -  Run Local Usage
		Usr 0 00:00:18, Sys 0 00:00:00  -  Total Remote Usage
		Usr 0 00:00:00, Sys 0 00:00:00  -  Total Local Usage
	0  -  Run Bytes Sent By Job
	0  -  Run Bytes Received By Job
	0  -  Total Bytes Sent By Job
	0  -  Total Bytes Received By Job
	Partitionable Resources :    Usage  Request          
	   Cpus                 :                 1          
	   Disk (KB)            :        3        3          
	   Memory (MB)          :       38     2048          
...
000 (127457.000.000) 05/10 17:00:35 Job submitted from host: <192.168.100.50:50435>
...
001 (127457.000.000) 05/10 17:01:06 Job executing on host: <192.168.100.59:51381>
...
006 (127457.000.000) 05/10 17:01:15 Image size of job updated: 135944
	22  -  MemoryUsage of job (MB)
	22044  -  ResidentSetSize of job (KB)
...
006 (127457.000.000) 05/10 17:06:16 Image size of job updated: 152192
	38  -  MemoryUsage of job (MB)
	38244  -  ResidentSetSize of job (KB)
...
005 (127457.000.000) 05/10 17:09:05 Job terminated.
	(1) Normal termination (return value 0)
		Usr 0 00:00:18, Sys 0 00:00:00  -  Run Remote Usage
		Usr 0 00:00:00, Sys 0 00:00:00  -  Run Local Usage
		Usr 0 00:00:18, Sys 0 00:00:00  -  Total Remote Usage
		Usr 0 00:00:00, Sys 0 00:00:00  -  Total Local Usage
	0  -  Run Bytes Sent By Job
	0  -  Run Bytes Received By Job
	0  -  Total Bytes Sent By Job
	0  -  Total Bytes Received By Job
	Partitionable Resources :    Usage  Request          
	   Cpus                 :                 1          
	   Disk (KB)            :        3        3          
	   Memory (MB)          :       38     2048          
...
