000 (127702.000.000) 05/15 16:44:32 Job submitted from host: <192.168.100.50:50435>
...
001 (127702.000.000) 05/15 16:44:42 Job executing on host: <192.168.100.51:39141>
...
006 (127702.000.000) 05/15 16:44:50 Image size of job updated: 3
	3  -  MemoryUsage of job (MB)
	2076  -  ResidentSetSize of job (KB)
...
006 (127702.000.000) 05/15 16:49:50 Image size of job updated: 161124
	47  -  MemoryUsage of job (MB)
	47392  -  ResidentSetSize of job (KB)
...
006 (127702.000.000) 05/15 16:54:50 Image size of job updated: 162560
	47  -  MemoryUsage of job (MB)
	47392  -  ResidentSetSize of job (KB)
...
006 (127702.000.000) 05/15 16:59:51 Image size of job updated: 162780
	48  -  MemoryUsage of job (MB)
	48784  -  ResidentSetSize of job (KB)
...
006 (127702.000.000) 05/15 17:04:52 Image size of job updated: 163560
	49  -  MemoryUsage of job (MB)
	49564  -  ResidentSetSize of job (KB)
...
006 (127702.000.000) 05/15 17:09:53 Image size of job updated: 164288
	50  -  MemoryUsage of job (MB)
	50324  -  ResidentSetSize of job (KB)
...
006 (127702.000.000) 05/15 17:14:54 Image size of job updated: 164288
	50  -  MemoryUsage of job (MB)
	50380  -  ResidentSetSize of job (KB)
...
006 (127702.000.000) 05/15 17:19:55 Image size of job updated: 164288
	50  -  MemoryUsage of job (MB)
	50388  -  ResidentSetSize of job (KB)
...
006 (127702.000.000) 05/15 17:24:55 Image size of job updated: 165252
	50  -  MemoryUsage of job (MB)
	50388  -  ResidentSetSize of job (KB)
...
006 (127702.000.000) 05/15 17:29:56 Image size of job updated: 166256
	51  -  MemoryUsage of job (MB)
	52192  -  ResidentSetSize of job (KB)
...
006 (127702.000.000) 05/15 17:34:56 Image size of job updated: 166800
	52  -  MemoryUsage of job (MB)
	52816  -  ResidentSetSize of job (KB)
...
006 (127702.000.000) 05/15 17:39:56 Image size of job updated: 167164
	52  -  MemoryUsage of job (MB)
	53164  -  ResidentSetSize of job (KB)
...
006 (127702.000.000) 05/15 17:44:56 Image size of job updated: 167428
	53  -  MemoryUsage of job (MB)
	53620  -  ResidentSetSize of job (KB)
...
006 (127702.000.000) 05/15 17:49:57 Image size of job updated: 168008
	53  -  MemoryUsage of job (MB)
	53620  -  ResidentSetSize of job (KB)
...
006 (127702.000.000) 05/15 17:54:58 Image size of job updated: 168700
	54  -  MemoryUsage of job (MB)
	54716  -  ResidentSetSize of job (KB)
...
006 (127702.000.000) 05/15 17:59:59 Image size of job updated: 169076
	54  -  MemoryUsage of job (MB)
	55116  -  ResidentSetSize of job (KB)
...
006 (127702.000.000) 05/15 18:05:00 Image size of job updated: 169576
	55  -  MemoryUsage of job (MB)
	55640  -  ResidentSetSize of job (KB)
...
006 (127702.000.000) 05/15 18:10:01 Image size of job updated: 171064
	56  -  MemoryUsage of job (MB)
	57192  -  ResidentSetSize of job (KB)
...
006 (127702.000.000) 05/15 18:15:02 Image size of job updated: 171064
	56  -  MemoryUsage of job (MB)
	57216  -  ResidentSetSize of job (KB)
...
006 (127702.000.000) 05/15 18:20:03 Image size of job updated: 171684
	57  -  MemoryUsage of job (MB)
	57792  -  ResidentSetSize of job (KB)
...
006 (127702.000.000) 05/15 18:25:04 Image size of job updated: 171816
	57  -  MemoryUsage of job (MB)
	58060  -  ResidentSetSize of job (KB)
...
006 (127702.000.000) 05/15 18:30:05 Image size of job updated: 172948
	58  -  MemoryUsage of job (MB)
	58960  -  ResidentSetSize of job (KB)
...
006 (127702.000.000) 05/15 18:35:06 Image size of job updated: 172948
	58  -  MemoryUsage of job (MB)
	59012  -  ResidentSetSize of job (KB)
...
006 (127702.000.000) 05/15 18:38:05 Image size of job updated: 173512
	58  -  MemoryUsage of job (MB)
	59012  -  ResidentSetSize of job (KB)
...
005 (127702.000.000) 05/15 18:38:05 Job terminated.
	(1) Normal termination (return value 0)
		Usr 0 00:07:07, Sys 0 00:00:01  -  Run Remote Usage
		Usr 0 00:00:00, Sys 0 00:00:00  -  Run Local Usage
		Usr 0 00:07:07, Sys 0 00:00:01  -  Total Remote Usage
		Usr 0 00:00:00, Sys 0 00:00:00  -  Total Local Usage
	0  -  Run Bytes Sent By Job
	0  -  Run Bytes Received By Job
	0  -  Total Bytes Sent By Job
	0  -  Total Bytes Received By Job
	Partitionable Resources :    Usage  Request          
	   Cpus                 :                 1          
	   Disk (KB)            :        3        3          
	   Memory (MB)          :       58     2048          
...
