000 (130844.000.000) 05/27 20:05:35 Job submitted from host: <192.168.100.50:50435>
...
001 (130844.000.000) 05/27 20:05:50 Job executing on host: <192.168.100.51:39141>
...
006 (130844.000.000) 05/27 20:05:58 Image size of job updated: 135868
	22  -  MemoryUsage of job (MB)
	21748  -  ResidentSetSize of job (KB)
...
006 (130844.000.000) 05/27 20:10:58 Image size of job updated: 162136
	48  -  MemoryUsage of job (MB)
	48148  -  ResidentSetSize of job (KB)
...
006 (130844.000.000) 05/27 20:15:58 Image size of job updated: 162136
	48  -  MemoryUsage of job (MB)
	48320  -  ResidentSetSize of job (KB)
...
006 (130844.000.000) 05/27 20:20:58 Image size of job updated: 162716
	48  -  MemoryUsage of job (MB)
	48728  -  ResidentSetSize of job (KB)
...
006 (130844.000.000) 05/27 20:25:58 Image size of job updated: 163412
	49  -  MemoryUsage of job (MB)
	49480  -  ResidentSetSize of job (KB)
...
006 (130844.000.000) 05/27 20:30:58 Image size of job updated: 163996
	49  -  MemoryUsage of job (MB)
	49996  -  ResidentSetSize of job (KB)
...
006 (130844.000.000) 05/27 20:35:58 Image size of job updated: 164660
	50  -  MemoryUsage of job (MB)
	50652  -  ResidentSetSize of job (KB)
...
006 (130844.000.000) 05/27 20:40:58 Image size of job updated: 164904
	50  -  MemoryUsage of job (MB)
	50652  -  ResidentSetSize of job (KB)
...
005 (130844.000.000) 05/27 20:41:13 Job terminated.
	(1) Normal termination (return value 0)
		Usr 0 00:02:22, Sys 0 00:00:00  -  Run Remote Usage
		Usr 0 00:00:00, Sys 0 00:00:00  -  Run Local Usage
		Usr 0 00:02:22, Sys 0 00:00:00  -  Total Remote Usage
		Usr 0 00:00:00, Sys 0 00:00:00  -  Total Local Usage
	0  -  Run Bytes Sent By Job
	0  -  Run Bytes Received By Job
	0  -  Total Bytes Sent By Job
	0  -  Total Bytes Received By Job
	Partitionable Resources :    Usage  Request          
	   Cpus                 :                 1          
	   Disk (KB)            :        3        3          
	   Memory (MB)          :       50     2048          
...
