Getting search results for query: 'Warren+Moon+What+position+did+Moon+play+in+professional+football?' from page: 1
Getting search results for query: 'Warren+Moon+What+position+did+Moon+play+in+professional+football?' from page: 2
Getting search results for query: 'Warren+Moon+What+position+did+Moon+play+in+professional+football?' from page: 3
Getting search results for query: 'Warren+Moon+What+position+did+Moon+play+in+professional+football?' from page: 4
Getting search results for query: 'Warren+Moon+What+position+did+Moon+play+in+professional+football?' from page: 5
Getting search results for query: 'Warren+Moon+Where+did+Moon+play+in+college?' from page: 1
Getting search results for query: 'Warren+Moon+Where+did+Moon+play+in+college?' from page: 2
Getting search results for query: 'Warren+Moon+Where+did+Moon+play+in+college?' from page: 3
Getting search results for query: 'Warren+Moon+Where+did+Moon+play+in+college?' from page: 4
Getting search results for query: 'Warren+Moon+Where+did+Moon+play+in+college?' from page: 5
Getting search results for query: 'Warren+Moon+In+what+year+was+Moon+born?' from page: 1
Getting search results for query: 'Warren+Moon+In+what+year+was+Moon+born?' from page: 2
Getting search results for query: 'Warren+Moon+In+what+year+was+Moon+born?' from page: 3
Getting search results for query: 'Warren+Moon+In+what+year+was+Moon+born?' from page: 4
Getting search results for query: 'Warren+Moon+In+what+year+was+Moon+born?' from page: 5
Getting search results for query: 'Warren+Moon+How+many+times+was+Moon+a+Pro+Bowler?' from page: 1
Getting search results for query: 'Warren+Moon+How+many+times+was+Moon+a+Pro+Bowler?' from page: 2
Getting search results for query: 'Warren+Moon+How+many+times+was+Moon+a+Pro+Bowler?' from page: 3
Getting search results for query: 'Warren+Moon+How+many+times+was+Moon+a+Pro+Bowler?' from page: 4
Getting search results for query: 'Warren+Moon+How+many+times+was+Moon+a+Pro+Bowler?' from page: 5
Getting search results for query: 'Warren+Moon+Who+is+Warren+Moon's+agent?' from page: 1
Getting search results for query: 'Warren+Moon+Who+is+Warren+Moon's+agent?' from page: 2
Getting search results for query: 'Warren+Moon+Who+is+Warren+Moon's+agent?' from page: 3
Getting search results for query: 'Warren+Moon+Who+is+Warren+Moon's+agent?' from page: 4
Getting search results for query: 'Warren+Moon+Who+is+Warren+Moon's+agent?' from page: 5
Getting search results for query: 'LPGA+What+does+LPGA+stand+for?' from page: 1
Getting search results for query: 'LPGA+What+does+LPGA+stand+for?' from page: 2
Getting search results for query: 'LPGA+What+does+LPGA+stand+for?' from page: 3
Getting search results for query: 'LPGA+What+does+LPGA+stand+for?' from page: 4
Getting search results for query: 'LPGA+What+does+LPGA+stand+for?' from page: 5
Getting search results for query: 'LPGA+Where+is+the+LPGA+headquartered?' from page: 1
Getting search results for query: 'LPGA+Where+is+the+LPGA+headquartered?' from page: 2
Getting search results for query: 'LPGA+Where+is+the+LPGA+headquartered?' from page: 3
Getting search results for query: 'LPGA+Where+is+the+LPGA+headquartered?' from page: 4
Getting search results for query: 'LPGA+Where+is+the+LPGA+headquartered?' from page: 5
Getting search results for query: 'LPGA+How+many+events+are+part+of+the+LPGA+tour?' from page: 1
Getting search results for query: 'LPGA+How+many+events+are+part+of+the+LPGA+tour?' from page: 2
Getting search results for query: 'LPGA+How+many+events+are+part+of+the+LPGA+tour?' from page: 3
Getting search results for query: 'LPGA+How+many+events+are+part+of+the+LPGA+tour?' from page: 4
Getting search results for query: 'LPGA+How+many+events+are+part+of+the+LPGA+tour?' from page: 5
Getting search results for query: 'LPGA+When+does+the+LPGA+celebrate+its+50th+anniversary?' from page: 1
Getting search results for query: 'LPGA+When+does+the+LPGA+celebrate+its+50th+anniversary?' from page: 2
Getting search results for query: 'LPGA+When+does+the+LPGA+celebrate+its+50th+anniversary?' from page: 3
Getting search results for query: 'LPGA+When+does+the+LPGA+celebrate+its+50th+anniversary?' from page: 4
Getting search results for query: 'LPGA+When+does+the+LPGA+celebrate+its+50th+anniversary?' from page: 5
Getting search results for query: 'LPGA+How+many+people+were+founders+of+LPGA?' from page: 1
Getting search results for query: 'LPGA+How+many+people+were+founders+of+LPGA?' from page: 2
Getting search results for query: 'LPGA+How+many+people+were+founders+of+LPGA?' from page: 3
Getting search results for query: 'LPGA+How+many+people+were+founders+of+LPGA?' from page: 4
Getting search results for query: 'LPGA+How+many+people+were+founders+of+LPGA?' from page: 5
Getting search results for query: 'American+Enterprise+Institute+Where+is+the+Institute+located?' from page: 1
Getting search results for query: 'American+Enterprise+Institute+Where+is+the+Institute+located?' from page: 2
Getting search results for query: 'American+Enterprise+Institute+Where+is+the+Institute+located?' from page: 3
Getting search results for query: 'American+Enterprise+Institute+Where+is+the+Institute+located?' from page: 4
Getting search results for query: 'American+Enterprise+Institute+Where+is+the+Institute+located?' from page: 5
Getting search results for query: 'American+Enterprise+Institute+What+is+the+full+title+of+the+organization?' from page: 1
Getting search results for query: 'American+Enterprise+Institute+What+is+the+full+title+of+the+organization?' from page: 2
Getting search results for query: 'American+Enterprise+Institute+What+is+the+full+title+of+the+organization?' from page: 3
Getting search results for query: 'American+Enterprise+Institute+What+is+the+full+title+of+the+organization?' from page: 4
Getting search results for query: 'American+Enterprise+Institute+What+is+the+full+title+of+the+organization?' from page: 5
Getting search results for query: 'American+Enterprise+Institute+When+was+it+founded?' from page: 1
Getting search results for query: 'American+Enterprise+Institute+When+was+it+founded?' from page: 2
Getting search results for query: 'American+Enterprise+Institute+When+was+it+founded?' from page: 3
Getting search results for query: 'American+Enterprise+Institute+When+was+it+founded?' from page: 4
Getting search results for query: 'American+Enterprise+Institute+When+was+it+founded?' from page: 5
Getting search results for query: 'American+Enterprise+Institute+Who+is+the+senior+vice+president+of+the+American+Enterprise+Institute?' from page: 1
Getting search results for query: 'American+Enterprise+Institute+Who+is+the+senior+vice+president+of+the+American+Enterprise+Institute?' from page: 2
Getting search results for query: 'American+Enterprise+Institute+Who+is+the+senior+vice+president+of+the+American+Enterprise+Institute?' from page: 3
Getting search results for query: 'American+Enterprise+Institute+Who+is+the+senior+vice+president+of+the+American+Enterprise+Institute?' from page: 4
Getting search results for query: 'American+Enterprise+Institute+Who+is+the+senior+vice+president+of+the+American+Enterprise+Institute?' from page: 5
Getting search results for query: 'American+Enterprise+Institute+What+is+the+zip+code+of+the+American+Enterprise+Institute?' from page: 1
Getting search results for query: 'American+Enterprise+Institute+What+is+the+zip+code+of+the+American+Enterprise+Institute?' from page: 2
Getting search results for query: 'American+Enterprise+Institute+What+is+the+zip+code+of+the+American+Enterprise+Institute?' from page: 3
Getting search results for query: 'American+Enterprise+Institute+What+is+the+zip+code+of+the+American+Enterprise+Institute?' from page: 4
Getting search results for query: 'American+Enterprise+Institute+What+is+the+zip+code+of+the+American+Enterprise+Institute?' from page: 5
Getting search results for query: '82nd+Airborne+Division+Where+in+the+U.S.+is+the+division+based?' from page: 1
Getting search results for query: '82nd+Airborne+Division+Where+in+the+U.S.+is+the+division+based?' from page: 2
Getting search results for query: '82nd+Airborne+Division+Where+in+the+U.S.+is+the+division+based?' from page: 3
Getting search results for query: '82nd+Airborne+Division+Where+in+the+U.S.+is+the+division+based?' from page: 4
Getting search results for query: '82nd+Airborne+Division+Where+in+the+U.S.+is+the+division+based?' from page: 5
Getting search results for query: '82nd+Airborne+Division+When+was+the+division+formed?' from page: 1
Getting search results for query: '82nd+Airborne+Division+When+was+the+division+formed?' from page: 2
Getting search results for query: '82nd+Airborne+Division+When+was+the+division+formed?' from page: 3
Getting search results for query: '82nd+Airborne+Division+When+was+the+division+formed?' from page: 4
Getting search results for query: '82nd+Airborne+Division+When+was+the+division+formed?' from page: 5
Getting search results for query: '82nd+Airborne+Division+How+many+personnel+comprise+the+division?' from page: 1
Getting search results for query: '82nd+Airborne+Division+How+many+personnel+comprise+the+division?' from page: 2
Getting search results for query: '82nd+Airborne+Division+How+many+personnel+comprise+the+division?' from page: 3
Getting search results for query: '82nd+Airborne+Division+How+many+personnel+comprise+the+division?' from page: 4
Getting search results for query: '82nd+Airborne+Division+How+many+personnel+comprise+the+division?' from page: 5
Getting search results for query: '82nd+Airborne+Division+What+is+the+division's+motto?' from page: 1
Getting search results for query: '82nd+Airborne+Division+What+is+the+division's+motto?' from page: 2
Getting search results for query: '82nd+Airborne+Division+What+is+the+division's+motto?' from page: 3
Getting search results for query: '82nd+Airborne+Division+What+is+the+division's+motto?' from page: 4
Getting search results for query: '82nd+Airborne+Division+What+is+the+division's+motto?' from page: 5
Getting search results for query: '82nd+Airborne+Division+What+is+the+division's+official+song?' from page: 1
Getting search results for query: '82nd+Airborne+Division+What+is+the+division's+official+song?' from page: 2
Getting search results for query: '82nd+Airborne+Division+What+is+the+division's+official+song?' from page: 3
Getting search results for query: '82nd+Airborne+Division+What+is+the+division's+official+song?' from page: 4
Getting search results for query: '82nd+Airborne+Division+What+is+the+division's+official+song?' from page: 5
Getting search results for query: 'John+William+King+convicted+of+murder+How+many+non-white+members+of+the+jury+were+there?' from page: 1
Getting search results for query: 'John+William+King+convicted+of+murder+How+many+non-white+members+of+the+jury+were+there?' from page: 2
Getting search results for query: 'John+William+King+convicted+of+murder+How+many+non-white+members+of+the+jury+were+there?' from page: 3
Getting search results for query: 'John+William+King+convicted+of+murder+How+many+non-white+members+of+the+jury+were+there?' from page: 4
Getting search results for query: 'John+William+King+convicted+of+murder+How+many+non-white+members+of+the+jury+were+there?' from page: 5
Getting search results for query: 'John+William+King+convicted+of+murder+Who+was+the+foreman+for+the+jury?' from page: 1
Getting search results for query: 'John+William+King+convicted+of+murder+Who+was+the+foreman+for+the+jury?' from page: 2
Getting search results for query: 'John+William+King+convicted+of+murder+Who+was+the+foreman+for+the+jury?' from page: 3
Getting search results for query: 'John+William+King+convicted+of+murder+Who+was+the+foreman+for+the+jury?' from page: 4
Getting search results for query: 'John+William+King+convicted+of+murder+Who+was+the+foreman+for+the+jury?' from page: 5
Getting search results for query: 'John+William+King+convicted+of+murder+Where+was+the+trial+held?' from page: 1
Getting search results for query: 'John+William+King+convicted+of+murder+Where+was+the+trial+held?' from page: 2
Getting search results for query: 'John+William+King+convicted+of+murder+Where+was+the+trial+held?' from page: 3
Getting search results for query: 'John+William+King+convicted+of+murder+Where+was+the+trial+held?' from page: 4
Getting search results for query: 'John+William+King+convicted+of+murder+Where+was+the+trial+held?' from page: 5
Getting search results for query: 'John+William+King+convicted+of+murder+When+was+King+convicted?' from page: 1
Getting search results for query: 'John+William+King+convicted+of+murder+When+was+King+convicted?' from page: 2
Getting search results for query: 'John+William+King+convicted+of+murder+When+was+King+convicted?' from page: 3
Getting search results for query: 'John+William+King+convicted+of+murder+When+was+King+convicted?' from page: 4
Getting search results for query: 'John+William+King+convicted+of+murder+When+was+King+convicted?' from page: 5
Getting search results for query: 'John+William+King+convicted+of+murder+Who+was+the+victim+of+the+murder?' from page: 1
Getting search results for query: 'John+William+King+convicted+of+murder+Who+was+the+victim+of+the+murder?' from page: 2
Getting search results for query: 'John+William+King+convicted+of+murder+Who+was+the+victim+of+the+murder?' from page: 3
Getting search results for query: 'John+William+King+convicted+of+murder+Who+was+the+victim+of+the+murder?' from page: 4
Getting search results for query: 'John+William+King+convicted+of+murder+Who+was+the+victim+of+the+murder?' from page: 5
Getting search results for query: 'Pakistani+government+overthrown+in+1999+Who+was+the+leader+deposed+by+the+overthrow?' from page: 1
Getting search results for query: 'Pakistani+government+overthrown+in+1999+Who+was+the+leader+deposed+by+the+overthrow?' from page: 2
Getting search results for query: 'Pakistani+government+overthrown+in+1999+Who+was+the+leader+deposed+by+the+overthrow?' from page: 3
Getting search results for query: 'Pakistani+government+overthrown+in+1999+Who+was+the+leader+deposed+by+the+overthrow?' from page: 4
Getting search results for query: 'Pakistani+government+overthrown+in+1999+Who+was+the+leader+deposed+by+the+overthrow?' from page: 5
Getting search results for query: 'Pakistani+government+overthrown+in+1999+When+did+the+overthrown+government+come+to+power?' from page: 1
Getting search results for query: 'Pakistani+government+overthrown+in+1999+When+did+the+overthrown+government+come+to+power?' from page: 2
Getting search results for query: 'Pakistani+government+overthrown+in+1999+When+did+the+overthrown+government+come+to+power?' from page: 3
Getting search results for query: 'Pakistani+government+overthrown+in+1999+When+did+the+overthrown+government+come+to+power?' from page: 4
Getting search results for query: 'Pakistani+government+overthrown+in+1999+When+did+the+overthrown+government+come+to+power?' from page: 5
Getting search results for query: 'Pakistani+government+overthrown+in+1999+What+group+accomplished+the+overthrow?' from page: 1
Getting search results for query: 'Pakistani+government+overthrown+in+1999+What+group+accomplished+the+overthrow?' from page: 2
Getting search results for query: 'Pakistani+government+overthrown+in+1999+What+group+accomplished+the+overthrow?' from page: 3
Getting search results for query: 'Pakistani+government+overthrown+in+1999+What+group+accomplished+the+overthrow?' from page: 4
Getting search results for query: 'Pakistani+government+overthrown+in+1999+What+group+accomplished+the+overthrow?' from page: 5
Getting search results for query: 'Pakistani+government+overthrown+in+1999+Who+was+the+nominal+leader+after+the+overthrow?' from page: 1
Getting search results for query: 'Pakistani+government+overthrown+in+1999+Who+was+the+nominal+leader+after+the+overthrow?' from page: 2
Getting search results for query: 'Pakistani+government+overthrown+in+1999+Who+was+the+nominal+leader+after+the+overthrow?' from page: 3
Getting search results for query: 'Pakistani+government+overthrown+in+1999+Who+was+the+nominal+leader+after+the+overthrow?' from page: 4
Getting search results for query: 'Pakistani+government+overthrown+in+1999+Who+was+the+nominal+leader+after+the+overthrow?' from page: 5
Getting search results for query: 'Pakistani+government+overthrown+in+1999+For+what+crime+was+the+deposed+leader+found+guilty?' from page: 1
Getting search results for query: 'Pakistani+government+overthrown+in+1999+For+what+crime+was+the+deposed+leader+found+guilty?' from page: 2
Getting search results for query: 'Pakistani+government+overthrown+in+1999+For+what+crime+was+the+deposed+leader+found+guilty?' from page: 3
Getting search results for query: 'Pakistani+government+overthrown+in+1999+For+what+crime+was+the+deposed+leader+found+guilty?' from page: 4
Getting search results for query: 'Pakistani+government+overthrown+in+1999+For+what+crime+was+the+deposed+leader+found+guilty?' from page: 5
Getting search results for query: 'Britain's+Prince+Edward+marries+When+did+Prince+Edward+engage+to+marry?' from page: 1
Getting search results for query: 'Britain's+Prince+Edward+marries+When+did+Prince+Edward+engage+to+marry?' from page: 2
Getting search results for query: 'Britain's+Prince+Edward+marries+When+did+Prince+Edward+engage+to+marry?' from page: 3
Getting search results for query: 'Britain's+Prince+Edward+marries+When+did+Prince+Edward+engage+to+marry?' from page: 4
Getting search results for query: 'Britain's+Prince+Edward+marries+When+did+Prince+Edward+engage+to+marry?' from page: 5
Getting search results for query: 'Britain's+Prince+Edward+marries+Who+did+the+Prince+marry?' from page: 1
Getting search results for query: 'Britain's+Prince+Edward+marries+Who+did+the+Prince+marry?' from page: 2
Getting search results for query: 'Britain's+Prince+Edward+marries+Who+did+the+Prince+marry?' from page: 3
Getting search results for query: 'Britain's+Prince+Edward+marries+Who+did+the+Prince+marry?' from page: 4
Getting search results for query: 'Britain's+Prince+Edward+marries+Who+did+the+Prince+marry?' from page: 5
Getting search results for query: 'Britain's+Prince+Edward+marries+Where+did+they+honeymoon?' from page: 1
Getting search results for query: 'Britain's+Prince+Edward+marries+Where+did+they+honeymoon?' from page: 2
Getting search results for query: 'Britain's+Prince+Edward+marries+Where+did+they+honeymoon?' from page: 3
Getting search results for query: 'Britain's+Prince+Edward+marries+Where+did+they+honeymoon?' from page: 4
Getting search results for query: 'Britain's+Prince+Edward+marries+Where+did+they+honeymoon?' from page: 5
Getting search results for query: 'Britain's+Prince+Edward+marries+Where+was+Edward+in+line+for+the+throne+at+the+time+of+the+wedding?' from page: 1
Getting search results for query: 'Britain's+Prince+Edward+marries+Where+was+Edward+in+line+for+the+throne+at+the+time+of+the+wedding?' from page: 2
Getting search results for query: 'Britain's+Prince+Edward+marries+Where+was+Edward+in+line+for+the+throne+at+the+time+of+the+wedding?' from page: 3
Getting search results for query: 'Britain's+Prince+Edward+marries+Where+was+Edward+in+line+for+the+throne+at+the+time+of+the+wedding?' from page: 4
Getting search results for query: 'Britain's+Prince+Edward+marries+Where+was+Edward+in+line+for+the+throne+at+the+time+of+the+wedding?' from page: 5
Getting search results for query: 'Britain's+Prince+Edward+marries+What+was+the+Prince's+occupation?' from page: 1
Getting search results for query: 'Britain's+Prince+Edward+marries+What+was+the+Prince's+occupation?' from page: 2
Getting search results for query: 'Britain's+Prince+Edward+marries+What+was+the+Prince's+occupation?' from page: 3
Getting search results for query: 'Britain's+Prince+Edward+marries+What+was+the+Prince's+occupation?' from page: 4
Getting search results for query: 'Britain's+Prince+Edward+marries+What+was+the+Prince's+occupation?' from page: 5
Getting search results for query: 'Britain's+Prince+Edward+marries+How+many+people+viewed+the+wedding+on+television?' from page: 1
Getting search results for query: 'Britain's+Prince+Edward+marries+How+many+people+viewed+the+wedding+on+television?' from page: 2
Getting search results for query: 'Britain's+Prince+Edward+marries+How+many+people+viewed+the+wedding+on+television?' from page: 3
Getting search results for query: 'Britain's+Prince+Edward+marries+How+many+people+viewed+the+wedding+on+television?' from page: 4
Getting search results for query: 'Britain's+Prince+Edward+marries+How+many+people+viewed+the+wedding+on+television?' from page: 5
Getting search results for query: 'tourists+massacred+at+Luxor+in+1997+In+what+country+is+Luxor?' from page: 1
Getting search results for query: 'tourists+massacred+at+Luxor+in+1997+In+what+country+is+Luxor?' from page: 2
Getting search results for query: 'tourists+massacred+at+Luxor+in+1997+In+what+country+is+Luxor?' from page: 3
Getting search results for query: 'tourists+massacred+at+Luxor+in+1997+In+what+country+is+Luxor?' from page: 4
Getting search results for query: 'tourists+massacred+at+Luxor+in+1997+In+what+country+is+Luxor?' from page: 5
Getting search results for query: 'tourists+massacred+at+Luxor+in+1997+On+what+date+did+the+massacre+happen?' from page: 1
Getting search results for query: 'tourists+massacred+at+Luxor+in+1997+On+what+date+did+the+massacre+happen?' from page: 2
Getting search results for query: 'tourists+massacred+at+Luxor+in+1997+On+what+date+did+the+massacre+happen?' from page: 3
Getting search results for query: 'tourists+massacred+at+Luxor+in+1997+On+what+date+did+the+massacre+happen?' from page: 4
Getting search results for query: 'tourists+massacred+at+Luxor+in+1997+On+what+date+did+the+massacre+happen?' from page: 5
Getting search results for query: 'tourists+massacred+at+Luxor+in+1997+How+many+people+died+from+the+massacre?' from page: 1
Getting search results for query: 'tourists+massacred+at+Luxor+in+1997+How+many+people+died+from+the+massacre?' from page: 2
Getting search results for query: 'tourists+massacred+at+Luxor+in+1997+How+many+people+died+from+the+massacre?' from page: 3
Getting search results for query: 'tourists+massacred+at+Luxor+in+1997+How+many+people+died+from+the+massacre?' from page: 4
Getting search results for query: 'tourists+massacred+at+Luxor+in+1997+How+many+people+died+from+the+massacre?' from page: 5
Getting search results for query: 'tourists+massacred+at+Luxor+in+1997+At+what+site+in+Luxor+did+the+massacre+occur?' from page: 1
Getting search results for query: 'tourists+massacred+at+Luxor+in+1997+At+what+site+in+Luxor+did+the+massacre+occur?' from page: 2
Getting search results for query: 'tourists+massacred+at+Luxor+in+1997+At+what+site+in+Luxor+did+the+massacre+occur?' from page: 3
Getting search results for query: 'tourists+massacred+at+Luxor+in+1997+At+what+site+in+Luxor+did+the+massacre+occur?' from page: 4
Getting search results for query: 'tourists+massacred+at+Luxor+in+1997+At+what+site+in+Luxor+did+the+massacre+occur?' from page: 5
Getting search results for query: 'tourists+massacred+at+Luxor+in+1997+Which+terrorist+organization+claimed+responsibility+for+the+massacre?' from page: 1
Getting search results for query: 'tourists+massacred+at+Luxor+in+1997+Which+terrorist+organization+claimed+responsibility+for+the+massacre?' from page: 2
Getting search results for query: 'tourists+massacred+at+Luxor+in+1997+Which+terrorist+organization+claimed+responsibility+for+the+massacre?' from page: 3
Getting search results for query: 'tourists+massacred+at+Luxor+in+1997+Which+terrorist+organization+claimed+responsibility+for+the+massacre?' from page: 4
Getting search results for query: 'tourists+massacred+at+Luxor+in+1997+Which+terrorist+organization+claimed+responsibility+for+the+massacre?' from page: 5
Getting search results for query: 'The+Daily+Show+The+Daily+Show+appears+on+what+cable+channel?' from page: 1
Getting search results for query: 'The+Daily+Show+The+Daily+Show+appears+on+what+cable+channel?' from page: 2
Getting search results for query: 'The+Daily+Show+The+Daily+Show+appears+on+what+cable+channel?' from page: 3
Getting search results for query: 'The+Daily+Show+The+Daily+Show+appears+on+what+cable+channel?' from page: 4
Getting search results for query: 'The+Daily+Show+The+Daily+Show+appears+on+what+cable+channel?' from page: 5
Getting search results for query: 'The+Daily+Show+The+Daily+Show+parodies+what+other+type+of+TV+program?' from page: 1
Getting search results for query: 'The+Daily+Show+The+Daily+Show+parodies+what+other+type+of+TV+program?' from page: 2
Getting search results for query: 'The+Daily+Show+The+Daily+Show+parodies+what+other+type+of+TV+program?' from page: 3
Getting search results for query: 'The+Daily+Show+The+Daily+Show+parodies+what+other+type+of+TV+program?' from page: 4
Getting search results for query: 'The+Daily+Show+The+Daily+Show+parodies+what+other+type+of+TV+program?' from page: 5
Getting search results for query: 'The+Daily+Show+Who+is+host+of+The+Daily+Show?' from page: 1
Getting search results for query: 'The+Daily+Show+Who+is+host+of+The+Daily+Show?' from page: 2
Getting search results for query: 'The+Daily+Show+Who+is+host+of+The+Daily+Show?' from page: 3
Getting search results for query: 'The+Daily+Show+Who+is+host+of+The+Daily+Show?' from page: 4
Getting search results for query: 'The+Daily+Show+Who+is+host+of+The+Daily+Show?' from page: 5
Getting search results for query: 'The+Daily+Show+At+what+time+is+The+Daily+Show+initially+televised?' from page: 1
Getting search results for query: 'The+Daily+Show+At+what+time+is+The+Daily+Show+initially+televised?' from page: 2
Getting search results for query: 'The+Daily+Show+At+what+time+is+The+Daily+Show+initially+televised?' from page: 3
Getting search results for query: 'The+Daily+Show+At+what+time+is+The+Daily+Show+initially+televised?' from page: 4
Getting search results for query: 'The+Daily+Show+At+what+time+is+The+Daily+Show+initially+televised?' from page: 5
Getting search results for query: 'The+Daily+Show+Who+is+the+creator+of+The+Daily+Show?' from page: 1
Getting search results for query: 'The+Daily+Show+Who+is+the+creator+of+The+Daily+Show?' from page: 2
Getting search results for query: 'The+Daily+Show+Who+is+the+creator+of+The+Daily+Show?' from page: 3
Getting search results for query: 'The+Daily+Show+Who+is+the+creator+of+The+Daily+Show?' from page: 4
Getting search results for query: 'The+Daily+Show+Who+is+the+creator+of+The+Daily+Show?' from page: 5
Getting search results for query: 'The+Daily+Show+What+was+the+title+for+The+Daily+Show's+2000+election+coverage?' from page: 1
Getting search results for query: 'The+Daily+Show+What+was+the+title+for+The+Daily+Show's+2000+election+coverage?' from page: 2
Getting search results for query: 'The+Daily+Show+What+was+the+title+for+The+Daily+Show's+2000+election+coverage?' from page: 3
Getting search results for query: 'The+Daily+Show+What+was+the+title+for+The+Daily+Show's+2000+election+coverage?' from page: 4
Getting search results for query: 'The+Daily+Show+What+was+the+title+for+The+Daily+Show's+2000+election+coverage?' from page: 5
Getting search results for query: 'television+show+Cheers+In+what+year+was+the+final+episode+telecast?' from page: 1
Getting search results for query: 'television+show+Cheers+In+what+year+was+the+final+episode+telecast?' from page: 2
Getting search results for query: 'television+show+Cheers+In+what+year+was+the+final+episode+telecast?' from page: 3
Getting search results for query: 'television+show+Cheers+In+what+year+was+the+final+episode+telecast?' from page: 4
Getting search results for query: 'television+show+Cheers+In+what+year+was+the+final+episode+telecast?' from page: 5
Getting search results for query: 'television+show+Cheers+What+network+aired+the+show?' from page: 1
Getting search results for query: 'television+show+Cheers+What+network+aired+the+show?' from page: 2
Getting search results for query: 'television+show+Cheers+What+network+aired+the+show?' from page: 3
Getting search results for query: 'television+show+Cheers+What+network+aired+the+show?' from page: 4
Getting search results for query: 'television+show+Cheers+What+network+aired+the+show?' from page: 5
Getting search results for query: 'television+show+Cheers+Who+played+Diane+Chambers?' from page: 1
Getting search results for query: 'television+show+Cheers+Who+played+Diane+Chambers?' from page: 2
Getting search results for query: 'television+show+Cheers+Who+played+Diane+Chambers?' from page: 3
Getting search results for query: 'television+show+Cheers+Who+played+Diane+Chambers?' from page: 4
Getting search results for query: 'television+show+Cheers+Who+played+Diane+Chambers?' from page: 5
Getting search results for query: 'television+show+Cheers+Who+played+Sam+Malone+the+bartender?' from page: 1
Getting search results for query: 'television+show+Cheers+Who+played+Sam+Malone+the+bartender?' from page: 2
Getting search results for query: 'television+show+Cheers+Who+played+Sam+Malone+the+bartender?' from page: 3
Getting search results for query: 'television+show+Cheers+Who+played+Sam+Malone+the+bartender?' from page: 4
Getting search results for query: 'television+show+Cheers+Who+played+Sam+Malone+the+bartender?' from page: 5
Getting search results for query: 'television+show+Cheers+What+Boston+bar+was+the+inspiration+for+Cheers'+bar?' from page: 1
Getting search results for query: 'television+show+Cheers+What+Boston+bar+was+the+inspiration+for+Cheers'+bar?' from page: 2
Getting search results for query: 'television+show+Cheers+What+Boston+bar+was+the+inspiration+for+Cheers'+bar?' from page: 3
Getting search results for query: 'television+show+Cheers+What+Boston+bar+was+the+inspiration+for+Cheers'+bar?' from page: 4
Getting search results for query: 'television+show+Cheers+What+Boston+bar+was+the+inspiration+for+Cheers'+bar?' from page: 5
Getting search results for query: 'television+show+Cheers+What+year+was+the+program+first+broadcast?' from page: 1
Getting search results for query: 'television+show+Cheers+What+year+was+the+program+first+broadcast?' from page: 2
Getting search results for query: 'television+show+Cheers+What+year+was+the+program+first+broadcast?' from page: 3
Getting search results for query: 'television+show+Cheers+What+year+was+the+program+first+broadcast?' from page: 4
Getting search results for query: 'television+show+Cheers+What+year+was+the+program+first+broadcast?' from page: 5
Getting search results for query: 'Winston+Cup+How+many+races+are+part+of+the+Winston+Cup+series?' from page: 1
Getting search results for query: 'Winston+Cup+How+many+races+are+part+of+the+Winston+Cup+series?' from page: 2
Getting search results for query: 'Winston+Cup+How+many+races+are+part+of+the+Winston+Cup+series?' from page: 3
Getting search results for query: 'Winston+Cup+How+many+races+are+part+of+the+Winston+Cup+series?' from page: 4
Getting search results for query: 'Winston+Cup+How+many+races+are+part+of+the+Winston+Cup+series?' from page: 5
Getting search results for query: 'Winston+Cup+What+tobacco+company+is+a+sponsor+of+the+Winston+Cup+series?' from page: 1
Getting search results for query: 'Winston+Cup+What+tobacco+company+is+a+sponsor+of+the+Winston+Cup+series?' from page: 2
Getting search results for query: 'Winston+Cup+What+tobacco+company+is+a+sponsor+of+the+Winston+Cup+series?' from page: 3
Getting search results for query: 'Winston+Cup+What+tobacco+company+is+a+sponsor+of+the+Winston+Cup+series?' from page: 4
Getting search results for query: 'Winston+Cup+What+tobacco+company+is+a+sponsor+of+the+Winston+Cup+series?' from page: 5
Getting search results for query: 'Winston+Cup+On+what+day+of+the+week+are+races+for+the+Winston+Cup+run?' from page: 1
Getting search results for query: 'Winston+Cup+On+what+day+of+the+week+are+races+for+the+Winston+Cup+run?' from page: 2
Getting search results for query: 'Winston+Cup+On+what+day+of+the+week+are+races+for+the+Winston+Cup+run?' from page: 3
Getting search results for query: 'Winston+Cup+On+what+day+of+the+week+are+races+for+the+Winston+Cup+run?' from page: 4
Getting search results for query: 'Winston+Cup+On+what+day+of+the+week+are+races+for+the+Winston+Cup+run?' from page: 5
Getting search results for query: 'Winston+Cup+What+is+considered+the+minor+league+for+the+Winston+Cup+series?' from page: 1
Getting search results for query: 'Winston+Cup+What+is+considered+the+minor+league+for+the+Winston+Cup+series?' from page: 2
Getting search results for query: 'Winston+Cup+What+is+considered+the+minor+league+for+the+Winston+Cup+series?' from page: 3
Getting search results for query: 'Winston+Cup+What+is+considered+the+minor+league+for+the+Winston+Cup+series?' from page: 4
Getting search results for query: 'Winston+Cup+What+is+considered+the+minor+league+for+the+Winston+Cup+series?' from page: 5
Getting search results for query: 'Wolfgang+Amadeus+Mozart+Where+was+Mozart+born?' from page: 1
Getting search results for query: 'Wolfgang+Amadeus+Mozart+Where+was+Mozart+born?' from page: 2
Getting search results for query: 'Wolfgang+Amadeus+Mozart+Where+was+Mozart+born?' from page: 3
Getting search results for query: 'Wolfgang+Amadeus+Mozart+Where+was+Mozart+born?' from page: 4
Getting search results for query: 'Wolfgang+Amadeus+Mozart+Where+was+Mozart+born?' from page: 5
Getting search results for query: 'Wolfgang+Amadeus+Mozart+When+was+Mozart+born?' from page: 1
Getting search results for query: 'Wolfgang+Amadeus+Mozart+When+was+Mozart+born?' from page: 2
Getting search results for query: 'Wolfgang+Amadeus+Mozart+When+was+Mozart+born?' from page: 3
Getting search results for query: 'Wolfgang+Amadeus+Mozart+When+was+Mozart+born?' from page: 4
Getting search results for query: 'Wolfgang+Amadeus+Mozart+When+was+Mozart+born?' from page: 5
Getting search results for query: 'Wolfgang+Amadeus+Mozart+What+year+did+Mozart+die?' from page: 1
Getting search results for query: 'Wolfgang+Amadeus+Mozart+What+year+did+Mozart+die?' from page: 2
Getting search results for query: 'Wolfgang+Amadeus+Mozart+What+year+did+Mozart+die?' from page: 3
Getting search results for query: 'Wolfgang+Amadeus+Mozart+What+year+did+Mozart+die?' from page: 4
Getting search results for query: 'Wolfgang+Amadeus+Mozart+What+year+did+Mozart+die?' from page: 5
Getting search results for query: 'Wolfgang+Amadeus+Mozart+Who+was+Mozart's+rival?' from page: 1
Getting search results for query: 'Wolfgang+Amadeus+Mozart+Who+was+Mozart's+rival?' from page: 2
Getting search results for query: 'Wolfgang+Amadeus+Mozart+Who+was+Mozart's+rival?' from page: 3
Getting search results for query: 'Wolfgang+Amadeus+Mozart+Who+was+Mozart's+rival?' from page: 4
Getting search results for query: 'Wolfgang+Amadeus+Mozart+Who+was+Mozart's+rival?' from page: 5
Getting search results for query: 'Wolfgang+Amadeus+Mozart+How+many+children+did+Mozart+have?' from page: 1
Getting search results for query: 'Wolfgang+Amadeus+Mozart+How+many+children+did+Mozart+have?' from page: 2
Getting search results for query: 'Wolfgang+Amadeus+Mozart+How+many+children+did+Mozart+have?' from page: 3
Getting search results for query: 'Wolfgang+Amadeus+Mozart+How+many+children+did+Mozart+have?' from page: 4
Getting search results for query: 'Wolfgang+Amadeus+Mozart+How+many+children+did+Mozart+have?' from page: 5
Getting search results for query: 'Alfred+Hitchcock+When+was+Hitchcock+born?' from page: 1
Getting search results for query: 'Alfred+Hitchcock+When+was+Hitchcock+born?' from page: 2
Getting search results for query: 'Alfred+Hitchcock+When+was+Hitchcock+born?' from page: 3
Getting search results for query: 'Alfred+Hitchcock+When+was+Hitchcock+born?' from page: 4
Getting search results for query: 'Alfred+Hitchcock+When+was+Hitchcock+born?' from page: 5
Getting search results for query: 'Alfred+Hitchcock+Where+was+Hitchcock+born?' from page: 1
Getting search results for query: 'Alfred+Hitchcock+Where+was+Hitchcock+born?' from page: 2
Getting search results for query: 'Alfred+Hitchcock+Where+was+Hitchcock+born?' from page: 3
Getting search results for query: 'Alfred+Hitchcock+Where+was+Hitchcock+born?' from page: 4
Getting search results for query: 'Alfred+Hitchcock+Where+was+Hitchcock+born?' from page: 5
Getting search results for query: 'Alfred+Hitchcock+What+was+Hitchcock's+first+movie?' from page: 1
Getting search results for query: 'Alfred+Hitchcock+What+was+Hitchcock's+first+movie?' from page: 2
Getting search results for query: 'Alfred+Hitchcock+What+was+Hitchcock's+first+movie?' from page: 3
Getting search results for query: 'Alfred+Hitchcock+What+was+Hitchcock's+first+movie?' from page: 4
Getting search results for query: 'Alfred+Hitchcock+What+was+Hitchcock's+first+movie?' from page: 5
Getting search results for query: 'Alfred+Hitchcock+How+many+Oscar+awards+did+Hitchcock+win?' from page: 1
Getting search results for query: 'Alfred+Hitchcock+How+many+Oscar+awards+did+Hitchcock+win?' from page: 2
Getting search results for query: 'Alfred+Hitchcock+How+many+Oscar+awards+did+Hitchcock+win?' from page: 3
Getting search results for query: 'Alfred+Hitchcock+How+many+Oscar+awards+did+Hitchcock+win?' from page: 4
Getting search results for query: 'Alfred+Hitchcock+How+many+Oscar+awards+did+Hitchcock+win?' from page: 5
Getting search results for query: 'Alfred+Hitchcock+When+did+Hitchcock+die?' from page: 1
Getting search results for query: 'Alfred+Hitchcock+When+did+Hitchcock+die?' from page: 2
Getting search results for query: 'Alfred+Hitchcock+When+did+Hitchcock+die?' from page: 3
Getting search results for query: 'Alfred+Hitchcock+When+did+Hitchcock+die?' from page: 4
Getting search results for query: 'Alfred+Hitchcock+When+did+Hitchcock+die?' from page: 5
Getting search results for query: 'Alfred+Hitchcock+Where+did+Hitchcock+die?' from page: 1
Getting search results for query: 'Alfred+Hitchcock+Where+did+Hitchcock+die?' from page: 2
Getting search results for query: 'Alfred+Hitchcock+Where+did+Hitchcock+die?' from page: 3
Getting search results for query: 'Alfred+Hitchcock+Where+did+Hitchcock+die?' from page: 4
Getting search results for query: 'Alfred+Hitchcock+Where+did+Hitchcock+die?' from page: 5
Getting search results for query: 'Christopher+Reeve+What+year+was+Christopher+Reeve+paralyzed?' from page: 1
Getting search results for query: 'Christopher+Reeve+What+year+was+Christopher+Reeve+paralyzed?' from page: 2
Getting search results for query: 'Christopher+Reeve+What+year+was+Christopher+Reeve+paralyzed?' from page: 3
Getting search results for query: 'Christopher+Reeve+What+year+was+Christopher+Reeve+paralyzed?' from page: 4
Getting search results for query: 'Christopher+Reeve+What+year+was+Christopher+Reeve+paralyzed?' from page: 5
Getting search results for query: 'Christopher+Reeve+How+many+"Superman"+movies+did+he+make?' from page: 1
Getting search results for query: 'Christopher+Reeve+How+many+"Superman"+movies+did+he+make?' from page: 2
Getting search results for query: 'Christopher+Reeve+How+many+"Superman"+movies+did+he+make?' from page: 3
Getting search results for query: 'Christopher+Reeve+How+many+"Superman"+movies+did+he+make?' from page: 4
Getting search results for query: 'Christopher+Reeve+How+many+"Superman"+movies+did+he+make?' from page: 5
Getting search results for query: 'Christopher+Reeve+During+what+years+were+these+"Superman"+movies+made?' from page: 1
Getting search results for query: 'Christopher+Reeve+During+what+years+were+these+"Superman"+movies+made?' from page: 2
Getting search results for query: 'Christopher+Reeve+During+what+years+were+these+"Superman"+movies+made?' from page: 3
Getting search results for query: 'Christopher+Reeve+During+what+years+were+these+"Superman"+movies+made?' from page: 4
Getting search results for query: 'Christopher+Reeve+During+what+years+were+these+"Superman"+movies+made?' from page: 5
Getting search results for query: 'Christopher+Reeve+Which+actress+co-starred+in+the+most+"Superman"+movies+with+Reeve?' from page: 1
Getting search results for query: 'Christopher+Reeve+Which+actress+co-starred+in+the+most+"Superman"+movies+with+Reeve?' from page: 2
Getting search results for query: 'Christopher+Reeve+Which+actress+co-starred+in+the+most+"Superman"+movies+with+Reeve?' from page: 3
Getting search results for query: 'Christopher+Reeve+Which+actress+co-starred+in+the+most+"Superman"+movies+with+Reeve?' from page: 4
Getting search results for query: 'Christopher+Reeve+Which+actress+co-starred+in+the+most+"Superman"+movies+with+Reeve?' from page: 5
Getting search results for query: 'Christopher+Reeve+What+year+did+Reeve+commence+his+theatrical+career?' from page: 1
Getting search results for query: 'Christopher+Reeve+What+year+did+Reeve+commence+his+theatrical+career?' from page: 2
Getting search results for query: 'Christopher+Reeve+What+year+did+Reeve+commence+his+theatrical+career?' from page: 3
Getting search results for query: 'Christopher+Reeve+What+year+did+Reeve+commence+his+theatrical+career?' from page: 4
Getting search results for query: 'Christopher+Reeve+What+year+did+Reeve+commence+his+theatrical+career?' from page: 5
Getting search results for query: 'Hugo+Chavez+Hugo+Chavez+is+president+of+which+country?' from page: 1
Getting search results for query: 'Hugo+Chavez+Hugo+Chavez+is+president+of+which+country?' from page: 2
Getting search results for query: 'Hugo+Chavez+Hugo+Chavez+is+president+of+which+country?' from page: 3
Getting search results for query: 'Hugo+Chavez+Hugo+Chavez+is+president+of+which+country?' from page: 4
Getting search results for query: 'Hugo+Chavez+Hugo+Chavez+is+president+of+which+country?' from page: 5
Getting search results for query: 'Hugo+Chavez+How+old+was+Hugo+Chavez+when+first+elected?' from page: 1
Getting search results for query: 'Hugo+Chavez+How+old+was+Hugo+Chavez+when+first+elected?' from page: 2
Getting search results for query: 'Hugo+Chavez+How+old+was+Hugo+Chavez+when+first+elected?' from page: 3
Getting search results for query: 'Hugo+Chavez+How+old+was+Hugo+Chavez+when+first+elected?' from page: 4
Getting search results for query: 'Hugo+Chavez+How+old+was+Hugo+Chavez+when+first+elected?' from page: 5
Getting search results for query: 'Hugo+Chavez+Where+did+Chavez+graduate+from?' from page: 1
Getting search results for query: 'Hugo+Chavez+Where+did+Chavez+graduate+from?' from page: 2
Getting search results for query: 'Hugo+Chavez+Where+did+Chavez+graduate+from?' from page: 3
Getting search results for query: 'Hugo+Chavez+Where+did+Chavez+graduate+from?' from page: 4
Getting search results for query: 'Hugo+Chavez+Where+did+Chavez+graduate+from?' from page: 5
Getting search results for query: 'Hugo+Chavez+What+year+did+Chavez+graduate+from+this+school?' from page: 1
Getting search results for query: 'Hugo+Chavez+What+year+did+Chavez+graduate+from+this+school?' from page: 2
Getting search results for query: 'Hugo+Chavez+What+year+did+Chavez+graduate+from+this+school?' from page: 3
Getting search results for query: 'Hugo+Chavez+What+year+did+Chavez+graduate+from+this+school?' from page: 4
Getting search results for query: 'Hugo+Chavez+What+year+did+Chavez+graduate+from+this+school?' from page: 5
Getting search results for query: 'Hugo+Chavez+What+percentage+of+the+2000+Presidential+vote+did+Chavez+receive?' from page: 1
Getting search results for query: 'Hugo+Chavez+What+percentage+of+the+2000+Presidential+vote+did+Chavez+receive?' from page: 2
Getting search results for query: 'Hugo+Chavez+What+percentage+of+the+2000+Presidential+vote+did+Chavez+receive?' from page: 3
Getting search results for query: 'Hugo+Chavez+What+percentage+of+the+2000+Presidential+vote+did+Chavez+receive?' from page: 4
Getting search results for query: 'Hugo+Chavez+What+percentage+of+the+2000+Presidential+vote+did+Chavez+receive?' from page: 5
Getting search results for query: 'Hugo+Chavez+Who+was+Chavez's+opponent+in+his+1998+Presidential+race?' from page: 1
Getting search results for query: 'Hugo+Chavez+Who+was+Chavez's+opponent+in+his+1998+Presidential+race?' from page: 2
Getting search results for query: 'Hugo+Chavez+Who+was+Chavez's+opponent+in+his+1998+Presidential+race?' from page: 3
Getting search results for query: 'Hugo+Chavez+Who+was+Chavez's+opponent+in+his+1998+Presidential+race?' from page: 4
Getting search results for query: 'Hugo+Chavez+Who+was+Chavez's+opponent+in+his+1998+Presidential+race?' from page: 5
Getting search results for query: 'NASCAR+Who+founded+NASCAR?' from page: 1
Getting search results for query: 'NASCAR+Who+founded+NASCAR?' from page: 2
Getting search results for query: 'NASCAR+Who+founded+NASCAR?' from page: 3
Getting search results for query: 'NASCAR+Who+founded+NASCAR?' from page: 4
Getting search results for query: 'NASCAR+Who+founded+NASCAR?' from page: 5
Getting search results for query: 'NASCAR+When+was+NASCAR+founded?' from page: 1
Getting search results for query: 'NASCAR+When+was+NASCAR+founded?' from page: 2
Getting search results for query: 'NASCAR+When+was+NASCAR+founded?' from page: 3
Getting search results for query: 'NASCAR+When+was+NASCAR+founded?' from page: 4
Getting search results for query: 'NASCAR+When+was+NASCAR+founded?' from page: 5
Getting search results for query: 'NASCAR+Who+took+control+of+NASCAR+from+the+founder?' from page: 1
Getting search results for query: 'NASCAR+Who+took+control+of+NASCAR+from+the+founder?' from page: 2
Getting search results for query: 'NASCAR+Who+took+control+of+NASCAR+from+the+founder?' from page: 3
Getting search results for query: 'NASCAR+Who+took+control+of+NASCAR+from+the+founder?' from page: 4
Getting search results for query: 'NASCAR+Who+took+control+of+NASCAR+from+the+founder?' from page: 5
Getting search results for query: 'NASCAR+How+much+money+does+NASCAR+generate+from+TV+rights+annually?' from page: 1
Getting search results for query: 'NASCAR+How+much+money+does+NASCAR+generate+from+TV+rights+annually?' from page: 2
Getting search results for query: 'NASCAR+How+much+money+does+NASCAR+generate+from+TV+rights+annually?' from page: 3
Getting search results for query: 'NASCAR+How+much+money+does+NASCAR+generate+from+TV+rights+annually?' from page: 4
Getting search results for query: 'NASCAR+How+much+money+does+NASCAR+generate+from+TV+rights+annually?' from page: 5
Getting search results for query: 'NASCAR+Who+holds+the+record+of+career+victories+in+NASCAR?' from page: 1
Getting search results for query: 'NASCAR+Who+holds+the+record+of+career+victories+in+NASCAR?' from page: 2
Getting search results for query: 'NASCAR+Who+holds+the+record+of+career+victories+in+NASCAR?' from page: 3
Getting search results for query: 'NASCAR+Who+holds+the+record+of+career+victories+in+NASCAR?' from page: 4
Getting search results for query: 'NASCAR+Who+holds+the+record+of+career+victories+in+NASCAR?' from page: 5
Getting search results for query: 'NASCAR+What+is+the+record+career+total+of+victories+in+NASCAR?' from page: 1
Getting search results for query: 'NASCAR+What+is+the+record+career+total+of+victories+in+NASCAR?' from page: 2
Getting search results for query: 'NASCAR+What+is+the+record+career+total+of+victories+in+NASCAR?' from page: 3
Getting search results for query: 'NASCAR+What+is+the+record+career+total+of+victories+in+NASCAR?' from page: 4
Getting search results for query: 'NASCAR+What+is+the+record+career+total+of+victories+in+NASCAR?' from page: 5
Getting search results for query: 'United+Nations+(U.N.)+What+was+the+number+of+member+nations+of+the+U.N.+in+2000?' from page: 1
Getting search results for query: 'United+Nations+(U.N.)+What+was+the+number+of+member+nations+of+the+U.N.+in+2000?' from page: 2
Getting search results for query: 'United+Nations+(U.N.)+What+was+the+number+of+member+nations+of+the+U.N.+in+2000?' from page: 3
Getting search results for query: 'United+Nations+(U.N.)+What+was+the+number+of+member+nations+of+the+U.N.+in+2000?' from page: 4
Getting search results for query: 'United+Nations+(U.N.)+What+was+the+number+of+member+nations+of+the+U.N.+in+2000?' from page: 5
Getting search results for query: 'United+Nations+(U.N.)+How+many+non-permanent+members+are+in+the+Security+Council?' from page: 1
Getting search results for query: 'United+Nations+(U.N.)+How+many+non-permanent+members+are+in+the+Security+Council?' from page: 2
Getting search results for query: 'United+Nations+(U.N.)+How+many+non-permanent+members+are+in+the+Security+Council?' from page: 3
Getting search results for query: 'United+Nations+(U.N.)+How+many+non-permanent+members+are+in+the+Security+Council?' from page: 4
Getting search results for query: 'United+Nations+(U.N.)+How+many+non-permanent+members+are+in+the+Security+Council?' from page: 5
Getting search results for query: 'United+Nations+(U.N.)+How+long+does+a+non-permanent+member+serve+on+the+Security+Council?' from page: 1
Getting search results for query: 'United+Nations+(U.N.)+How+long+does+a+non-permanent+member+serve+on+the+Security+Council?' from page: 2
Getting search results for query: 'United+Nations+(U.N.)+How+long+does+a+non-permanent+member+serve+on+the+Security+Council?' from page: 3
Getting search results for query: 'United+Nations+(U.N.)+How+long+does+a+non-permanent+member+serve+on+the+Security+Council?' from page: 4
Getting search results for query: 'United+Nations+(U.N.)+How+long+does+a+non-permanent+member+serve+on+the+Security+Council?' from page: 5
Getting search results for query: 'United+Nations+(U.N.)+How+often+does+the+presidency+of+the+Security+Council+rotate?' from page: 1
Getting search results for query: 'United+Nations+(U.N.)+How+often+does+the+presidency+of+the+Security+Council+rotate?' from page: 2
Getting search results for query: 'United+Nations+(U.N.)+How+often+does+the+presidency+of+the+Security+Council+rotate?' from page: 3
Getting search results for query: 'United+Nations+(U.N.)+How+often+does+the+presidency+of+the+Security+Council+rotate?' from page: 4
Getting search results for query: 'United+Nations+(U.N.)+How+often+does+the+presidency+of+the+Security+Council+rotate?' from page: 5
Getting search results for query: 'United+Nations+(U.N.)+Who+was+the+President+of+the+U.N.+Security+Council+for+August+1999?' from page: 1
Getting search results for query: 'United+Nations+(U.N.)+Who+was+the+President+of+the+U.N.+Security+Council+for+August+1999?' from page: 2
Getting search results for query: 'United+Nations+(U.N.)+Who+was+the+President+of+the+U.N.+Security+Council+for+August+1999?' from page: 3
Getting search results for query: 'United+Nations+(U.N.)+Who+was+the+President+of+the+U.N.+Security+Council+for+August+1999?' from page: 4
Getting search results for query: 'United+Nations+(U.N.)+Who+was+the+President+of+the+U.N.+Security+Council+for+August+1999?' from page: 5
Getting search results for query: 'United+Nations+(U.N.)+Who+is+the+Secretary-General+for+political+affairs?' from page: 1
Getting search results for query: 'United+Nations+(U.N.)+Who+is+the+Secretary-General+for+political+affairs?' from page: 2
Getting search results for query: 'United+Nations+(U.N.)+Who+is+the+Secretary-General+for+political+affairs?' from page: 3
Getting search results for query: 'United+Nations+(U.N.)+Who+is+the+Secretary-General+for+political+affairs?' from page: 4
Getting search results for query: 'United+Nations+(U.N.)+Who+is+the+Secretary-General+for+political+affairs?' from page: 5
Getting search results for query: 'Tufts+University+Who+became+Tufts+University+President+in+1992?' from page: 1
Getting search results for query: 'Tufts+University+Who+became+Tufts+University+President+in+1992?' from page: 2
Getting search results for query: 'Tufts+University+Who+became+Tufts+University+President+in+1992?' from page: 3
Getting search results for query: 'Tufts+University+Who+became+Tufts+University+President+in+1992?' from page: 4
Getting search results for query: 'Tufts+University+Who+became+Tufts+University+President+in+1992?' from page: 5
Getting search results for query: 'Tufts+University+Over+which+other+university+did+he+preside?' from page: 1
Getting search results for query: 'Tufts+University+Over+which+other+university+did+he+preside?' from page: 2
Getting search results for query: 'Tufts+University+Over+which+other+university+did+he+preside?' from page: 3
Getting search results for query: 'Tufts+University+Over+which+other+university+did+he+preside?' from page: 4
Getting search results for query: 'Tufts+University+Over+which+other+university+did+he+preside?' from page: 5
Getting search results for query: 'Tufts+University+What+was+Tufts'+endowment+in+1992+when+he+became+president?' from page: 1
Getting search results for query: 'Tufts+University+What+was+Tufts'+endowment+in+1992+when+he+became+president?' from page: 2
Getting search results for query: 'Tufts+University+What+was+Tufts'+endowment+in+1992+when+he+became+president?' from page: 3
Getting search results for query: 'Tufts+University+What+was+Tufts'+endowment+in+1992+when+he+became+president?' from page: 4
Getting search results for query: 'Tufts+University+What+was+Tufts'+endowment+in+1992+when+he+became+president?' from page: 5
Getting search results for query: 'Tufts+University+What+is+Tufts'+current+endowment?' from page: 1
Getting search results for query: 'Tufts+University+What+is+Tufts'+current+endowment?' from page: 2
Getting search results for query: 'Tufts+University+What+is+Tufts'+current+endowment?' from page: 3
Getting search results for query: 'Tufts+University+What+is+Tufts'+current+endowment?' from page: 4
Getting search results for query: 'Tufts+University+What+is+Tufts'+current+endowment?' from page: 5
Getting search results for query: 'Tufts+University+How+many+schools+make+up+the+university?' from page: 1
Getting search results for query: 'Tufts+University+How+many+schools+make+up+the+university?' from page: 2
Getting search results for query: 'Tufts+University+How+many+schools+make+up+the+university?' from page: 3
Getting search results for query: 'Tufts+University+How+many+schools+make+up+the+university?' from page: 4
Getting search results for query: 'Tufts+University+How+many+schools+make+up+the+university?' from page: 5
Getting search results for query: 'Tufts+University+Where+is+Tufts+located?' from page: 1
Getting search results for query: 'Tufts+University+Where+is+Tufts+located?' from page: 2
Getting search results for query: 'Tufts+University+Where+is+Tufts+located?' from page: 3
Getting search results for query: 'Tufts+University+Where+is+Tufts+located?' from page: 4
Getting search results for query: 'Tufts+University+Where+is+Tufts+located?' from page: 5
Getting search results for query: 'Wal-Mart+What+year+was+Wal-Mart+founded?' from page: 1
Getting search results for query: 'Wal-Mart+What+year+was+Wal-Mart+founded?' from page: 2
Getting search results for query: 'Wal-Mart+What+year+was+Wal-Mart+founded?' from page: 3
Getting search results for query: 'Wal-Mart+What+year+was+Wal-Mart+founded?' from page: 4
Getting search results for query: 'Wal-Mart+What+year+was+Wal-Mart+founded?' from page: 5
Getting search results for query: 'Wal-Mart+Who+founded+Wal-Mart?' from page: 1
Getting search results for query: 'Wal-Mart+Who+founded+Wal-Mart?' from page: 2
Getting search results for query: 'Wal-Mart+Who+founded+Wal-Mart?' from page: 3
Getting search results for query: 'Wal-Mart+Who+founded+Wal-Mart?' from page: 4
Getting search results for query: 'Wal-Mart+Who+founded+Wal-Mart?' from page: 5
Getting search results for query: 'Wal-Mart+How+many+Wal-Mart+employees+are+there+in+the+U.S.?' from page: 1
Getting search results for query: 'Wal-Mart+How+many+Wal-Mart+employees+are+there+in+the+U.S.?' from page: 2
Getting search results for query: 'Wal-Mart+How+many+Wal-Mart+employees+are+there+in+the+U.S.?' from page: 3
Getting search results for query: 'Wal-Mart+How+many+Wal-Mart+employees+are+there+in+the+U.S.?' from page: 4
Getting search results for query: 'Wal-Mart+How+many+Wal-Mart+employees+are+there+in+the+U.S.?' from page: 5
Getting search results for query: 'Wal-Mart+How+many+stores+does+Wal-Mart+operate+world-wide?' from page: 1
Getting search results for query: 'Wal-Mart+How+many+stores+does+Wal-Mart+operate+world-wide?' from page: 2
Getting search results for query: 'Wal-Mart+How+many+stores+does+Wal-Mart+operate+world-wide?' from page: 3
Getting search results for query: 'Wal-Mart+How+many+stores+does+Wal-Mart+operate+world-wide?' from page: 4
Getting search results for query: 'Wal-Mart+How+many+stores+does+Wal-Mart+operate+world-wide?' from page: 5
Getting search results for query: 'Wal-Mart+How+many+Wal-Mart+outlets+are+there+in+India?' from page: 1
Getting search results for query: 'Wal-Mart+How+many+Wal-Mart+outlets+are+there+in+India?' from page: 2
Getting search results for query: 'Wal-Mart+How+many+Wal-Mart+outlets+are+there+in+India?' from page: 3
Getting search results for query: 'Wal-Mart+How+many+Wal-Mart+outlets+are+there+in+India?' from page: 4
Getting search results for query: 'Wal-Mart+How+many+Wal-Mart+outlets+are+there+in+India?' from page: 5
Getting search results for query: 'Wal-Mart+How+many+Wal-Mart+outlets+are+there+in+China?' from page: 1
Getting search results for query: 'Wal-Mart+How+many+Wal-Mart+outlets+are+there+in+China?' from page: 2
Getting search results for query: 'Wal-Mart+How+many+Wal-Mart+outlets+are+there+in+China?' from page: 3
Getting search results for query: 'Wal-Mart+How+many+Wal-Mart+outlets+are+there+in+China?' from page: 4
Getting search results for query: 'Wal-Mart+How+many+Wal-Mart+outlets+are+there+in+China?' from page: 5
Getting search results for query: 'IMF+How+many+member+nations+are+in+the+IMF?' from page: 1
Getting search results for query: 'IMF+How+many+member+nations+are+in+the+IMF?' from page: 2
Getting search results for query: 'IMF+How+many+member+nations+are+in+the+IMF?' from page: 3
Getting search results for query: 'IMF+How+many+member+nations+are+in+the+IMF?' from page: 4
Getting search results for query: 'IMF+How+many+member+nations+are+in+the+IMF?' from page: 5
Getting search results for query: 'IMF+Which+country+received+the+largest+loan+ever+granted+by+the+IMF?' from page: 1
Getting search results for query: 'IMF+Which+country+received+the+largest+loan+ever+granted+by+the+IMF?' from page: 2
Getting search results for query: 'IMF+Which+country+received+the+largest+loan+ever+granted+by+the+IMF?' from page: 3
Getting search results for query: 'IMF+Which+country+received+the+largest+loan+ever+granted+by+the+IMF?' from page: 4
Getting search results for query: 'IMF+Which+country+received+the+largest+loan+ever+granted+by+the+IMF?' from page: 5
Getting search results for query: 'IMF+What+was+the+record+loan+amount+granted+by+the+IMF?' from page: 1
Getting search results for query: 'IMF+What+was+the+record+loan+amount+granted+by+the+IMF?' from page: 2
Getting search results for query: 'IMF+What+was+the+record+loan+amount+granted+by+the+IMF?' from page: 3
Getting search results for query: 'IMF+What+was+the+record+loan+amount+granted+by+the+IMF?' from page: 4
Getting search results for query: 'IMF+What+was+the+record+loan+amount+granted+by+the+IMF?' from page: 5
Getting search results for query: 'IMF+What+does+IMF+stand+for?' from page: 1
Getting search results for query: 'IMF+What+does+IMF+stand+for?' from page: 2
Getting search results for query: 'IMF+What+does+IMF+stand+for?' from page: 3
Getting search results for query: 'IMF+What+does+IMF+stand+for?' from page: 4
Getting search results for query: 'IMF+What+does+IMF+stand+for?' from page: 5
Getting search results for query: 'IMF+When+was+the+IMF+founded?' from page: 1
Getting search results for query: 'IMF+When+was+the+IMF+founded?' from page: 2
Getting search results for query: 'IMF+When+was+the+IMF+founded?' from page: 3
Getting search results for query: 'IMF+When+was+the+IMF+founded?' from page: 4
Getting search results for query: 'IMF+When+was+the+IMF+founded?' from page: 5
Getting search results for query: 'IMF+Where+is+the+IMF+headquartered?' from page: 1
Getting search results for query: 'IMF+Where+is+the+IMF+headquartered?' from page: 2
Getting search results for query: 'IMF+Where+is+the+IMF+headquartered?' from page: 3
Getting search results for query: 'IMF+Where+is+the+IMF+headquartered?' from page: 4
Getting search results for query: 'IMF+Where+is+the+IMF+headquartered?' from page: 5
Getting search results for query: '1999+Baseball+All-Star+Game+In+what+city+was+the+1999+All-Star+Game+held?' from page: 1
Getting search results for query: '1999+Baseball+All-Star+Game+In+what+city+was+the+1999+All-Star+Game+held?' from page: 2
Getting search results for query: '1999+Baseball+All-Star+Game+In+what+city+was+the+1999+All-Star+Game+held?' from page: 3
Getting search results for query: '1999+Baseball+All-Star+Game+In+what+city+was+the+1999+All-Star+Game+held?' from page: 4
Getting search results for query: '1999+Baseball+All-Star+Game+In+what+city+was+the+1999+All-Star+Game+held?' from page: 5
Getting search results for query: '1999+Baseball+All-Star+Game+In+what+city+was+the+1999+Game+originally+scheduled?' from page: 1
Getting search results for query: '1999+Baseball+All-Star+Game+In+what+city+was+the+1999+Game+originally+scheduled?' from page: 2
Getting search results for query: '1999+Baseball+All-Star+Game+In+what+city+was+the+1999+Game+originally+scheduled?' from page: 3
Getting search results for query: '1999+Baseball+All-Star+Game+In+what+city+was+the+1999+Game+originally+scheduled?' from page: 4
Getting search results for query: '1999+Baseball+All-Star+Game+In+what+city+was+the+1999+Game+originally+scheduled?' from page: 5
Getting search results for query: '1999+Baseball+All-Star+Game+What+is+the+name+of+the+ballpark+where+the+game+was+played?' from page: 1
Getting search results for query: '1999+Baseball+All-Star+Game+What+is+the+name+of+the+ballpark+where+the+game+was+played?' from page: 2
Getting search results for query: '1999+Baseball+All-Star+Game+What+is+the+name+of+the+ballpark+where+the+game+was+played?' from page: 3
Getting search results for query: '1999+Baseball+All-Star+Game+What+is+the+name+of+the+ballpark+where+the+game+was+played?' from page: 4
Getting search results for query: '1999+Baseball+All-Star+Game+What+is+the+name+of+the+ballpark+where+the+game+was+played?' from page: 5
Getting search results for query: '1999+Baseball+All-Star+Game+What+is+the+seating+capacity+of+the+ballpark?' from page: 1
Getting search results for query: '1999+Baseball+All-Star+Game+What+is+the+seating+capacity+of+the+ballpark?' from page: 2
Getting search results for query: '1999+Baseball+All-Star+Game+What+is+the+seating+capacity+of+the+ballpark?' from page: 3
Getting search results for query: '1999+Baseball+All-Star+Game+What+is+the+seating+capacity+of+the+ballpark?' from page: 4
Getting search results for query: '1999+Baseball+All-Star+Game+What+is+the+seating+capacity+of+the+ballpark?' from page: 5
Getting search results for query: '1999+Baseball+All-Star+Game+What+was+the+date+of+the+1999+All-Star+Game?' from page: 1
Getting search results for query: '1999+Baseball+All-Star+Game+What+was+the+date+of+the+1999+All-Star+Game?' from page: 2
Getting search results for query: '1999+Baseball+All-Star+Game+What+was+the+date+of+the+1999+All-Star+Game?' from page: 3
Getting search results for query: '1999+Baseball+All-Star+Game+What+was+the+date+of+the+1999+All-Star+Game?' from page: 4
Getting search results for query: '1999+Baseball+All-Star+Game+What+was+the+date+of+the+1999+All-Star+Game?' from page: 5
Getting search results for query: '1999+Baseball+All-Star+Game+Who+was+the+Most+Valuable+Player+(MVP)+of+the+game?' from page: 1
Getting search results for query: '1999+Baseball+All-Star+Game+Who+was+the+Most+Valuable+Player+(MVP)+of+the+game?' from page: 2
Getting search results for query: '1999+Baseball+All-Star+Game+Who+was+the+Most+Valuable+Player+(MVP)+of+the+game?' from page: 3
Getting search results for query: '1999+Baseball+All-Star+Game+Who+was+the+Most+Valuable+Player+(MVP)+of+the+game?' from page: 4
Getting search results for query: '1999+Baseball+All-Star+Game+Who+was+the+Most+Valuable+Player+(MVP)+of+the+game?' from page: 5
Getting search results for query: 'Multiple+Myeloma+Myeloma+is+cancer+in+what+part+of+the+body?' from page: 1
Getting search results for query: 'Multiple+Myeloma+Myeloma+is+cancer+in+what+part+of+the+body?' from page: 2
Getting search results for query: 'Multiple+Myeloma+Myeloma+is+cancer+in+what+part+of+the+body?' from page: 3
Getting search results for query: 'Multiple+Myeloma+Myeloma+is+cancer+in+what+part+of+the+body?' from page: 4
Getting search results for query: 'Multiple+Myeloma+Myeloma+is+cancer+in+what+part+of+the+body?' from page: 5
Getting search results for query: 'Multiple+Myeloma+What+drug+is+used+to+treat+myeloma?' from page: 1
Getting search results for query: 'Multiple+Myeloma+What+drug+is+used+to+treat+myeloma?' from page: 2
Getting search results for query: 'Multiple+Myeloma+What+drug+is+used+to+treat+myeloma?' from page: 3
Getting search results for query: 'Multiple+Myeloma+What+drug+is+used+to+treat+myeloma?' from page: 4
Getting search results for query: 'Multiple+Myeloma+What+drug+is+used+to+treat+myeloma?' from page: 5
Getting search results for query: 'Multiple+Myeloma+What+other+form+of+treatment+has+been+used+for+multiple+myeloma?' from page: 1
Getting search results for query: 'Multiple+Myeloma+What+other+form+of+treatment+has+been+used+for+multiple+myeloma?' from page: 2
Getting search results for query: 'Multiple+Myeloma+What+other+form+of+treatment+has+been+used+for+multiple+myeloma?' from page: 3
Getting search results for query: 'Multiple+Myeloma+What+other+form+of+treatment+has+been+used+for+multiple+myeloma?' from page: 4
Getting search results for query: 'Multiple+Myeloma+What+other+form+of+treatment+has+been+used+for+multiple+myeloma?' from page: 5
Getting search results for query: 'Multiple+Myeloma+How+many+Americans+develop+multiple+myeloma+every+year?' from page: 1
Getting search results for query: 'Multiple+Myeloma+How+many+Americans+develop+multiple+myeloma+every+year?' from page: 2
Getting search results for query: 'Multiple+Myeloma+How+many+Americans+develop+multiple+myeloma+every+year?' from page: 3
Getting search results for query: 'Multiple+Myeloma+How+many+Americans+develop+multiple+myeloma+every+year?' from page: 4
Getting search results for query: 'Multiple+Myeloma+How+many+Americans+develop+multiple+myeloma+every+year?' from page: 5
Getting search results for query: 'Multiple+Myeloma+How+many+deaths+are+caused+by+multiple+myeloma+in+the+U.S.+annually?' from page: 1
Getting search results for query: 'Multiple+Myeloma+How+many+deaths+are+caused+by+multiple+myeloma+in+the+U.S.+annually?' from page: 2
Getting search results for query: 'Multiple+Myeloma+How+many+deaths+are+caused+by+multiple+myeloma+in+the+U.S.+annually?' from page: 3
Getting search results for query: 'Multiple+Myeloma+How+many+deaths+are+caused+by+multiple+myeloma+in+the+U.S.+annually?' from page: 4
Getting search results for query: 'Multiple+Myeloma+How+many+deaths+are+caused+by+multiple+myeloma+in+the+U.S.+annually?' from page: 5
Getting search results for query: 'Hermitage+Museum+Where+is+the+Hermitage+Museum+located?' from page: 1
Getting search results for query: 'Hermitage+Museum+Where+is+the+Hermitage+Museum+located?' from page: 2
Getting search results for query: 'Hermitage+Museum+Where+is+the+Hermitage+Museum+located?' from page: 3
Getting search results for query: 'Hermitage+Museum+Where+is+the+Hermitage+Museum+located?' from page: 4
Getting search results for query: 'Hermitage+Museum+Where+is+the+Hermitage+Museum+located?' from page: 5
Getting search results for query: 'Hermitage+Museum+Along+the+banks+of+what+river+is+the+Hermitage+Museum+located?' from page: 1
Getting search results for query: 'Hermitage+Museum+Along+the+banks+of+what+river+is+the+Hermitage+Museum+located?' from page: 2
Getting search results for query: 'Hermitage+Museum+Along+the+banks+of+what+river+is+the+Hermitage+Museum+located?' from page: 3
Getting search results for query: 'Hermitage+Museum+Along+the+banks+of+what+river+is+the+Hermitage+Museum+located?' from page: 4
Getting search results for query: 'Hermitage+Museum+Along+the+banks+of+what+river+is+the+Hermitage+Museum+located?' from page: 5
Getting search results for query: 'Hermitage+Museum+In+what+year+did+Catherine+the+Great+begin+buying+for+the+museum?' from page: 1
Getting search results for query: 'Hermitage+Museum+In+what+year+did+Catherine+the+Great+begin+buying+for+the+museum?' from page: 2
Getting search results for query: 'Hermitage+Museum+In+what+year+did+Catherine+the+Great+begin+buying+for+the+museum?' from page: 3
Getting search results for query: 'Hermitage+Museum+In+what+year+did+Catherine+the+Great+begin+buying+for+the+museum?' from page: 4
Getting search results for query: 'Hermitage+Museum+In+what+year+did+Catherine+the+Great+begin+buying+for+the+museum?' from page: 5
Getting search results for query: 'Hermitage+Museum+What+is+the+size+of+the+Hermitage+Museum+collection?' from page: 1
Getting search results for query: 'Hermitage+Museum+What+is+the+size+of+the+Hermitage+Museum+collection?' from page: 2
Getting search results for query: 'Hermitage+Museum+What+is+the+size+of+the+Hermitage+Museum+collection?' from page: 3
Getting search results for query: 'Hermitage+Museum+What+is+the+size+of+the+Hermitage+Museum+collection?' from page: 4
Getting search results for query: 'Hermitage+Museum+What+is+the+size+of+the+Hermitage+Museum+collection?' from page: 5
Getting search results for query: 'Hermitage+Museum+In+what+city+will+there+be+a+satellite+museum+for+the+Hermitage?' from page: 1
Getting search results for query: 'Hermitage+Museum+In+what+city+will+there+be+a+satellite+museum+for+the+Hermitage?' from page: 2
Getting search results for query: 'Hermitage+Museum+In+what+city+will+there+be+a+satellite+museum+for+the+Hermitage?' from page: 3
Getting search results for query: 'Hermitage+Museum+In+what+city+will+there+be+a+satellite+museum+for+the+Hermitage?' from page: 4
Getting search results for query: 'Hermitage+Museum+In+what+city+will+there+be+a+satellite+museum+for+the+Hermitage?' from page: 5
Getting search results for query: 'Hermitage+Museum+Who+is+the+director+of+the+Hermitage?' from page: 1
Getting search results for query: 'Hermitage+Museum+Who+is+the+director+of+the+Hermitage?' from page: 2
Getting search results for query: 'Hermitage+Museum+Who+is+the+director+of+the+Hermitage?' from page: 3
Getting search results for query: 'Hermitage+Museum+Who+is+the+director+of+the+Hermitage?' from page: 4
Getting search results for query: 'Hermitage+Museum+Who+is+the+director+of+the+Hermitage?' from page: 5
Getting search results for query: 'Judi+Dench+Where+was+Judi+Dench+born?' from page: 1
Getting search results for query: 'Judi+Dench+Where+was+Judi+Dench+born?' from page: 2
Getting search results for query: 'Judi+Dench+Where+was+Judi+Dench+born?' from page: 3
Getting search results for query: 'Judi+Dench+Where+was+Judi+Dench+born?' from page: 4
Getting search results for query: 'Judi+Dench+Where+was+Judi+Dench+born?' from page: 5
Getting search results for query: 'Judi+Dench+Who+is+she+married+to?' from page: 1
Getting search results for query: 'Judi+Dench+Who+is+she+married+to?' from page: 2
Getting search results for query: 'Judi+Dench+Who+is+she+married+to?' from page: 3
Getting search results for query: 'Judi+Dench+Who+is+she+married+to?' from page: 4
Getting search results for query: 'Judi+Dench+Who+is+she+married+to?' from page: 5
Getting search results for query: 'Judi+Dench+How+many+Oscars+has+she+been+nominated+for?' from page: 1
Getting search results for query: 'Judi+Dench+How+many+Oscars+has+she+been+nominated+for?' from page: 2
Getting search results for query: 'Judi+Dench+How+many+Oscars+has+she+been+nominated+for?' from page: 3
Getting search results for query: 'Judi+Dench+How+many+Oscars+has+she+been+nominated+for?' from page: 4
Getting search results for query: 'Judi+Dench+How+many+Oscars+has+she+been+nominated+for?' from page: 5
Getting search results for query: 'Judi+Dench+How+many+Oscars+has+she+won?' from page: 1
Getting search results for query: 'Judi+Dench+How+many+Oscars+has+she+won?' from page: 2
Getting search results for query: 'Judi+Dench+How+many+Oscars+has+she+won?' from page: 3
Getting search results for query: 'Judi+Dench+How+many+Oscars+has+she+won?' from page: 4
Getting search results for query: 'Judi+Dench+How+many+Oscars+has+she+won?' from page: 5
Getting search results for query: 'Judi+Dench+How+many+Tony+Awards+has+she+won?' from page: 1
Getting search results for query: 'Judi+Dench+How+many+Tony+Awards+has+she+won?' from page: 2
Getting search results for query: 'Judi+Dench+How+many+Tony+Awards+has+she+won?' from page: 3
Getting search results for query: 'Judi+Dench+How+many+Tony+Awards+has+she+won?' from page: 4
Getting search results for query: 'Judi+Dench+How+many+Tony+Awards+has+she+won?' from page: 5
