000 (127436.000.000) 05/10 13:57:26 Job submitted from host: <192.168.100.50:50435>
...
001 (127436.000.000) 05/10 13:57:26 Job executing on host: <192.168.100.51:39141>
...
006 (127436.000.000) 05/10 13:57:27 Image size of job updated: 3
	0  -  MemoryUsage of job (MB)
	0  -  ResidentSetSize of job (KB)
...
005 (127436.000.000) 05/10 13:57:27 Job terminated.
	(1) Normal termination (return value 1)
		Usr 0 00:00:00, Sys 0 00:00:00  -  Run Remote Usage
		Usr 0 00:00:00, Sys 0 00:00:00  -  Run Local Usage
		Usr 0 00:00:00, Sys 0 00:00:00  -  Total Remote Usage
		Usr 0 00:00:00, Sys 0 00:00:00  -  Total Local Usage
	0  -  Run Bytes Sent By Job
	0  -  Run Bytes Received By Job
	0  -  Total Bytes Sent By Job
	0  -  Total Bytes Received By Job
	Partitionable Resources :    Usage  Request          
	   Cpus                 :                 1          
	   Disk (KB)            :        3        3          
	   Memory (MB)          :        0     2048          
...
000 (127437.000.000) 05/10 13:58:24 Job submitted from host: <192.168.100.50:50435>
...
001 (127437.000.000) 05/10 13:58:24 Job executing on host: <192.168.100.51:39141>
...
006 (127437.000.000) 05/10 13:58:24 Image size of job updated: 3
	0  -  MemoryUsage of job (MB)
	0  -  ResidentSetSize of job (KB)
...
005 (127437.000.000) 05/10 13:58:24 Job terminated.
	(1) Normal termination (return value 1)
		Usr 0 00:00:00, Sys 0 00:00:00  -  Run Remote Usage
		Usr 0 00:00:00, Sys 0 00:00:00  -  Run Local Usage
		Usr 0 00:00:00, Sys 0 00:00:00  -  Total Remote Usage
		Usr 0 00:00:00, Sys 0 00:00:00  -  Total Local Usage
	0  -  Run Bytes Sent By Job
	0  -  Run Bytes Received By Job
	0  -  Total Bytes Sent By Job
	0  -  Total Bytes Received By Job
	Partitionable Resources :    Usage  Request          
	   Cpus                 :                 1          
	   Disk (KB)            :        3        3          
	   Memory (MB)          :        0     2048          
...
000 (127438.000.000) 05/10 13:59:42 Job submitted from host: <192.168.100.50:50435>
...
001 (127438.000.000) 05/10 13:59:45 Job executing on host: <192.168.100.51:39141>
...
006 (127438.000.000) 05/10 13:59:53 Image size of job updated: 3
	3  -  MemoryUsage of job (MB)
	2068  -  ResidentSetSize of job (KB)
...
006 (127438.000.000) 05/10 14:04:53 Image size of job updated: 160972
	47  -  MemoryUsage of job (MB)
	47188  -  ResidentSetSize of job (KB)
...
006 (127438.000.000) 05/10 14:14:53 Image size of job updated: 162028
	48  -  MemoryUsage of job (MB)
	48212  -  ResidentSetSize of job (KB)
...
006 (127438.000.000) 05/10 14:24:53 Image size of job updated: 163288
	49  -  MemoryUsage of job (MB)
	49316  -  ResidentSetSize of job (KB)
...
006 (127438.000.000) 05/10 14:29:54 Image size of job updated: 163548
	49  -  MemoryUsage of job (MB)
	49316  -  ResidentSetSize of job (KB)
...
006 (127438.000.000) 05/10 14:34:55 Image size of job updated: 164152
	49  -  MemoryUsage of job (MB)
	49316  -  ResidentSetSize of job (KB)
...
006 (127438.000.000) 05/10 14:39:56 Image size of job updated: 164152
	49  -  MemoryUsage of job (MB)
	49628  -  ResidentSetSize of job (KB)
...
005 (127438.000.000) 05/10 14:41:46 Job terminated.
	(1) Normal termination (return value 0)
		Usr 0 00:02:13, Sys 0 00:00:00  -  Run Remote Usage
		Usr 0 00:00:00, Sys 0 00:00:00  -  Run Local Usage
		Usr 0 00:02:13, Sys 0 00:00:00  -  Total Remote Usage
		Usr 0 00:00:00, Sys 0 00:00:00  -  Total Local Usage
	0  -  Run Bytes Sent By Job
	0  -  Run Bytes Received By Job
	0  -  Total Bytes Sent By Job
	0  -  Total Bytes Received By Job
	Partitionable Resources :    Usage  Request          
	   Cpus                 :                 1          
	   Disk (KB)            :        3        3          
	   Memory (MB)          :       49     2048          
...
