000 (131202.000.000) 05/28 11:42:23 Job submitted from host: <192.168.100.50:50435>
...
001 (131202.000.000) 05/28 11:42:24 Job executing on host: <192.168.100.51:39141>
...
006 (131202.000.000) 05/28 11:42:32 Image size of job updated: 3
	3  -  MemoryUsage of job (MB)
	2076  -  ResidentSetSize of job (KB)
...
006 (131202.000.000) 05/28 11:47:32 Image size of job updated: 161752
	47  -  MemoryUsage of job (MB)
	47912  -  ResidentSetSize of job (KB)
...
006 (131202.000.000) 05/28 11:52:32 Image size of job updated: 162280
	48  -  MemoryUsage of job (MB)
	48500  -  ResidentSetSize of job (KB)
...
006 (131202.000.000) 05/28 11:57:32 Image size of job updated: 163376
	49  -  MemoryUsage of job (MB)
	49368  -  ResidentSetSize of job (KB)
...
