000 (124001.009.000) 05/30 14:07:59 Job submitted from host: <192.168.100.49:39849>
...
007 (124001.009.000) 05/30 14:12:01 Shadow exception!
	Can no longer talk to condor_starter <192.168.100.69:43998>
	0  -  Run Bytes Sent By Job
	0  -  Run Bytes Received By Job
...
001 (124001.009.000) 05/30 14:12:01 Job executing on host: <192.168.100.69:43998>
...
006 (124001.009.000) 05/30 14:12:02 Image size of job updated: 168084
	0  -  MemoryUsage of job (MB)
	0  -  ResidentSetSize of job (KB)
...
005 (124001.009.000) 05/30 14:12:02 Job terminated.
	(1) Normal termination (return value 1)
		Usr 0 00:00:00, Sys 0 00:00:00  -  Run Remote Usage
		Usr 0 00:00:00, Sys 0 00:00:00  -  Run Local Usage
		Usr 0 00:00:00, Sys 0 00:00:00  -  Total Remote Usage
		Usr 0 00:00:00, Sys 0 00:00:00  -  Total Local Usage
	0  -  Run Bytes Sent By Job
	0  -  Run Bytes Received By Job
	0  -  Total Bytes Sent By Job
	0  -  Total Bytes Received By Job
	Partitionable Resources :    Usage  Request          
	   Cpus                 :                 1          
	   Disk (KB)            :        2        2          
	   Memory (MB)          :        0     1024          
...
000 (124007.009.000) 05/30 14:31:41 Job submitted from host: <192.168.100.49:39849>
...
001 (124007.009.000) 05/30 14:32:14 Job executing on host: <192.168.100.55:36799>
...
006 (124007.009.000) 05/30 14:32:23 Image size of job updated: 2
	3  -  MemoryUsage of job (MB)
	2100  -  ResidentSetSize of job (KB)
...
010 (124007.009.000) 05/30 14:34:26 Job was suspended.
	Number of processes actually suspended: 10
...
006 (124007.009.000) 05/30 14:34:26 Image size of job updated: 12810240
	7095  -  MemoryUsage of job (MB)
	7264640  -  ResidentSetSize of job (KB)
...
011 (124007.009.000) 05/30 14:35:46 Job was unsuspended.
...
004 (124007.009.000) 05/30 15:19:47 Job was evicted.
	(0) Job was not checkpointed.
		Usr 0 00:02:21, Sys 0 00:00:04  -  Run Remote Usage
		Usr 0 00:00:00, Sys 0 00:00:00  -  Run Local Usage
	0  -  Run Bytes Sent By Job
	0  -  Run Bytes Received By Job
	Partitionable Resources :    Usage  Request          
	   Cpus                 :                 1          
	   Disk (KB)            :        2        2          
	   Memory (MB)          :     7095     8192          
...
009 (124007.009.000) 05/30 15:19:47 Job was aborted by the user.
	via condor_rm (by user cjaja)
...
000 (124011.002.000) 05/30 15:20:09 Job submitted from host: <192.168.100.49:39849>
...
001 (124011.002.000) 05/30 15:20:09 Job executing on host: <192.168.100.55:36799>
...
006 (124011.002.000) 05/30 15:20:18 Image size of job updated: 4719296
	1599  -  MemoryUsage of job (MB)
	1636552  -  ResidentSetSize of job (KB)
...
006 (124011.002.000) 05/30 15:20:41 Image size of job updated: 7754728
	1599  -  MemoryUsage of job (MB)
	1636552  -  ResidentSetSize of job (KB)
...
005 (124011.002.000) 05/30 15:20:41 Job terminated.
	(1) Normal termination (return value 0)
		Usr 0 00:00:58, Sys 0 00:00:00  -  Run Remote Usage
		Usr 0 00:00:00, Sys 0 00:00:00  -  Run Local Usage
		Usr 0 00:00:58, Sys 0 00:00:00  -  Total Remote Usage
		Usr 0 00:00:00, Sys 0 00:00:00  -  Total Local Usage
	0  -  Run Bytes Sent By Job
	0  -  Run Bytes Received By Job
	0  -  Total Bytes Sent By Job
	0  -  Total Bytes Received By Job
	Partitionable Resources :    Usage  Request          
	   Cpus                 :                 1          
	   Disk (KB)            :        2        2          
	   Memory (MB)          :     1599     8192          
...
000 (124013.001.000) 05/30 15:25:31 Job submitted from host: <192.168.100.49:39849>
...
001 (124013.001.000) 05/30 15:26:51 Job executing on host: <192.168.100.51:39141>
...
006 (124013.001.000) 05/30 15:26:59 Image size of job updated: 448740
	56  -  MemoryUsage of job (MB)
	57240  -  ResidentSetSize of job (KB)
...
006 (124013.001.000) 05/30 15:31:59 Image size of job updated: 14488952
	11143  -  MemoryUsage of job (MB)
	11409508  -  ResidentSetSize of job (KB)
...
006 (124013.001.000) 05/30 15:36:59 Image size of job updated: 15951796
	12584  -  MemoryUsage of job (MB)
	12885036  -  ResidentSetSize of job (KB)
...
006 (124013.001.000) 05/30 15:41:59 Image size of job updated: 16008972
	12640  -  MemoryUsage of job (MB)
	12942868  -  ResidentSetSize of job (KB)
...
006 (124013.001.000) 05/30 15:47:00 Image size of job updated: 16069456
	12699  -  MemoryUsage of job (MB)
	13003352  -  ResidentSetSize of job (KB)
...
006 (124013.001.000) 05/30 15:52:01 Image size of job updated: 16114016
	12743  -  MemoryUsage of job (MB)
	13047868  -  ResidentSetSize of job (KB)
...
006 (124013.001.000) 05/30 15:57:02 Image size of job updated: 16184988
	12813  -  MemoryUsage of job (MB)
	13119728  -  ResidentSetSize of job (KB)
...
005 (124013.001.000) 05/30 15:57:15 Job terminated.
	(1) Normal termination (return value 0)
		Usr 0 00:31:20, Sys 0 00:00:10  -  Run Remote Usage
		Usr 0 00:00:00, Sys 0 00:00:00  -  Run Local Usage
		Usr 0 00:31:20, Sys 0 00:00:10  -  Total Remote Usage
		Usr 0 00:00:00, Sys 0 00:00:00  -  Total Local Usage
	0  -  Run Bytes Sent By Job
	0  -  Run Bytes Received By Job
	0  -  Total Bytes Sent By Job
	0  -  Total Bytes Received By Job
	Partitionable Resources :    Usage  Request          
	   Cpus                 :                 1          
	   Disk (KB)            :        2        2          
	   Memory (MB)          :    12813     8192          
...
