000 (124012.002.000) 05/30 15:24:51 Job submitted from host: <192.168.100.49:39849>
...
001 (124012.002.000) 05/30 15:25:51 Job executing on host: <192.168.100.51:39141>
...
006 (124012.002.000) 05/30 15:25:59 Image size of job updated: 3828216
	716  -  MemoryUsage of job (MB)
	732204  -  ResidentSetSize of job (KB)
...
006 (124012.002.000) 05/30 15:30:59 Image size of job updated: 15846128
	12479  -  MemoryUsage of job (MB)
	12778076  -  ResidentSetSize of job (KB)
...
006 (124012.002.000) 05/30 15:36:00 Image size of job updated: 15938872
	12570  -  MemoryUsage of job (MB)
	12871384  -  ResidentSetSize of job (KB)
...
006 (124012.002.000) 05/30 15:41:01 Image size of job updated: 16001636
	12632  -  MemoryUsage of job (MB)
	12934448  -  ResidentSetSize of job (KB)
...
006 (124012.002.000) 05/30 15:46:02 Image size of job updated: 16053272
	12682  -  MemoryUsage of job (MB)
	12986064  -  ResidentSetSize of job (KB)
...
006 (124012.002.000) 05/30 15:51:03 Image size of job updated: 16110764
	12740  -  MemoryUsage of job (MB)
	13045004  -  ResidentSetSize of job (KB)
...
006 (124012.002.000) 05/30 15:56:04 Image size of job updated: 16167480
	12795  -  MemoryUsage of job (MB)
	13102028  -  ResidentSetSize of job (KB)
...
006 (124012.002.000) 05/30 15:56:17 Image size of job updated: 16168504
	12795  -  MemoryUsage of job (MB)
	13102028  -  ResidentSetSize of job (KB)
...
005 (124012.002.000) 05/30 15:56:17 Job terminated.
	(1) Normal termination (return value 0)
		Usr 0 00:31:40, Sys 0 00:00:15  -  Run Remote Usage
		Usr 0 00:00:00, Sys 0 00:00:00  -  Run Local Usage
		Usr 0 00:31:40, Sys 0 00:00:15  -  Total Remote Usage
		Usr 0 00:00:00, Sys 0 00:00:00  -  Total Local Usage
	0  -  Run Bytes Sent By Job
	0  -  Run Bytes Received By Job
	0  -  Total Bytes Sent By Job
	0  -  Total Bytes Received By Job
	Partitionable Resources :    Usage  Request          
	   Cpus                 :                 1          
	   Disk (KB)            :        2        2          
	   Memory (MB)          :    12795     8192          
...
