000 (124012.006.000) 05/30 15:24:51 Job submitted from host: <192.168.100.49:39849>
...
001 (124012.006.000) 05/30 15:25:01 Job executing on host: <192.168.100.59:51381>
...
006 (124012.006.000) 05/30 15:25:10 Image size of job updated: 1588660
	185  -  MemoryUsage of job (MB)
	188948  -  ResidentSetSize of job (KB)
...
006 (124012.006.000) 05/30 15:26:06 Image size of job updated: 10364360
	185  -  MemoryUsage of job (MB)
	188948  -  ResidentSetSize of job (KB)
...
005 (124012.006.000) 05/30 15:26:06 Job terminated.
	(1) Normal termination (return value 0)
		Usr 0 00:01:41, Sys 0 00:00:00  -  Run Remote Usage
		Usr 0 00:00:00, Sys 0 00:00:00  -  Run Local Usage
		Usr 0 00:01:41, Sys 0 00:00:00  -  Total Remote Usage
		Usr 0 00:00:00, Sys 0 00:00:00  -  Total Local Usage
	0  -  Run Bytes Sent By Job
	0  -  Run Bytes Received By Job
	0  -  Total Bytes Sent By Job
	0  -  Total Bytes Received By Job
	Partitionable Resources :    Usage  Request          
	   Cpus                 :                 1          
	   Disk (KB)            :        2        2          
	   Memory (MB)          :      185     8192          
...
000 (134012.002.000) 05/30 16:05:16 Job submitted from host: <192.168.100.50:50435>
...
009 (134012.002.000) 05/30 16:05:22 Job was aborted by the user.
	via condor_rm (by user cjaja)
...
000 (134013.002.000) 05/30 16:05:37 Job submitted from host: <192.168.100.50:50435>
...
001 (134013.002.000) 05/30 16:14:02 Job executing on host: <192.168.100.55:36799>
...
006 (134013.002.000) 05/30 16:14:11 Image size of job updated: 93004
	3  -  MemoryUsage of job (MB)
	2164  -  ResidentSetSize of job (KB)
...
006 (134013.002.000) 05/30 16:19:11 Image size of job updated: 15971936
	12602  -  MemoryUsage of job (MB)
	12903484  -  ResidentSetSize of job (KB)
...
006 (134013.002.000) 05/30 16:24:12 Image size of job updated: 16117212
	12744  -  MemoryUsage of job (MB)
	13049128  -  ResidentSetSize of job (KB)
...
006 (134013.002.000) 05/30 16:26:22 Image size of job updated: 16158880
	12744  -  MemoryUsage of job (MB)
	13049128  -  ResidentSetSize of job (KB)
...
005 (134013.002.000) 05/30 16:26:22 Job terminated.
	(1) Normal termination (return value 0)
		Usr 0 00:53:33, Sys 0 00:00:42  -  Run Remote Usage
		Usr 0 00:00:00, Sys 0 00:00:00  -  Run Local Usage
		Usr 0 00:53:33, Sys 0 00:00:42  -  Total Remote Usage
		Usr 0 00:00:00, Sys 0 00:00:00  -  Total Local Usage
	0  -  Run Bytes Sent By Job
	0  -  Run Bytes Received By Job
	0  -  Total Bytes Sent By Job
	0  -  Total Bytes Received By Job
	Partitionable Resources :    Usage  Request          
	   Cpus                 :                 1          
	   Disk (KB)            :        2        2          
	   Memory (MB)          :    12744    15360          
...
