000 (124012.007.000) 05/30 15:24:51 Job submitted from host: <192.168.100.49:39849>
...
001 (124012.007.000) 05/30 15:25:02 Job executing on host: <192.168.100.51:39141>
...
006 (124012.007.000) 05/30 15:25:10 Image size of job updated: 2349896
	271  -  MemoryUsage of job (MB)
	277140  -  ResidentSetSize of job (KB)
...
006 (124012.007.000) 05/30 15:30:10 Image size of job updated: 15831272
	12462  -  MemoryUsage of job (MB)
	12760872  -  ResidentSetSize of job (KB)
...
006 (124012.007.000) 05/30 15:35:11 Image size of job updated: 15891096
	12523  -  MemoryUsage of job (MB)
	12823024  -  ResidentSetSize of job (KB)
...
006 (124012.007.000) 05/30 15:40:13 Image size of job updated: 15931048
	12562  -  MemoryUsage of job (MB)
	12863164  -  ResidentSetSize of job (KB)
...
006 (124012.007.000) 05/30 15:45:13 Image size of job updated: 15952356
	12583  -  MemoryUsage of job (MB)
	12884896  -  ResidentSetSize of job (KB)
...
006 (124012.007.000) 05/30 15:50:13 Image size of job updated: 15980092
	12610  -  MemoryUsage of job (MB)
	12911796  -  ResidentSetSize of job (KB)
...
006 (124012.007.000) 05/30 15:55:13 Image size of job updated: 16036176
	12666  -  MemoryUsage of job (MB)
	12969536  -  ResidentSetSize of job (KB)
...
006 (124012.007.000) 05/30 16:00:13 Image size of job updated: 16152612
	12781  -  MemoryUsage of job (MB)
	13087356  -  ResidentSetSize of job (KB)
...
006 (124012.007.000) 05/30 16:01:06 Image size of job updated: 16168604
	12781  -  MemoryUsage of job (MB)
	13087356  -  ResidentSetSize of job (KB)
...
005 (124012.007.000) 05/30 16:01:06 Job terminated.
	(1) Normal termination (return value 0)
		Usr 0 00:53:06, Sys 0 00:00:14  -  Run Remote Usage
		Usr 0 00:00:00, Sys 0 00:00:00  -  Run Local Usage
		Usr 0 00:53:06, Sys 0 00:00:14  -  Total Remote Usage
		Usr 0 00:00:00, Sys 0 00:00:00  -  Total Local Usage
	0  -  Run Bytes Sent By Job
	0  -  Run Bytes Received By Job
	0  -  Total Bytes Sent By Job
	0  -  Total Bytes Received By Job
	Partitionable Resources :    Usage  Request          
	   Cpus                 :                 1          
	   Disk (KB)            :        2        2          
	   Memory (MB)          :    12781     8192          
...
