000 (124012.008.000) 05/30 15:24:51 Job submitted from host: <192.168.100.49:39849>
...
001 (124012.008.000) 05/30 15:25:02 Job executing on host: <192.168.100.59:51381>
...
006 (124012.008.000) 05/30 15:25:10 Image size of job updated: 447612
	55  -  MemoryUsage of job (MB)
	56024  -  ResidentSetSize of job (KB)
...
006 (124012.008.000) 05/30 15:26:06 Image size of job updated: 10985624
	55  -  MemoryUsage of job (MB)
	56024  -  ResidentSetSize of job (KB)
...
005 (124012.008.000) 05/30 15:26:06 Job terminated.
	(1) Normal termination (return value 0)
		Usr 0 00:01:51, Sys 0 00:00:00  -  Run Remote Usage
		Usr 0 00:00:00, Sys 0 00:00:00  -  Run Local Usage
		Usr 0 00:01:51, Sys 0 00:00:00  -  Total Remote Usage
		Usr 0 00:00:00, Sys 0 00:00:00  -  Total Local Usage
	0  -  Run Bytes Sent By Job
	0  -  Run Bytes Received By Job
	0  -  Total Bytes Sent By Job
	0  -  Total Bytes Received By Job
	Partitionable Resources :    Usage  Request          
	   Cpus                 :                 1          
	   Disk (KB)            :        2        2          
	   Memory (MB)          :       55     8192          
...
000 (134012.003.000) 05/30 16:05:16 Job submitted from host: <192.168.100.50:50435>
...
009 (134012.003.000) 05/30 16:05:22 Job was aborted by the user.
	via condor_rm (by user cjaja)
...
000 (134013.003.000) 05/30 16:05:37 Job submitted from host: <192.168.100.50:50435>
...
001 (134013.003.000) 05/30 16:06:44 Job executing on host: <192.168.100.59:51381>
...
006 (134013.003.000) 05/30 16:06:53 Image size of job updated: 92996
	3  -  MemoryUsage of job (MB)
	2160  -  ResidentSetSize of job (KB)
...
006 (134013.003.000) 05/30 16:11:54 Image size of job updated: 15977124
	12608  -  MemoryUsage of job (MB)
	12909884  -  ResidentSetSize of job (KB)
...
006 (134013.003.000) 05/30 16:16:55 Image size of job updated: 16079408
	12708  -  MemoryUsage of job (MB)
	13012504  -  ResidentSetSize of job (KB)
...
006 (134013.003.000) 05/30 16:20:01 Image size of job updated: 16160716
	12708  -  MemoryUsage of job (MB)
	13012504  -  ResidentSetSize of job (KB)
...
005 (134013.003.000) 05/30 16:20:02 Job terminated.
	(1) Normal termination (return value 0)
		Usr 0 00:51:05, Sys 0 00:00:13  -  Run Remote Usage
		Usr 0 00:00:00, Sys 0 00:00:00  -  Run Local Usage
		Usr 0 00:51:05, Sys 0 00:00:13  -  Total Remote Usage
		Usr 0 00:00:00, Sys 0 00:00:00  -  Total Local Usage
	0  -  Run Bytes Sent By Job
	0  -  Run Bytes Received By Job
	0  -  Total Bytes Sent By Job
	0  -  Total Bytes Received By Job
	Partitionable Resources :    Usage  Request          
	   Cpus                 :                 1          
	   Disk (KB)            :        2        2          
	   Memory (MB)          :    12708    15360          
...
