000 (134063.000.000) 05/30 18:55:37 Job submitted from host: <192.168.100.50:50435>
...
001 (134063.000.000) 05/30 19:00:59 Job executing on host: <192.168.100.55:36799>
...
006 (134063.000.000) 05/30 19:01:08 Image size of job updated: 2
	3  -  MemoryUsage of job (MB)
	2108  -  ResidentSetSize of job (KB)
...
006 (134063.000.000) 05/30 19:05:48 Image size of job updated: 16148264
	3  -  MemoryUsage of job (MB)
	2108  -  ResidentSetSize of job (KB)
...
005 (134063.000.000) 05/30 19:05:48 Job terminated.
	(1) Normal termination (return value 0)
		Usr 0 00:31:08, Sys 0 00:00:22  -  Run Remote Usage
		Usr 0 00:00:00, Sys 0 00:00:00  -  Run Local Usage
		Usr 0 00:31:08, Sys 0 00:00:22  -  Total Remote Usage
		Usr 0 00:00:00, Sys 0 00:00:00  -  Total Local Usage
	0  -  Run Bytes Sent By Job
	0  -  Run Bytes Received By Job
	0  -  Total Bytes Sent By Job
	0  -  Total Bytes Received By Job
	Partitionable Resources :    Usage  Request          
	   Cpus                 :                 1          
	   Disk (KB)            :        2        2          
	   Memory (MB)          :        3    18432          
...
000 (134066.000.000) 05/30 19:08:08 Job submitted from host: <192.168.100.50:50435>
...
001 (134066.000.000) 05/30 19:08:20 Job executing on host: <192.168.100.59:51381>
...
006 (134066.000.000) 05/30 19:08:29 Image size of job updated: 4930128
	1804  -  MemoryUsage of job (MB)
	1846440  -  ResidentSetSize of job (KB)
...
006 (134066.000.000) 05/30 19:13:30 Image size of job updated: 16143776
	12772  -  MemoryUsage of job (MB)
	13078308  -  ResidentSetSize of job (KB)
...
005 (134066.000.000) 05/30 19:13:45 Job terminated.
	(1) Normal termination (return value 0)
		Usr 0 00:29:41, Sys 0 00:00:17  -  Run Remote Usage
		Usr 0 00:00:00, Sys 0 00:00:00  -  Run Local Usage
		Usr 0 00:29:41, Sys 0 00:00:17  -  Total Remote Usage
		Usr 0 00:00:00, Sys 0 00:00:00  -  Total Local Usage
	0  -  Run Bytes Sent By Job
	0  -  Run Bytes Received By Job
	0  -  Total Bytes Sent By Job
	0  -  Total Bytes Received By Job
	Partitionable Resources :    Usage  Request          
	   Cpus                 :                 1          
	   Disk (KB)            :        2        2          
	   Memory (MB)          :    12772    18432          
...
