000 (124015.002.000) 05/30 16:07:14 Job submitted from host: <192.168.100.49:39849>
...
001 (124015.002.000) 05/30 16:08:35 Job executing on host: <192.168.100.51:39141>
...
006 (124015.002.000) 05/30 16:08:44 Image size of job updated: 151536
	6  -  MemoryUsage of job (MB)
	6076  -  ResidentSetSize of job (KB)
...
006 (124015.002.000) 05/30 16:13:45 Image size of job updated: 15968976
	12532  -  MemoryUsage of job (MB)
	12832124  -  ResidentSetSize of job (KB)
...
006 (124015.002.000) 05/30 16:18:45 Image size of job updated: 16100676
	12664  -  MemoryUsage of job (MB)
	12967812  -  ResidentSetSize of job (KB)
...
006 (124015.002.000) 05/30 16:23:45 Image size of job updated: 16205824
	12767  -  MemoryUsage of job (MB)
	13073320  -  ResidentSetSize of job (KB)
...
006 (124015.002.000) 05/30 16:28:45 Image size of job updated: 16292092
	12851  -  MemoryUsage of job (MB)
	13159328  -  ResidentSetSize of job (KB)
...
000 (134022.002.000) 05/30 16:30:55 Job submitted from host: <192.168.100.50:50435>
...
006 (124015.002.000) 05/30 16:33:46 Image size of job updated: 16378320
	12936  -  MemoryUsage of job (MB)
	13245880  -  ResidentSetSize of job (KB)
...
009 (134022.002.000) 05/30 16:35:36 Job was aborted by the user.
	via condor_rm (by user amkahn)
...
006 (124015.002.000) 05/30 16:38:47 Image size of job updated: 16470884
	13028  -  MemoryUsage of job (MB)
	13340120  -  ResidentSetSize of job (KB)
...
006 (124015.002.000) 05/30 16:39:33 Image size of job updated: 16490248
	13028  -  MemoryUsage of job (MB)
	13340120  -  ResidentSetSize of job (KB)
...
005 (124015.002.000) 05/30 16:39:33 Job terminated.
	(1) Normal termination (return value 0)
		Usr 0 00:39:23, Sys 0 00:00:17  -  Run Remote Usage
		Usr 0 00:00:00, Sys 0 00:00:00  -  Run Local Usage
		Usr 0 00:39:23, Sys 0 00:00:17  -  Total Remote Usage
		Usr 0 00:00:00, Sys 0 00:00:00  -  Total Local Usage
	0  -  Run Bytes Sent By Job
	0  -  Run Bytes Received By Job
	0  -  Total Bytes Sent By Job
	0  -  Total Bytes Received By Job
	Partitionable Resources :    Usage  Request          
	   Cpus                 :                 1          
	   Disk (KB)            :        2        2          
	   Memory (MB)          :    13028    18432          
...
