000 (134023.002.000) 05/30 16:36:49 Job submitted from host: <192.168.100.50:50435>
...
001 (134023.002.000) 05/30 16:43:46 Job executing on host: <192.168.100.51:39141>
...
006 (134023.002.000) 05/30 16:43:54 Image size of job updated: 4081932
	973  -  MemoryUsage of job (MB)
	995392  -  ResidentSetSize of job (KB)
...
006 (134023.002.000) 05/30 16:48:54 Image size of job updated: 15919204
	12551  -  MemoryUsage of job (MB)
	12851328  -  ResidentSetSize of job (KB)
...
006 (134023.002.000) 05/30 16:53:54 Image size of job updated: 16065600
	12694  -  MemoryUsage of job (MB)
	12998104  -  ResidentSetSize of job (KB)
...
006 (134023.002.000) 05/30 16:58:54 Image size of job updated: 16203620
	12829  -  MemoryUsage of job (MB)
	13136488  -  ResidentSetSize of job (KB)
...
006 (134023.002.000) 05/30 17:03:55 Image size of job updated: 16254464
	12879  -  MemoryUsage of job (MB)
	13187536  -  ResidentSetSize of job (KB)
...
000 (134035.002.000) 05/30 17:07:37 Job submitted from host: <192.168.100.50:50435>
...
009 (134035.002.000) 05/30 17:07:47 Job was aborted by the user.
	via condor_rm (by user amkahn)
...
006 (134023.002.000) 05/30 17:07:47 Image size of job updated: 16315944
	12879  -  MemoryUsage of job (MB)
	13187536  -  ResidentSetSize of job (KB)
...
004 (134023.002.000) 05/30 17:07:47 Job was evicted.
	(0) Job was not checkpointed.
		Usr 0 00:31:53, Sys 0 00:00:11  -  Run Remote Usage
		Usr 0 00:00:00, Sys 0 00:00:00  -  Run Local Usage
	0  -  Run Bytes Sent By Job
	0  -  Run Bytes Received By Job
	Partitionable Resources :    Usage  Request          
	   Cpus                 :                 1          
	   Disk (KB)            :        2        2          
	   Memory (MB)          :    12879    18432          
...
009 (134023.002.000) 05/30 17:07:48 Job was aborted by the user.
	via condor_rm (by user amkahn)
...
000 (134036.002.000) 05/30 17:07:54 Job submitted from host: <192.168.100.50:50435>
...
001 (134036.002.000) 05/30 17:09:38 Job executing on host: <192.168.100.59:51381>
...
006 (134036.002.000) 05/30 17:09:38 Image size of job updated: 2
	0  -  MemoryUsage of job (MB)
	0  -  ResidentSetSize of job (KB)
...
005 (134036.002.000) 05/30 17:09:38 Job terminated.
	(1) Normal termination (return value 0)
		Usr 0 00:00:00, Sys 0 00:00:00  -  Run Remote Usage
		Usr 0 00:00:00, Sys 0 00:00:00  -  Run Local Usage
		Usr 0 00:00:00, Sys 0 00:00:00  -  Total Remote Usage
		Usr 0 00:00:00, Sys 0 00:00:00  -  Total Local Usage
	0  -  Run Bytes Sent By Job
	0  -  Run Bytes Received By Job
	0  -  Total Bytes Sent By Job
	0  -  Total Bytes Received By Job
	Partitionable Resources :    Usage  Request          
	   Cpus                 :                 1          
	   Disk (KB)            :        2        2          
	   Memory (MB)          :        0    18432          
...
000 (134037.002.000) 05/30 17:10:32 Job submitted from host: <192.168.100.50:50435>
...
001 (134037.002.000) 05/30 17:17:06 Job executing on host: <192.168.100.59:51381>
...
006 (134037.002.000) 05/30 17:17:14 Image size of job updated: 2
	3  -  MemoryUsage of job (MB)
	2100  -  ResidentSetSize of job (KB)
...
006 (134037.002.000) 05/30 17:22:14 Image size of job updated: 16178012
	12804  -  MemoryUsage of job (MB)
	13110596  -  ResidentSetSize of job (KB)
...
006 (134037.002.000) 05/30 17:26:52 Image size of job updated: 16499020
	12804  -  MemoryUsage of job (MB)
	13110596  -  ResidentSetSize of job (KB)
...
005 (134037.002.000) 05/30 17:26:52 Job terminated.
	(1) Normal termination (return value 0)
		Usr 0 00:40:56, Sys 0 00:00:12  -  Run Remote Usage
		Usr 0 00:00:00, Sys 0 00:00:00  -  Run Local Usage
		Usr 0 00:40:56, Sys 0 00:00:12  -  Total Remote Usage
		Usr 0 00:00:00, Sys 0 00:00:00  -  Total Local Usage
	0  -  Run Bytes Sent By Job
	0  -  Run Bytes Received By Job
	0  -  Total Bytes Sent By Job
	0  -  Total Bytes Received By Job
	Partitionable Resources :    Usage  Request          
	   Cpus                 :                 1          
	   Disk (KB)            :        2        2          
	   Memory (MB)          :    12804    18432          
...
