WARNING: Only returning 17 answers for question 172.6
WARNING: Only returning 17 answers for question 182.2
WARNING: Only returning 18 answers for question 182.4
WARNING: Only returning 18 answers for question 182.1
WARNING: Only returning 12 answers for question 199.1
WARNING: Only returning 12 answers for question 199.2
WARNING: Only returning 14 answers for question 199.3
WARNING: Only returning 12 answers for question 199.4
WARNING: Only returning 14 answers for question 199.5
WARNING: Only returning 12 answers for question 199.6
Traceback (most recent call last):
  File "/home2/amkahn/workspace/573/question-answering/src/question_answering.py", line 290, in <module>
    main()
  File "/home2/amkahn/workspace/573/question-answering/src/question_answering.py", line 141, in main
    all_answers = pool.map(partial_process_question,questions)
  File "/opt/python-2.7/lib/python2.7/multiprocessing/pool.py", line 250, in map
    return self.map_async(func, iterable, chunksize).get()
  File "/opt/python-2.7/lib/python2.7/multiprocessing/pool.py", line 554, in get
    raise self._value
KeyError: 'TV'
