000 (134023.008.000) 05/30 16:36:49 Job submitted from host: <192.168.100.50:50435>
...
001 (134023.008.000) 05/30 17:00:26 Job executing on host: <192.168.100.55:36799>
...
006 (134023.008.000) 05/30 17:00:35 Image size of job updated: 2
	3  -  MemoryUsage of job (MB)
	2104  -  ResidentSetSize of job (KB)
...
006 (134023.008.000) 05/30 17:05:36 Image size of job updated: 16244236
	12869  -  MemoryUsage of job (MB)
	13177220  -  ResidentSetSize of job (KB)
...
000 (134035.008.000) 05/30 17:07:37 Job submitted from host: <192.168.100.50:50435>
...
009 (134035.008.000) 05/30 17:07:47 Job was aborted by the user.
	via condor_rm (by user amkahn)
...
006 (134023.008.000) 05/30 17:07:47 Image size of job updated: 16406456
	12869  -  MemoryUsage of job (MB)
	13177220  -  ResidentSetSize of job (KB)
...
004 (134023.008.000) 05/30 17:07:48 Job was evicted.
	(0) Job was not checkpointed.
		Usr 0 00:56:41, Sys 0 00:00:25  -  Run Remote Usage
		Usr 0 00:00:00, Sys 0 00:00:00  -  Run Local Usage
	0  -  Run Bytes Sent By Job
	0  -  Run Bytes Received By Job
	Partitionable Resources :    Usage  Request          
	   Cpus                 :                 1          
	   Disk (KB)            :        2        2          
	   Memory (MB)          :    12869    18432          
...
009 (134023.008.000) 05/30 17:07:48 Job was aborted by the user.
	via condor_rm (by user amkahn)
...
000 (134036.008.000) 05/30 17:07:54 Job submitted from host: <192.168.100.50:50435>
...
001 (134036.008.000) 05/30 17:09:44 Job executing on host: <192.168.100.59:51381>
...
006 (134036.008.000) 05/30 17:09:44 Image size of job updated: 2
	0  -  MemoryUsage of job (MB)
	0  -  ResidentSetSize of job (KB)
...
005 (134036.008.000) 05/30 17:09:44 Job terminated.
	(1) Normal termination (return value 0)
		Usr 0 00:00:00, Sys 0 00:00:00  -  Run Remote Usage
		Usr 0 00:00:00, Sys 0 00:00:00  -  Run Local Usage
		Usr 0 00:00:00, Sys 0 00:00:00  -  Total Remote Usage
		Usr 0 00:00:00, Sys 0 00:00:00  -  Total Local Usage
	0  -  Run Bytes Sent By Job
	0  -  Run Bytes Received By Job
	0  -  Total Bytes Sent By Job
	0  -  Total Bytes Received By Job
	Partitionable Resources :    Usage  Request          
	   Cpus                 :                 1          
	   Disk (KB)            :        2        2          
	   Memory (MB)          :        0    18432          
...
000 (134037.008.000) 05/30 17:10:32 Job submitted from host: <192.168.100.50:50435>
...
001 (134037.008.000) 05/30 17:29:09 Job executing on host: <192.168.100.55:36799>
...
006 (134037.008.000) 05/30 17:29:17 Image size of job updated: 2
	3  -  MemoryUsage of job (MB)
	2104  -  ResidentSetSize of job (KB)
...
006 (134037.008.000) 05/30 17:34:17 Image size of job updated: 16233012
	12858  -  MemoryUsage of job (MB)
	13165616  -  ResidentSetSize of job (KB)
...
006 (134037.008.000) 05/30 17:39:18 Image size of job updated: 16498992
	13119  -  MemoryUsage of job (MB)
	13433408  -  ResidentSetSize of job (KB)
...
006 (134037.008.000) 05/30 17:39:32 Image size of job updated: 16499972
	13119  -  MemoryUsage of job (MB)
	13433408  -  ResidentSetSize of job (KB)
...
005 (134037.008.000) 05/30 17:39:32 Job terminated.
	(1) Normal termination (return value 0)
		Usr 0 01:04:44, Sys 0 00:00:32  -  Run Remote Usage
		Usr 0 00:00:00, Sys 0 00:00:00  -  Run Local Usage
		Usr 0 01:04:44, Sys 0 00:00:32  -  Total Remote Usage
		Usr 0 00:00:00, Sys 0 00:00:00  -  Total Local Usage
	0  -  Run Bytes Sent By Job
	0  -  Run Bytes Received By Job
	0  -  Total Bytes Sent By Job
	0  -  Total Bytes Received By Job
	Partitionable Resources :    Usage  Request          
	   Cpus                 :                 1          
	   Disk (KB)            :        2        2          
	   Memory (MB)          :    13119    18432          
...
