000 (134026.000.000) 05/30 16:51:38 Job submitted from host: <192.168.100.50:50435>
...
001 (134026.000.000) 05/30 16:53:30 Job executing on host: <192.168.100.59:51381>
...
006 (134026.000.000) 05/30 16:53:39 Image size of job updated: 2
	3  -  MemoryUsage of job (MB)
	2100  -  ResidentSetSize of job (KB)
...
006 (134026.000.000) 05/30 16:58:39 Image size of job updated: 16129492
	12706  -  MemoryUsage of job (MB)
	13010388  -  ResidentSetSize of job (KB)
...
006 (134026.000.000) 05/30 17:03:39 Image size of job updated: 16308672
	12881  -  MemoryUsage of job (MB)
	13190136  -  ResidentSetSize of job (KB)
...
006 (134026.000.000) 05/30 17:08:07 Image size of job updated: 16478860
	12881  -  MemoryUsage of job (MB)
	13190136  -  ResidentSetSize of job (KB)
...
005 (134026.000.000) 05/30 17:08:07 Job terminated.
	(1) Normal termination (return value 0)
		Usr 0 00:55:46, Sys 0 00:00:14  -  Run Remote Usage
		Usr 0 00:00:00, Sys 0 00:00:00  -  Run Local Usage
		Usr 0 00:55:46, Sys 0 00:00:14  -  Total Remote Usage
		Usr 0 00:00:00, Sys 0 00:00:00  -  Total Local Usage
	0  -  Run Bytes Sent By Job
	0  -  Run Bytes Received By Job
	0  -  Total Bytes Sent By Job
	0  -  Total Bytes Received By Job
	Partitionable Resources :    Usage  Request          
	   Cpus                 :                 1          
	   Disk (KB)            :        2        2          
	   Memory (MB)          :    12881    15360          
...
