000 (134026.001.000) 05/30 16:51:38 Job submitted from host: <192.168.100.50:50435>
...
001 (134026.001.000) 05/30 17:10:04 Job executing on host: <192.168.100.59:51381>
...
006 (134026.001.000) 05/30 17:10:13 Image size of job updated: 2
	3  -  MemoryUsage of job (MB)
	2108  -  ResidentSetSize of job (KB)
...
006 (134026.001.000) 05/30 17:15:14 Image size of job updated: 15965388
	12599  -  MemoryUsage of job (MB)
	12900980  -  ResidentSetSize of job (KB)
...
006 (134026.001.000) 05/30 17:20:15 Image size of job updated: 16103004
	12734  -  MemoryUsage of job (MB)
	13039120  -  ResidentSetSize of job (KB)
...
006 (134026.001.000) 05/30 17:25:15 Image size of job updated: 16171380
	12801  -  MemoryUsage of job (MB)
	13108072  -  ResidentSetSize of job (KB)
...
006 (134026.001.000) 05/30 17:25:36 Image size of job updated: 16173016
	12801  -  MemoryUsage of job (MB)
	13108072  -  ResidentSetSize of job (KB)
...
005 (134026.001.000) 05/30 17:25:36 Job terminated.
	(1) Normal termination (return value 0)
		Usr 0 01:04:41, Sys 0 00:00:09  -  Run Remote Usage
		Usr 0 00:00:00, Sys 0 00:00:00  -  Run Local Usage
		Usr 0 01:04:41, Sys 0 00:00:09  -  Total Remote Usage
		Usr 0 00:00:00, Sys 0 00:00:00  -  Total Local Usage
	0  -  Run Bytes Sent By Job
	0  -  Run Bytes Received By Job
	0  -  Total Bytes Sent By Job
	0  -  Total Bytes Received By Job
	Partitionable Resources :    Usage  Request          
	   Cpus                 :                 1          
	   Disk (KB)            :        2        2          
	   Memory (MB)          :    12801    15360          
...
