000 (134026.005.000) 05/30 16:51:38 Job submitted from host: <192.168.100.50:50435>
...
001 (134026.005.000) 05/30 17:08:08 Job executing on host: <192.168.100.59:51381>
...
006 (134026.005.000) 05/30 17:08:16 Image size of job updated: 6878464
	3708  -  MemoryUsage of job (MB)
	3796748  -  ResidentSetSize of job (KB)
...
006 (134026.005.000) 05/30 17:13:16 Image size of job updated: 16103160
	12733  -  MemoryUsage of job (MB)
	13037904  -  ResidentSetSize of job (KB)
...
006 (134026.005.000) 05/30 17:14:49 Image size of job updated: 16150112
	12733  -  MemoryUsage of job (MB)
	13037904  -  ResidentSetSize of job (KB)
...
005 (134026.005.000) 05/30 17:14:49 Job terminated.
	(1) Normal termination (return value 0)
		Usr 0 00:29:47, Sys 0 00:00:08  -  Run Remote Usage
		Usr 0 00:00:00, Sys 0 00:00:00  -  Run Local Usage
		Usr 0 00:29:47, Sys 0 00:00:08  -  Total Remote Usage
		Usr 0 00:00:00, Sys 0 00:00:00  -  Total Local Usage
	0  -  Run Bytes Sent By Job
	0  -  Run Bytes Received By Job
	0  -  Total Bytes Sent By Job
	0  -  Total Bytes Received By Job
	Partitionable Resources :    Usage  Request          
	   Cpus                 :                 1          
	   Disk (KB)            :        2        2          
	   Memory (MB)          :    12733    15360          
...
