000 (134051.002.000) 05/30 17:57:17 Job submitted from host: <192.168.100.50:50435>
...
001 (134051.002.000) 05/30 18:03:53 Job executing on host: <192.168.100.51:39141>
...
006 (134051.002.000) 05/30 18:04:01 Image size of job updated: 4027168
	916  -  MemoryUsage of job (MB)
	937748  -  ResidentSetSize of job (KB)
...
006 (134051.002.000) 05/30 18:09:01 Image size of job updated: 15929356
	12560  -  MemoryUsage of job (MB)
	12861324  -  ResidentSetSize of job (KB)
...
006 (134051.002.000) 05/30 18:14:01 Image size of job updated: 16059708
	12689  -  MemoryUsage of job (MB)
	12992808  -  ResidentSetSize of job (KB)
...
006 (134051.002.000) 05/30 18:19:01 Image size of job updated: 16173256
	12800  -  MemoryUsage of job (MB)
	13106284  -  ResidentSetSize of job (KB)
...
006 (134051.002.000) 05/30 18:24:01 Image size of job updated: 16272648
	12897  -  MemoryUsage of job (MB)
	13205856  -  ResidentSetSize of job (KB)
...
006 (134051.002.000) 05/30 18:28:02 Image size of job updated: 16342784
	12897  -  MemoryUsage of job (MB)
	13205856  -  ResidentSetSize of job (KB)
...
005 (134051.002.000) 05/30 18:28:02 Job terminated.
	(1) Normal termination (return value 0)
		Usr 0 00:34:02, Sys 0 00:00:15  -  Run Remote Usage
		Usr 0 00:00:00, Sys 0 00:00:00  -  Run Local Usage
		Usr 0 00:34:02, Sys 0 00:00:15  -  Total Remote Usage
		Usr 0 00:00:00, Sys 0 00:00:00  -  Total Local Usage
	0  -  Run Bytes Sent By Job
	0  -  Run Bytes Received By Job
	0  -  Total Bytes Sent By Job
	0  -  Total Bytes Received By Job
	Partitionable Resources :    Usage  Request          
	   Cpus                 :                 1          
	   Disk (KB)            :        2        2          
	   Memory (MB)          :    12897    15360          
...
