000 (134051.003.000) 05/30 17:57:17 Job submitted from host: <192.168.100.50:50435>
...
001 (134051.003.000) 05/30 17:57:33 Job executing on host: <192.168.100.59:51381>
...
006 (134051.003.000) 05/30 17:57:41 Image size of job updated: 400152
	35  -  MemoryUsage of job (MB)
	35156  -  ResidentSetSize of job (KB)
...
006 (134051.003.000) 05/30 18:02:41 Image size of job updated: 16221620
	12782  -  MemoryUsage of job (MB)
	13088532  -  ResidentSetSize of job (KB)
...
006 (134051.003.000) 05/30 18:07:41 Image size of job updated: 16491936
	13047  -  MemoryUsage of job (MB)
	13359208  -  ResidentSetSize of job (KB)
...
006 (134051.003.000) 05/30 18:09:21 Image size of job updated: 16602800
	13047  -  MemoryUsage of job (MB)
	13359208  -  ResidentSetSize of job (KB)
...
005 (134051.003.000) 05/30 18:09:21 Job terminated.
	(1) Normal termination (return value 0)
		Usr 0 00:35:25, Sys 0 00:00:15  -  Run Remote Usage
		Usr 0 00:00:00, Sys 0 00:00:00  -  Run Local Usage
		Usr 0 00:35:25, Sys 0 00:00:15  -  Total Remote Usage
		Usr 0 00:00:00, Sys 0 00:00:00  -  Total Local Usage
	0  -  Run Bytes Sent By Job
	0  -  Run Bytes Received By Job
	0  -  Total Bytes Sent By Job
	0  -  Total Bytes Received By Job
	Partitionable Resources :    Usage  Request          
	   Cpus                 :                 1          
	   Disk (KB)            :        2        2          
	   Memory (MB)          :    13047    15360          
...
