000 (134051.009.000) 05/30 17:57:17 Job submitted from host: <192.168.100.50:50435>
...
001 (134051.009.000) 05/30 18:03:53 Job executing on host: <192.168.100.51:39141>
...
006 (134051.009.000) 05/30 18:04:01 Image size of job updated: 3909120
	736  -  MemoryUsage of job (MB)
	753532  -  ResidentSetSize of job (KB)
...
006 (134051.009.000) 05/30 18:09:01 Image size of job updated: 15949260
	12516  -  MemoryUsage of job (MB)
	12815820  -  ResidentSetSize of job (KB)
...
006 (134051.009.000) 05/30 18:14:01 Image size of job updated: 16074840
	12639  -  MemoryUsage of job (MB)
	12941944  -  ResidentSetSize of job (KB)
...
006 (134051.009.000) 05/30 18:19:01 Image size of job updated: 16173256
	12735  -  MemoryUsage of job (MB)
	13040216  -  ResidentSetSize of job (KB)
...
006 (134051.009.000) 05/30 18:24:01 Image size of job updated: 16262724
	12823  -  MemoryUsage of job (MB)
	13129820  -  ResidentSetSize of job (KB)
...
006 (134051.009.000) 05/30 18:28:53 Image size of job updated: 16392764
	12823  -  MemoryUsage of job (MB)
	13129820  -  ResidentSetSize of job (KB)
...
005 (134051.009.000) 05/30 18:28:53 Job terminated.
	(1) Normal termination (return value 0)
		Usr 0 00:39:09, Sys 0 00:00:14  -  Run Remote Usage
		Usr 0 00:00:00, Sys 0 00:00:00  -  Run Local Usage
		Usr 0 00:39:09, Sys 0 00:00:14  -  Total Remote Usage
		Usr 0 00:00:00, Sys 0 00:00:00  -  Total Local Usage
	0  -  Run Bytes Sent By Job
	0  -  Run Bytes Received By Job
	0  -  Total Bytes Sent By Job
	0  -  Total Bytes Received By Job
	Partitionable Resources :    Usage  Request          
	   Cpus                 :                 1          
	   Disk (KB)            :        2        2          
	   Memory (MB)          :    12823    15360          
...
