000 (124001.005.000) 05/30 14:07:59 Job submitted from host: <192.168.100.49:39849>
...
001 (124001.005.000) 05/30 14:11:32 Job executing on host: <192.168.100.69:43998>
...
006 (124001.005.000) 05/30 14:11:42 Image size of job updated: 83272
	4  -  MemoryUsage of job (MB)
	3544  -  ResidentSetSize of job (KB)
...
006 (124001.005.000) 05/30 14:16:40 Image size of job updated: 3871148
	768  -  MemoryUsage of job (MB)
	785604  -  ResidentSetSize of job (KB)
...
004 (124001.005.000) 05/30 14:31:28 Job was evicted.
	(0) Job was not checkpointed.
		Usr 0 00:00:03, Sys 0 00:00:01  -  Run Remote Usage
		Usr 0 00:00:00, Sys 0 00:00:00  -  Run Local Usage
	0  -  Run Bytes Sent By Job
	0  -  Run Bytes Received By Job
	Partitionable Resources :    Usage  Request          
	   Cpus                 :                 1          
	   Disk (KB)            :        2        2          
	   Memory (MB)          :      768     1024          
...
009 (124001.005.000) 05/30 14:31:28 Job was aborted by the user.
	via condor_rm (by user cjaja)
...
000 (124007.005.000) 05/30 14:31:41 Job submitted from host: <192.168.100.49:39849>
...
001 (124007.005.000) 05/30 14:32:14 Job executing on host: <192.168.100.51:39141>
...
006 (124007.005.000) 05/30 14:32:23 Image size of job updated: 3699148
	598  -  MemoryUsage of job (MB)
	611808  -  ResidentSetSize of job (KB)
...
006 (124007.005.000) 05/30 14:37:23 Image size of job updated: 15964576
	12597  -  MemoryUsage of job (MB)
	12898444  -  ResidentSetSize of job (KB)
...
006 (124007.005.000) 05/30 14:42:23 Image size of job updated: 16067876
	12698  -  MemoryUsage of job (MB)
	13001808  -  ResidentSetSize of job (KB)
...
006 (124007.005.000) 05/30 14:47:23 Image size of job updated: 16146224
	12774  -  MemoryUsage of job (MB)
	13080156  -  ResidentSetSize of job (KB)
...
006 (124007.005.000) 05/30 14:49:12 Image size of job updated: 16178840
	12774  -  MemoryUsage of job (MB)
	13080156  -  ResidentSetSize of job (KB)
...
005 (124007.005.000) 05/30 14:49:12 Job terminated.
	(1) Normal termination (return value 0)
		Usr 0 00:31:38, Sys 0 00:00:15  -  Run Remote Usage
		Usr 0 00:00:00, Sys 0 00:00:00  -  Run Local Usage
		Usr 0 00:31:38, Sys 0 00:00:15  -  Total Remote Usage
		Usr 0 00:00:00, Sys 0 00:00:00  -  Total Local Usage
	0  -  Run Bytes Sent By Job
	0  -  Run Bytes Received By Job
	0  -  Total Bytes Sent By Job
	0  -  Total Bytes Received By Job
	Partitionable Resources :    Usage  Request          
	   Cpus                 :                 1          
	   Disk (KB)            :        2        2          
	   Memory (MB)          :    12774     8192          
...
