000 (124001.006.000) 05/30 14:07:59 Job submitted from host: <192.168.100.49:39849>
...
001 (124001.006.000) 05/30 14:11:32 Job executing on host: <192.168.100.69:43998>
...
006 (124001.006.000) 05/30 14:11:42 Image size of job updated: 2
	3  -  MemoryUsage of job (MB)
	2100  -  ResidentSetSize of job (KB)
...
010 (124001.006.000) 05/30 14:13:40 Job was suspended.
	Number of processes actually suspended: 10
...
006 (124001.006.000) 05/30 14:13:40 Image size of job updated: 4226360
	1019  -  MemoryUsage of job (MB)
	1043384  -  ResidentSetSize of job (KB)
...
011 (124001.006.000) 05/30 14:14:00 Job was unsuspended.
...
004 (124001.006.000) 05/30 14:31:28 Job was evicted.
	(0) Job was not checkpointed.
		Usr 0 00:00:06, Sys 0 00:00:01  -  Run Remote Usage
		Usr 0 00:00:00, Sys 0 00:00:00  -  Run Local Usage
	0  -  Run Bytes Sent By Job
	0  -  Run Bytes Received By Job
	Partitionable Resources :    Usage  Request          
	   Cpus                 :                 1          
	   Disk (KB)            :        2        2          
	   Memory (MB)          :     1019     1024          
...
009 (124001.006.000) 05/30 14:31:28 Job was aborted by the user.
	via condor_rm (by user cjaja)
...
000 (124007.006.000) 05/30 14:31:41 Job submitted from host: <192.168.100.49:39849>
...
001 (124007.006.000) 05/30 14:32:14 Job executing on host: <192.168.100.55:36799>
...
006 (124007.006.000) 05/30 14:32:23 Image size of job updated: 197796
	7  -  MemoryUsage of job (MB)
	6524  -  ResidentSetSize of job (KB)
...
006 (124007.006.000) 05/30 14:33:19 Image size of job updated: 10960576
	7  -  MemoryUsage of job (MB)
	6524  -  ResidentSetSize of job (KB)
...
005 (124007.006.000) 05/30 14:33:19 Job terminated.
	(1) Normal termination (return value 0)
		Usr 0 00:02:27, Sys 0 00:00:08  -  Run Remote Usage
		Usr 0 00:00:00, Sys 0 00:00:00  -  Run Local Usage
		Usr 0 00:02:27, Sys 0 00:00:08  -  Total Remote Usage
		Usr 0 00:00:00, Sys 0 00:00:00  -  Total Local Usage
	0  -  Run Bytes Sent By Job
	0  -  Run Bytes Received By Job
	0  -  Total Bytes Sent By Job
	0  -  Total Bytes Received By Job
	Partitionable Resources :    Usage  Request          
	   Cpus                 :                 1          
	   Disk (KB)            :        2        2          
	   Memory (MB)          :        7     8192          
...
000 (124009.001.000) 05/30 15:04:53 Job submitted from host: <192.168.100.49:39849>
...
001 (124009.001.000) 05/30 15:05:02 Job executing on host: <192.168.100.51:39141>
...
006 (124009.001.000) 05/30 15:05:10 Image size of job updated: 2
	3  -  MemoryUsage of job (MB)
	2100  -  ResidentSetSize of job (KB)
...
006 (124009.001.000) 05/30 15:10:10 Image size of job updated: 16047684
	12620  -  MemoryUsage of job (MB)
	12922756  -  ResidentSetSize of job (KB)
...
006 (124009.001.000) 05/30 15:14:16 Image size of job updated: 16186440
	12620  -  MemoryUsage of job (MB)
	12922756  -  ResidentSetSize of job (KB)
...
005 (124009.001.000) 05/30 15:14:16 Job terminated.
	(1) Normal termination (return value 0)
		Usr 0 00:31:16, Sys 0 00:00:15  -  Run Remote Usage
		Usr 0 00:00:00, Sys 0 00:00:00  -  Run Local Usage
		Usr 0 00:31:16, Sys 0 00:00:15  -  Total Remote Usage
		Usr 0 00:00:00, Sys 0 00:00:00  -  Total Local Usage
	0  -  Run Bytes Sent By Job
	0  -  Run Bytes Received By Job
	0  -  Total Bytes Sent By Job
	0  -  Total Bytes Received By Job
	Partitionable Resources :    Usage  Request          
	   Cpus                 :                 1          
	   Disk (KB)            :        2        2          
	   Memory (MB)          :    12620     8192          
...
