000 (124001.008.000) 05/30 14:07:59 Job submitted from host: <192.168.100.49:39849>
...
001 (124001.008.000) 05/30 14:12:00 Job executing on host: <192.168.100.69:43998>
...
006 (124001.008.000) 05/30 14:12:01 Image size of job updated: 389216
	0  -  MemoryUsage of job (MB)
	0  -  ResidentSetSize of job (KB)
...
005 (124001.008.000) 05/30 14:12:01 Job terminated.
	(1) Normal termination (return value 1)
		Usr 0 00:00:00, Sys 0 00:00:00  -  Run Remote Usage
		Usr 0 00:00:00, Sys 0 00:00:00  -  Run Local Usage
		Usr 0 00:00:00, Sys 0 00:00:00  -  Total Remote Usage
		Usr 0 00:00:00, Sys 0 00:00:00  -  Total Local Usage
	0  -  Run Bytes Sent By Job
	0  -  Run Bytes Received By Job
	0  -  Total Bytes Sent By Job
	0  -  Total Bytes Received By Job
	Partitionable Resources :    Usage  Request          
	   Cpus                 :                 1          
	   Disk (KB)            :        2        2          
	   Memory (MB)          :        0     1024          
...
000 (124007.008.000) 05/30 14:31:41 Job submitted from host: <192.168.100.49:39849>
...
001 (124007.008.000) 05/30 14:32:15 Job executing on host: <192.168.100.51:39141>
...
006 (124007.008.000) 05/30 14:32:23 Image size of job updated: 3721548
	616  -  MemoryUsage of job (MB)
	630464  -  ResidentSetSize of job (KB)
...
006 (124007.008.000) 05/30 14:37:23 Image size of job updated: 15917148
	12550  -  MemoryUsage of job (MB)
	12850636  -  ResidentSetSize of job (KB)
...
006 (124007.008.000) 05/30 14:42:23 Image size of job updated: 16005044
	12637  -  MemoryUsage of job (MB)
	12939364  -  ResidentSetSize of job (KB)
...
006 (124007.008.000) 05/30 14:47:23 Image size of job updated: 16091692
	12721  -  MemoryUsage of job (MB)
	13026192  -  ResidentSetSize of job (KB)
...
006 (124007.008.000) 05/30 14:49:17 Image size of job updated: 16127032
	12721  -  MemoryUsage of job (MB)
	13026192  -  ResidentSetSize of job (KB)
...
005 (124007.008.000) 05/30 14:49:17 Job terminated.
	(1) Normal termination (return value 0)
		Usr 0 00:31:13, Sys 0 00:00:14  -  Run Remote Usage
		Usr 0 00:00:00, Sys 0 00:00:00  -  Run Local Usage
		Usr 0 00:31:13, Sys 0 00:00:14  -  Total Remote Usage
		Usr 0 00:00:00, Sys 0 00:00:00  -  Total Local Usage
	0  -  Run Bytes Sent By Job
	0  -  Run Bytes Received By Job
	0  -  Total Bytes Sent By Job
	0  -  Total Bytes Received By Job
	Partitionable Resources :    Usage  Request          
	   Cpus                 :                 1          
	   Disk (KB)            :        2        2          
	   Memory (MB)          :    12721     8192          
...
