000 (129576.000.000) 05/26 14:24:53 Job submitted from host: <192.168.100.50:50435>
...
001 (129576.000.000) 05/26 14:24:55 Job executing on host: <192.168.100.51:39141>
...
006 (129576.000.000) 05/26 14:24:55 Image size of job updated: 12500
	0  -  MemoryUsage of job (MB)
	0  -  ResidentSetSize of job (KB)
...
005 (129576.000.000) 05/26 14:24:55 Job terminated.
	(1) Normal termination (return value 255)
		Usr 0 00:00:00, Sys 0 00:00:00  -  Run Remote Usage
		Usr 0 00:00:00, Sys 0 00:00:00  -  Run Local Usage
		Usr 0 00:00:00, Sys 0 00:00:00  -  Total Remote Usage
		Usr 0 00:00:00, Sys 0 00:00:00  -  Total Local Usage
	0  -  Run Bytes Sent By Job
	0  -  Run Bytes Received By Job
	0  -  Total Bytes Sent By Job
	0  -  Total Bytes Received By Job
	Partitionable Resources :    Usage  Request          
	   Cpus                 :                 1          
	   Disk (KB)            :    12500    12500          
	   Memory (MB)          :        0     2048          
...
000 (129577.000.000) 05/26 14:29:33 Job submitted from host: <192.168.100.50:50435>
...
001 (129577.000.000) 05/26 14:29:45 Job executing on host: <192.168.100.51:39141>
...
006 (129577.000.000) 05/26 14:29:54 Image size of job updated: 95748
	56  -  MemoryUsage of job (MB)
	57172  -  ResidentSetSize of job (KB)
...
005 (129577.000.000) 05/26 14:32:21 Job terminated.
	(1) Normal termination (return value 0)
		Usr 0 00:02:06, Sys 0 00:00:05  -  Run Remote Usage
		Usr 0 00:00:00, Sys 0 00:00:00  -  Run Local Usage
		Usr 0 00:02:06, Sys 0 00:00:05  -  Total Remote Usage
		Usr 0 00:00:00, Sys 0 00:00:00  -  Total Local Usage
	0  -  Run Bytes Sent By Job
	0  -  Run Bytes Received By Job
	0  -  Total Bytes Sent By Job
	0  -  Total Bytes Received By Job
	Partitionable Resources :    Usage  Request          
	   Cpus                 :                 1          
	   Disk (KB)            :    12500    12500          
	   Memory (MB)          :       56     2048          
...
000 (129581.000.000) 05/26 16:07:31 Job submitted from host: <192.168.100.50:50435>
...
001 (129581.000.000) 05/26 16:07:35 Job executing on host: <192.168.100.51:39141>
...
006 (129581.000.000) 05/26 16:07:43 Image size of job updated: 12500
	3  -  MemoryUsage of job (MB)
	2072  -  ResidentSetSize of job (KB)
...
006 (129581.000.000) 05/26 16:12:43 Image size of job updated: 898888
	770  -  MemoryUsage of job (MB)
	787988  -  ResidentSetSize of job (KB)
...
006 (129581.000.000) 05/26 16:17:44 Image size of job updated: 1903308
	1620  -  MemoryUsage of job (MB)
	1658352  -  ResidentSetSize of job (KB)
...
006 (129581.000.000) 05/26 16:21:46 Image size of job updated: 2165452
	1620  -  MemoryUsage of job (MB)
	1658352  -  ResidentSetSize of job (KB)
...
005 (129581.000.000) 05/26 16:21:46 Job terminated.
	(1) Normal termination (return value 0)
		Usr 0 00:10:51, Sys 0 00:02:59  -  Run Remote Usage
		Usr 0 00:00:00, Sys 0 00:00:00  -  Run Local Usage
		Usr 0 00:10:51, Sys 0 00:02:59  -  Total Remote Usage
		Usr 0 00:00:00, Sys 0 00:00:00  -  Total Local Usage
	0  -  Run Bytes Sent By Job
	0  -  Run Bytes Received By Job
	0  -  Total Bytes Sent By Job
	0  -  Total Bytes Received By Job
	Partitionable Resources :    Usage  Request          
	   Cpus                 :                 1          
	   Disk (KB)            :    12500    12500          
	   Memory (MB)          :     1620     2048          
...
