0:00: Created repository /home2/cjaja/classwork/spring-2014/ling573/question-answering/src/indexes/AQUAINT-2/porter.stoplist
0:00: Opened /corpora/LDC/LDC08T25/data/afp_eng/afp_eng_200508.xml
0:01: Documents parsed: 0 Documents indexed: 00:01: 
0:01: Closed /corpora/LDC/LDC08T25/data/afp_eng/afp_eng_200508.xml
0:01: Opened /corpora/LDC/LDC08T25/data/afp_eng/a2_newswire_xml.dtd
0:01: Documents parsed: 0 Documents indexed: 00:01: 
0:01: Closed /corpora/LDC/LDC08T25/data/afp_eng/a2_newswire_xml.dtd
0:02: Opened /corpora/LDC/LDC08T25/data/afp_eng/afp_eng_200501.xml
0:04: Documents parsed: 0 Documents indexed: 00:04: 
0:04: Closed /corpora/LDC/LDC08T25/data/afp_eng/afp_eng_200501.xml
0:04: Opened /corpora/LDC/LDC08T25/data/afp_eng/afp_eng_200503.xml
0:06: Documents parsed: 0 Documents indexed: 00:06: 
0:06: Closed /corpora/LDC/LDC08T25/data/afp_eng/afp_eng_200503.xml
0:07: Opened /corpora/LDC/LDC08T25/data/afp_eng/afp_eng_200603.xml
0:09: Documents parsed: 0 Documents indexed: 00:09: 
0:09: Closed /corpora/LDC/LDC08T25/data/afp_eng/afp_eng_200603.xml
0:09: Opened /corpora/LDC/LDC08T25/data/afp_eng/afp_eng_200601.xml
0:11: Documents parsed: 0 Documents indexed: 00:11: 
0:11: Closed /corpora/LDC/LDC08T25/data/afp_eng/afp_eng_200601.xml
0:11: Opened /corpora/LDC/LDC08T25/data/afp_eng/afp_eng_200512.xml
0:12: Documents parsed: 0 Documents indexed: 00:12: 
0:12: Closed /corpora/LDC/LDC08T25/data/afp_eng/afp_eng_200512.xml
0:12: Opened /corpora/LDC/LDC08T25/data/afp_eng/afp_eng_200505.xml
0:15: Documents parsed: 0 Documents indexed: 00:15: 
0:15: Closed /corpora/LDC/LDC08T25/data/afp_eng/afp_eng_200505.xml
0:15: Opened /corpora/LDC/LDC08T25/data/afp_eng/afp_eng_200509.xml
0:17: Documents parsed: 0 Documents indexed: 00:17: 
0:17: Closed /corpora/LDC/LDC08T25/data/afp_eng/afp_eng_200509.xml
0:17: Opened /corpora/LDC/LDC08T25/data/afp_eng/afp_eng_200410.xml
0:20: Documents parsed: 0 Documents indexed: 00:20: 
0:20: Closed /corpora/LDC/LDC08T25/data/afp_eng/afp_eng_200410.xml
0:20: Opened /corpora/LDC/LDC08T25/data/afp_eng/afp_eng_200602.xml
0:22: Documents parsed: 0 Documents indexed: 00:22: 
0:22: Closed /corpora/LDC/LDC08T25/data/afp_eng/afp_eng_200602.xml
0:22: Opened /corpora/LDC/LDC08T25/data/afp_eng/afp_eng_200504.xml
0:23: Documents parsed: 0 Documents indexed: 00:23: 
0:23: Closed /corpora/LDC/LDC08T25/data/afp_eng/afp_eng_200504.xml
0:23: Opened /corpora/LDC/LDC08T25/data/afp_eng/afp_eng_200411.xml
0:25: Documents parsed: 0 Documents indexed: 00:25: 
0:25: Closed /corpora/LDC/LDC08T25/data/afp_eng/afp_eng_200411.xml
0:25: Opened /corpora/LDC/LDC08T25/data/afp_eng/afp_eng_200412.xml
0:27: Documents parsed: 0 Documents indexed: 00:27: 
0:27: Closed /corpora/LDC/LDC08T25/data/afp_eng/afp_eng_200412.xml
0:27: Opened /corpora/LDC/LDC08T25/data/afp_eng/afp_eng_200502.xml
0:31: Documents parsed: 0 Documents indexed: 00:31: 
0:31: Closed /corpora/LDC/LDC08T25/data/afp_eng/afp_eng_200502.xml
0:31: Opened /corpora/LDC/LDC08T25/data/afp_eng/afp_eng_200511.xml
0:32: Documents parsed: 0 Documents indexed: 00:32: 
0:32: Closed /corpora/LDC/LDC08T25/data/afp_eng/afp_eng_200511.xml
0:32: Opened /corpora/LDC/LDC08T25/data/afp_eng/afp_eng_200506.xml
